#
# There is insufficient memory for the Java Runtime Environment to continue.
# Native memory allocation (malloc) failed to allocate 1048576 bytes. Error detail: AllocateHeap
# Possible reasons:
#   The system is out of physical RAM or swap space
#   This process is running with CompressedOops enabled, and the Java Heap may be blocking the growth of the native heap
# Possible solutions:
#   Reduce memory load on the system
#   Increase physical memory or swap space
#   Check if swap backing store is full
#   Decrease Java heap size (-Xmx/-Xms)
#   Decrease number of Java threads
#   Decrease Java thread stack sizes (-Xss)
#   Set larger code cache with -XX:ReservedCodeCacheSize=
#   JVM is running with Zero Based Compressed Oops mode in which the Java heap is
#     placed in the first 32GB address space. The Java Heap base address is the
#     maximum limit for the native heap growth. Please use -XX:HeapBaseMinAddress
#     to set the Java Heap base and to place the Java Heap above 32GB virtual address.
# This output file may be truncated or incomplete.
#
#  Out of Memory Error (allocation.cpp:44), pid=13696, tid=45564
#
# JRE version: OpenJDK Runtime Environment Temurin-21.0.7+6 (21.0.7+6) (build 21.0.7+6-LTS)
# Java VM: OpenJDK 64-Bit Server VM Temurin-21.0.7+6 (21.0.7+6-LTS, mixed mode, sharing, tiered, compressed oops, compressed class ptrs, g1 gc, windows-amd64)
# No core dump will be written. Minidumps are not enabled by default on client versions of Windows
#

---------------  S U M M A R Y ------------

Command Line: c:\Users\ysingh6\.vscode\extensions\open-liberty.liberty-dev-vscode-ext-25.0.3\jars\org.eclipse.lsp4jakarta.ls-0.2.3-jar-with-dependencies.jar

Host: 13th Gen Intel(R) Core(TM) i7-1365U, 12 cores, 15G,  Windows 11 , 64 bit Build 22621 (10.0.22621.5262)
Time: Mon Jun  2 21:02:15 2025 India Standard Time elapsed time: 992.558244 seconds (0d 0h 16m 32s)

---------------  T H R E A D  ---------------

Current thread (0x00000296499b76f0):  VMThread "VM Thread"          [id=45564, stack(0x0000009730300000,0x0000009730400000) (1024K)]

Stack: [0x0000009730300000,0x0000009730400000]
Native frames: (J=compiled Java code, j=interpreted, Vv=VM code, C=native code)
V  [jvm.dll+0x6ce119]
V  [jvm.dll+0x8a84a1]
V  [jvm.dll+0x8aa9ce]
V  [jvm.dll+0x8ab0b3]
V  [jvm.dll+0x27f8a6]
V  [jvm.dll+0xbfba7]
V  [jvm.dll+0x346802]
V  [jvm.dll+0x34127e]
V  [jvm.dll+0x329b78]
V  [jvm.dll+0x36be04]
V  [jvm.dll+0x8b0dcf]
V  [jvm.dll+0x8b2154]
V  [jvm.dll+0x8b2690]
V  [jvm.dll+0x8b2933]
V  [jvm.dll+0x851f6b]
V  [jvm.dll+0x6cc7dd]
C  [ucrtbase.dll+0x29333]
C  [KERNEL32.DLL+0x1259d]
C  [ntdll.dll+0x5af58]

VM_Operation (0x0000009730ffef00): G1CollectFull, mode: safepoint, requested by thread 0x0000029649c2d650


---------------  P R O C E S S  ---------------

Threads class SMR info:
_java_thread_list=0x0000029649d63900, length=13, elements={
0x00000296499d9280, 0x00000296499d9fe0, 0x00000296499ddc00, 0x00000296499de650,
0x00000296499e00b0, 0x00000296499e0b00, 0x00000296499e1880, 0x00000296499e44d0,
0x0000029649b283e0, 0x0000029649b2d440, 0x0000029649c2d650, 0x0000029649def490,
0x000002962f78c430
}

Java Threads: ( => current thread )
  0x00000296499d9280 JavaThread "Reference Handler"          daemon [_thread_blocked, id=28976, stack(0x0000009730400000,0x0000009730500000) (1024K)]
  0x00000296499d9fe0 JavaThread "Finalizer"                  daemon [_thread_blocked, id=39664, stack(0x0000009730500000,0x0000009730600000) (1024K)]
  0x00000296499ddc00 JavaThread "Signal Dispatcher"          daemon [_thread_blocked, id=45700, stack(0x0000009730600000,0x0000009730700000) (1024K)]
  0x00000296499de650 JavaThread "Attach Listener"            daemon [_thread_blocked, id=23704, stack(0x0000009730700000,0x0000009730800000) (1024K)]
  0x00000296499e00b0 JavaThread "Service Thread"             daemon [_thread_blocked, id=8740, stack(0x0000009730800000,0x0000009730900000) (1024K)]
  0x00000296499e0b00 JavaThread "Monitor Deflation Thread"   daemon [_thread_blocked, id=37692, stack(0x0000009730900000,0x0000009730a00000) (1024K)]
  0x00000296499e1880 JavaThread "C2 CompilerThread0"         daemon [_thread_blocked, id=12120, stack(0x0000009730a00000,0x0000009730b00000) (1024K)]
  0x00000296499e44d0 JavaThread "C1 CompilerThread0"         daemon [_thread_blocked, id=42712, stack(0x0000009730b00000,0x0000009730c00000) (1024K)]
  0x0000029649b283e0 JavaThread "Notification Thread"        daemon [_thread_blocked, id=34244, stack(0x0000009730c00000,0x0000009730d00000) (1024K)]
  0x0000029649b2d440 JavaThread "Common-Cleaner"             daemon [_thread_blocked, id=17160, stack(0x0000009730d00000,0x0000009730e00000) (1024K)]
  0x0000029649c2d650 JavaThread "pool-2-thread-1"                   [_thread_blocked, id=380, stack(0x0000009730f00000,0x0000009731000000) (1024K)]
  0x0000029649def490 JavaThread "pool-3-thread-1"                   [_thread_in_native, id=10052, stack(0x0000009731000000,0x0000009731100000) (1024K)]
  0x000002962f78c430 JavaThread "DestroyJavaVM"                     [_thread_blocked, id=41032, stack(0x000000972fc00000,0x000000972fd00000) (1024K)]
Total: 13

Other Threads:
=>0x00000296499b76f0 VMThread "VM Thread"                           [id=45564, stack(0x0000009730300000,0x0000009730400000) (1024K)]
  0x00000296499a6930 WatcherThread "VM Periodic Task Thread"        [id=42800, stack(0x0000009730200000,0x0000009730300000) (1024K)]
  0x000002962f7f5750 WorkerThread "GC Thread#0"                     [id=39256, stack(0x000000972fd00000,0x000000972fe00000) (1024K)]
  0x000002968f2beb20 WorkerThread "GC Thread#1"                     [id=38788, stack(0x0000009730e00000,0x0000009730f00000) (1024K)]
  0x0000029649d62e10 WorkerThread "GC Thread#2"                     [id=42156, stack(0x0000009731700000,0x0000009731800000) (1024K)]
  0x0000029649d631b0 WorkerThread "GC Thread#3"                     [id=15868, stack(0x0000009731800000,0x0000009731900000) (1024K)]
  0x0000029649d63960 WorkerThread "GC Thread#4"                     [id=41312, stack(0x0000009731900000,0x0000009731a00000) (1024K)]
  0x0000029649d63d00 WorkerThread "GC Thread#5"                     [id=40916, stack(0x0000009731a00000,0x0000009731b00000) (1024K)]
  0x000002968f0c34b0 WorkerThread "GC Thread#6"                     [id=39460, stack(0x0000009731b00000,0x0000009731c00000) (1024K)]
  0x000002968f0c3850 WorkerThread "GC Thread#7"                     [id=27140, stack(0x0000009731c00000,0x0000009731d00000) (1024K)]
  0x0000029649d71e10 WorkerThread "GC Thread#8"                     [id=46392, stack(0x000000972f900000,0x000000972fa00000) (1024K)]
  0x000002962f806140 ConcurrentGCThread "G1 Main Marker"            [id=5320, stack(0x000000972fe00000,0x000000972ff00000) (1024K)]
  0x000002962f806b40 WorkerThread "G1 Conc#0"                       [id=29316, stack(0x000000972ff00000,0x0000009730000000) (1024K)]
  0x000002964987a450 ConcurrentGCThread "G1 Refine#0"               [id=29392, stack(0x0000009730000000,0x0000009730100000) (1024K)]
  0x000002964987b9f0 ConcurrentGCThread "G1 Service"                [id=18908, stack(0x0000009730100000,0x0000009730200000) (1024K)]
Total: 15

Threads with active compile tasks:
Total: 0

VM state: at safepoint (normal execution)

VM Mutex/Monitor currently owned by a thread:  ([mutex/lock_event])
[0x00007ff96174e308] Threads_lock - owner thread: 0x00000296499b76f0
[0x00007ff96174e408] Heap_lock - owner thread: 0x0000029649c2d650

Heap address: 0x0000000704e00000, size: 4018 MB, Compressed Oops mode: Zero based, Oop shift amount: 3

CDS archive(s) mapped at: [0x000002964a000000-0x000002964aba0000-0x000002964aba0000), size 12189696, SharedBaseAddress: 0x000002964a000000, ArchiveRelocationMode: 1.
Compressed class space mapped at: 0x000002964b000000-0x000002968b000000, reserved size: 1073741824
Narrow klass base: 0x000002964a000000, Narrow klass shift: 0, Narrow klass range: 0x100000000

GC Precious Log:
 CardTable entry size: 512
 Card Set container configuration: InlinePtr #cards 4 size 8 Array Of Cards #cards 16 size 48 Howl #buckets 8 coarsen threshold 3686 Howl Bitmap #cards 512 size 80 coarsen threshold 460 Card regions per heap region 1 cards per card region 4096
 CPUs: 12 total, 12 available
 Memory: 16068M
 Large Page Support: Disabled
 NUMA Support: Disabled
 Compressed Oops: Enabled (Zero based)
 Heap Region Size: 2M
 Heap Min Capacity: 8M
 Heap Initial Capacity: 252M
 Heap Max Capacity: 4018M
 Pre-touch: Disabled
 Parallel Workers: 10
 Concurrent Workers: 3
 Concurrent Refinement Workers: 10
 Periodic GC: Disabled

Heap:
 garbage-first heap   total 14336K, used 3741K [0x0000000704e00000, 0x0000000800000000)
  region size 2048K, 1 young (2048K), 0 survivors (0K)
 Metaspace       used 5898K, committed 6144K, reserved 1114112K
  class space    used 681K, committed 832K, reserved 1048576K

Heap Regions: E=young(eden), S=young(survivor), O=old, HS=humongous(starts), HC=humongous(continues), CS=collection set, F=free, TAMS=top-at-mark-start, PB=parsable bottom
|   0|0x0000000704e00000, 0x0000000705000000, 0x0000000705000000|100%| O|  |TAMS 0x0000000704e00000| PB 0x0000000704e00000| Untracked 
|   1|0x0000000705000000, 0x00000007051a74a0, 0x0000000705200000| 82%| O|  |TAMS 0x0000000705000000| PB 0x0000000705000000| Untracked 
|   2|0x0000000705200000, 0x0000000705200000, 0x0000000705400000|  0%| F|  |TAMS 0x0000000705200000| PB 0x0000000705200000| Untracked 
|   3|0x0000000705400000, 0x0000000705400000, 0x0000000705600000|  0%| F|  |TAMS 0x0000000705400000| PB 0x0000000705400000| Untracked 
|   4|0x0000000705600000, 0x0000000705600000, 0x0000000705800000|  0%| F|  |TAMS 0x0000000705600000| PB 0x0000000705600000| Untracked 
|   5|0x0000000705800000, 0x0000000705800000, 0x0000000705a00000|  0%| F|  |TAMS 0x0000000705800000| PB 0x0000000705800000| Untracked 
|   6|0x0000000705a00000, 0x0000000705a1ebc8, 0x0000000705c00000|  6%| E|  |TAMS 0x0000000705a00000| PB 0x0000000705a00000| Complete 

Card table byte_map: [0x00000296426a0000,0x0000029642e80000] _byte_map_base: 0x000002963ee79000

Marking Bits: (CMBitMap*) 0x000002962f7f5d50
 Bits: [0x0000029642e80000, 0x0000029646d48000)

Polling page: 0x000002962d4f0000

Metaspace:

Usage:
  Non-class:      5.10 MB used.
      Class:    681.47 KB used.
       Both:      5.76 MB used.

Virtual space:
  Non-class space:       64.00 MB reserved,       5.19 MB (  8%) committed,  1 nodes.
      Class space:        1.00 GB reserved,     832.00 KB ( <1%) committed,  1 nodes.
             Both:        1.06 GB reserved,       6.00 MB ( <1%) committed. 

Chunk freelists:
   Non-Class:  9.64 MB
       Class:  15.05 MB
        Both:  24.69 MB

MaxMetaspaceSize: unlimited
CompressedClassSpaceSize: 1.00 GB
Initial GC threshold: 21.00 MB
Current GC threshold: 21.00 MB
CDS: on
 - commit_granule_bytes: 65536.
 - commit_granule_words: 8192.
 - virtual_space_node_default_size: 8388608.
 - enlarge_chunks_in_place: 1.
 - use_allocation_guard: 0.


Internal statistics:

num_allocs_failed_limit: 0.
num_arena_births: 168.
num_arena_deaths: 2.
num_vsnodes_births: 2.
num_vsnodes_deaths: 0.
num_space_committed: 96.
num_space_uncommitted: 0.
num_chunks_returned_to_freelist: 3.
num_chunks_taken_from_freelist: 322.
num_chunk_merges: 0.
num_chunk_splits: 200.
num_chunks_enlarged: 130.
num_inconsistent_stats: 0.

CodeHeap 'non-profiled nmethods': size=120000Kb used=407Kb max_used=426Kb free=119592Kb
 bounds [0x000002963a440000, 0x000002963a6b0000, 0x0000029641970000]
CodeHeap 'profiled nmethods': size=120000Kb used=2182Kb max_used=2339Kb free=117817Kb
 bounds [0x0000029632970000, 0x0000029632be0000, 0x0000029639ea0000]
CodeHeap 'non-nmethods': size=5760Kb used=1364Kb max_used=1380Kb free=4395Kb
 bounds [0x0000029639ea0000, 0x000002963a110000, 0x000002963a440000]
 total_blobs=1755 nmethods=1288 adapters=372
 compilation: enabled
              stopped_count=0, restarted_count=0
 full_count=0

Compilation events (20 events):
Event: 970.462 Thread 0x00000296499e44d0 1424  s    3       java.io.FileDescriptor::close (9 bytes)
Event: 970.463 Thread 0x00000296499e44d0 nmethod 1424 0x000002963298d790 code [0x000002963298d960, 0x000002963298dde8]
Event: 970.466 Thread 0x00000296499e44d0 1425       3       jdk.internal.ref.PhantomCleanable::clear (12 bytes)
Event: 970.492 Thread 0x00000296499e44d0 nmethod 1425 0x0000029632b16d10 code [0x0000029632b16ee0, 0x0000029632b170f0]
Event: 980.495 Thread 0x00000296499e44d0 1426       3       java.util.concurrent.locks.AbstractQueuedSynchronizer$Node::getAndUnsetStatus (14 bytes)
Event: 980.496 Thread 0x00000296499e44d0 nmethod 1426 0x0000029632a39c90 code [0x0000029632a39e60, 0x0000029632a3a100]
Event: 980.496 Thread 0x00000296499e44d0 1427       3       jdk.internal.misc.Unsafe::getAndBitwiseAndInt (27 bytes)
Event: 980.496 Thread 0x00000296499e44d0 nmethod 1427 0x000002963298d290 code [0x000002963298d440, 0x000002963298d670]
Event: 981.985 Thread 0x00000296499e44d0 1428       3       java.util.concurrent.ThreadPoolExecutor::isShutdown (12 bytes)
Event: 981.985 Thread 0x00000296499e44d0 nmethod 1428 0x0000029632b26390 code [0x0000029632b26540, 0x0000029632b26720]
Event: 981.985 Thread 0x00000296499e44d0 1429       3       java.util.concurrent.ScheduledThreadPoolExecutor::canRunInCurrentRunState (61 bytes)
Event: 981.986 Thread 0x00000296499e44d0 nmethod 1429 0x0000029632b7d790 code [0x0000029632b7d9a0, 0x0000029632b7e158]
Event: 992.331 Thread 0x00000296499e44d0 1430       3       java.io.FileDescriptor$1::setHandle (6 bytes)
Event: 992.332 Thread 0x00000296499e44d0 nmethod 1430 0x000002963298cb10 code [0x000002963298ccc0, 0x000002963298cfb0]
Event: 992.332 Thread 0x00000296499e44d0 1431       3       java.io.FileDescriptor::setHandle (33 bytes)
Event: 992.332 Thread 0x00000296499e44d0 nmethod 1431 0x0000029632b7d290 code [0x0000029632b7d440, 0x0000029632b7d6c8]
Event: 992.332 Thread 0x00000296499e44d0 1432       3       java.io.FileDescriptor$1::registerCleanup (5 bytes)
Event: 992.332 Thread 0x00000296499e44d0 nmethod 1432 0x00000296329ac610 code [0x00000296329ac7c0, 0x00000296329ac8f8]
Event: 992.549 Thread 0x00000296499e44d0 1433   !   3       com.google.common.io.Closeables::close (37 bytes)
Event: 992.550 Thread 0x00000296499e44d0 nmethod 1433 0x00000296329b7290 code [0x00000296329b7480, 0x00000296329b78c8]

GC Heap History (20 events):
Event: 877.581 GC heap after
{Heap after GC invocations=76 (full 76):
 garbage-first heap   total 14336K, used 3673K [0x0000000704e00000, 0x0000000800000000)
  region size 2048K, 0 young (0K), 0 survivors (0K)
 Metaspace       used 5739K, committed 6016K, reserved 1114112K
  class space    used 660K, committed 768K, reserved 1048576K
}
Event: 889.648 GC heap before
{Heap before GC invocations=76 (full 76):
 garbage-first heap   total 14336K, used 3673K [0x0000000704e00000, 0x0000000800000000)
  region size 2048K, 1 young (2048K), 0 survivors (0K)
 Metaspace       used 5739K, committed 6016K, reserved 1114112K
  class space    used 660K, committed 768K, reserved 1048576K
}
Event: 889.659 GC heap after
{Heap after GC invocations=77 (full 77):
 garbage-first heap   total 14336K, used 3673K [0x0000000704e00000, 0x0000000800000000)
  region size 2048K, 0 young (0K), 0 survivors (0K)
 Metaspace       used 5739K, committed 6016K, reserved 1114112K
  class space    used 660K, committed 768K, reserved 1048576K
}
Event: 900.935 GC heap before
{Heap before GC invocations=77 (full 77):
 garbage-first heap   total 14336K, used 3673K [0x0000000704e00000, 0x0000000800000000)
  region size 2048K, 1 young (2048K), 0 survivors (0K)
 Metaspace       used 5739K, committed 6016K, reserved 1114112K
  class space    used 660K, committed 768K, reserved 1048576K
}
Event: 900.947 GC heap after
{Heap after GC invocations=78 (full 78):
 garbage-first heap   total 14336K, used 3673K [0x0000000704e00000, 0x0000000800000000)
  region size 2048K, 0 young (0K), 0 survivors (0K)
 Metaspace       used 5739K, committed 6016K, reserved 1114112K
  class space    used 660K, committed 768K, reserved 1048576K
}
Event: 911.720 GC heap before
{Heap before GC invocations=78 (full 78):
 garbage-first heap   total 14336K, used 3673K [0x0000000704e00000, 0x0000000800000000)
  region size 2048K, 1 young (2048K), 0 survivors (0K)
 Metaspace       used 5739K, committed 6016K, reserved 1114112K
  class space    used 660K, committed 768K, reserved 1048576K
}
Event: 911.733 GC heap after
{Heap after GC invocations=79 (full 79):
 garbage-first heap   total 14336K, used 3673K [0x0000000704e00000, 0x0000000800000000)
  region size 2048K, 0 young (0K), 0 survivors (0K)
 Metaspace       used 5739K, committed 6016K, reserved 1114112K
  class space    used 660K, committed 768K, reserved 1048576K
}
Event: 922.644 GC heap before
{Heap before GC invocations=79 (full 79):
 garbage-first heap   total 14336K, used 3673K [0x0000000704e00000, 0x0000000800000000)
  region size 2048K, 1 young (2048K), 0 survivors (0K)
 Metaspace       used 5739K, committed 6016K, reserved 1114112K
  class space    used 660K, committed 768K, reserved 1048576K
}
Event: 922.656 GC heap after
{Heap after GC invocations=80 (full 80):
 garbage-first heap   total 14336K, used 3673K [0x0000000704e00000, 0x0000000800000000)
  region size 2048K, 0 young (0K), 0 survivors (0K)
 Metaspace       used 5739K, committed 6016K, reserved 1114112K
  class space    used 660K, committed 768K, reserved 1048576K
}
Event: 933.687 GC heap before
{Heap before GC invocations=80 (full 80):
 garbage-first heap   total 14336K, used 3673K [0x0000000704e00000, 0x0000000800000000)
  region size 2048K, 1 young (2048K), 0 survivors (0K)
 Metaspace       used 5739K, committed 6016K, reserved 1114112K
  class space    used 660K, committed 768K, reserved 1048576K
}
Event: 933.701 GC heap after
{Heap after GC invocations=81 (full 81):
 garbage-first heap   total 14336K, used 3673K [0x0000000704e00000, 0x0000000800000000)
  region size 2048K, 0 young (0K), 0 survivors (0K)
 Metaspace       used 5739K, committed 6016K, reserved 1114112K
  class space    used 660K, committed 768K, reserved 1048576K
}
Event: 945.929 GC heap before
{Heap before GC invocations=81 (full 81):
 garbage-first heap   total 14336K, used 3673K [0x0000000704e00000, 0x0000000800000000)
  region size 2048K, 1 young (2048K), 0 survivors (0K)
 Metaspace       used 5739K, committed 6016K, reserved 1114112K
  class space    used 660K, committed 768K, reserved 1048576K
}
Event: 945.940 GC heap after
{Heap after GC invocations=82 (full 82):
 garbage-first heap   total 14336K, used 3673K [0x0000000704e00000, 0x0000000800000000)
  region size 2048K, 0 young (0K), 0 survivors (0K)
 Metaspace       used 5739K, committed 6016K, reserved 1114112K
  class space    used 660K, committed 768K, reserved 1048576K
}
Event: 958.446 GC heap before
{Heap before GC invocations=82 (full 82):
 garbage-first heap   total 14336K, used 3673K [0x0000000704e00000, 0x0000000800000000)
  region size 2048K, 1 young (2048K), 0 survivors (0K)
 Metaspace       used 5887K, committed 6144K, reserved 1114112K
  class space    used 681K, committed 832K, reserved 1048576K
}
Event: 958.461 GC heap after
{Heap after GC invocations=83 (full 83):
 garbage-first heap   total 14336K, used 3741K [0x0000000704e00000, 0x0000000800000000)
  region size 2048K, 0 young (0K), 0 survivors (0K)
 Metaspace       used 5887K, committed 6144K, reserved 1114112K
  class space    used 681K, committed 832K, reserved 1048576K
}
Event: 970.466 GC heap before
{Heap before GC invocations=83 (full 83):
 garbage-first heap   total 14336K, used 3741K [0x0000000704e00000, 0x0000000800000000)
  region size 2048K, 1 young (2048K), 0 survivors (0K)
 Metaspace       used 5893K, committed 6144K, reserved 1114112K
  class space    used 681K, committed 832K, reserved 1048576K
}
Event: 970.492 GC heap after
{Heap after GC invocations=84 (full 84):
 garbage-first heap   total 14336K, used 3741K [0x0000000704e00000, 0x0000000800000000)
  region size 2048K, 0 young (0K), 0 survivors (0K)
 Metaspace       used 5893K, committed 6144K, reserved 1114112K
  class space    used 681K, committed 832K, reserved 1048576K
}
Event: 981.955 GC heap before
{Heap before GC invocations=84 (full 84):
 garbage-first heap   total 14336K, used 3741K [0x0000000704e00000, 0x0000000800000000)
  region size 2048K, 1 young (2048K), 0 survivors (0K)
 Metaspace       used 5894K, committed 6144K, reserved 1114112K
  class space    used 681K, committed 832K, reserved 1048576K
}
Event: 981.984 GC heap after
{Heap after GC invocations=85 (full 85):
 garbage-first heap   total 14336K, used 3741K [0x0000000704e00000, 0x0000000800000000)
  region size 2048K, 0 young (0K), 0 survivors (0K)
 Metaspace       used 5894K, committed 6144K, reserved 1114112K
  class space    used 681K, committed 832K, reserved 1048576K
}
Event: 992.550 GC heap before
{Heap before GC invocations=85 (full 85):
 garbage-first heap   total 14336K, used 3741K [0x0000000704e00000, 0x0000000800000000)
  region size 2048K, 1 young (2048K), 0 survivors (0K)
 Metaspace       used 5898K, committed 6144K, reserved 1114112K
  class space    used 681K, committed 832K, reserved 1048576K
}

Dll operation events (6 events):
Event: 0.145 Loaded shared library c:\Users\ysingh6\.vscode\extensions\redhat.java-1.42.0-win32-x64\jre\21.0.7-win32-x86_64\bin\java.dll
Event: 0.216 Loaded shared library C:\Users\ysingh6\.vscode\extensions\redhat.java-1.42.0-win32-x64\jre\21.0.7-win32-x86_64\bin\net.dll
Event: 0.221 Loaded shared library C:\Users\ysingh6\.vscode\extensions\redhat.java-1.42.0-win32-x64\jre\21.0.7-win32-x86_64\bin\nio.dll
Event: 0.230 Loaded shared library C:\Users\ysingh6\.vscode\extensions\redhat.java-1.42.0-win32-x64\jre\21.0.7-win32-x86_64\bin\zip.dll
Event: 0.240 Loaded shared library c:\Users\ysingh6\.vscode\extensions\redhat.java-1.42.0-win32-x64\jre\21.0.7-win32-x86_64\bin\zip.dll
Event: 0.256 Loaded shared library C:\Users\ysingh6\.vscode\extensions\redhat.java-1.42.0-win32-x64\jre\21.0.7-win32-x86_64\bin\jimage.dll

Deoptimization events (20 events):
Event: 10.460 Thread 0x0000029649c2d650 Uncommon trap: trap_request=0xffffffc6 fr.pc=0x000002963a48aa80 relative=0x0000000000000b80
Event: 10.460 Thread 0x0000029649c2d650 Uncommon trap: reason=bimorphic_or_optimized_type_check action=maybe_recompile pc=0x000002963a48aa80 method=java.util.HashMap.putVal(ILjava/lang/Object;Ljava/lang/Object;ZZ)Ljava/lang/Object; @ 56 c2
Event: 10.460 Thread 0x0000029649c2d650 DEOPT PACKING pc=0x000002963a48aa80 sp=0x0000009730ffe020
Event: 10.460 Thread 0x0000029649c2d650 DEOPT UNPACKING pc=0x0000029639ef46a2 sp=0x0000009730ffdfb8 mode 2
Event: 10.460 Thread 0x0000029649c2d650 Uncommon trap: trap_request=0xffffffc6 fr.pc=0x000002963a48aad8 relative=0x0000000000000bd8
Event: 10.460 Thread 0x0000029649c2d650 Uncommon trap: reason=bimorphic_or_optimized_type_check action=maybe_recompile pc=0x000002963a48aad8 method=java.util.HashMap.putVal(ILjava/lang/Object;Ljava/lang/Object;ZZ)Ljava/lang/Object; @ 152 c2
Event: 10.460 Thread 0x0000029649c2d650 DEOPT PACKING pc=0x000002963a48aad8 sp=0x0000009730ffe020
Event: 10.460 Thread 0x0000029649c2d650 DEOPT UNPACKING pc=0x0000029639ef46a2 sp=0x0000009730ffdfc0 mode 2
Event: 10.460 Thread 0x0000029649c2d650 Uncommon trap: trap_request=0xffffffc6 fr.pc=0x000002963a48aa80 relative=0x0000000000000b80
Event: 10.460 Thread 0x0000029649c2d650 Uncommon trap: reason=bimorphic_or_optimized_type_check action=maybe_recompile pc=0x000002963a48aa80 method=java.util.HashMap.putVal(ILjava/lang/Object;Ljava/lang/Object;ZZ)Ljava/lang/Object; @ 56 c2
Event: 10.460 Thread 0x0000029649c2d650 DEOPT PACKING pc=0x000002963a48aa80 sp=0x0000009730ffe020
Event: 10.460 Thread 0x0000029649c2d650 DEOPT UNPACKING pc=0x0000029639ef46a2 sp=0x0000009730ffdfb8 mode 2
Event: 952.360 Thread 0x0000029649def490 Uncommon trap: trap_request=0xffffff45 fr.pc=0x000002963a48083c relative=0x000000000000009c
Event: 952.360 Thread 0x0000029649def490 Uncommon trap: reason=unstable_if action=reinterpret pc=0x000002963a48083c method=java.lang.ref.ReferenceQueue.headIsNull()Z @ 4 c2
Event: 952.360 Thread 0x0000029649def490 DEOPT PACKING pc=0x000002963a48083c sp=0x00000097310fd380
Event: 952.360 Thread 0x0000029649def490 DEOPT UNPACKING pc=0x0000029639ef46a2 sp=0x00000097310fd240 mode 2
Event: 952.360 Thread 0x0000029649def490 Uncommon trap: trap_request=0xffffff45 fr.pc=0x000002963a4a048c relative=0x000000000000006c
Event: 952.360 Thread 0x0000029649def490 Uncommon trap: reason=unstable_if action=reinterpret pc=0x000002963a4a048c method=java.lang.ref.ReferenceQueue.headIsNull()Z @ 4 c2
Event: 952.360 Thread 0x0000029649def490 DEOPT PACKING pc=0x000002963a4a048c sp=0x00000097310fd310
Event: 952.360 Thread 0x0000029649def490 DEOPT UNPACKING pc=0x0000029639ef46a2 sp=0x00000097310fd240 mode 2

Classes loaded (20 events):
Event: 10.672 Loading class jdk/internal/logger/LazyLoggers$LazyLoggerFactories
Event: 10.673 Loading class jdk/internal/logger/LazyLoggers$LazyLoggerFactories done
Event: 10.673 Loading class jdk/internal/logger/LoggerFinderLoader
Event: 10.674 Loading class jdk/internal/logger/LoggerFinderLoader done
Event: 10.675 Loading class java/io/FilePermission$1
Event: 10.675 Loading class jdk/internal/access/JavaIOFilePermissionAccess
Event: 10.675 Loading class jdk/internal/access/JavaIOFilePermissionAccess done
Event: 10.675 Loading class java/io/FilePermission$1 done
Event: 10.676 Loading class jdk/internal/logger/LoggerFinderLoader$TemporaryLoggerFinder
Event: 10.676 Loading class jdk/internal/logger/LoggerFinderLoader$TemporaryLoggerFinder done
Event: 10.676 Loading class sun/util/logging/internal/LoggingProviderImpl$JULWrapper
Event: 10.677 Loading class sun/util/logging/internal/LoggingProviderImpl$JULWrapper done
Event: 11.660 Loading class java/io/FileOutputStream$1
Event: 11.660 Loading class java/io/FileOutputStream$1 done
Event: 952.368 Loading class java/util/concurrent/CompletableFuture$UniApply
Event: 952.368 Loading class java/util/concurrent/CompletableFuture$UniApply done
Event: 952.368 Loading class java/util/concurrent/CompletableFuture$UniAccept
Event: 952.368 Loading class java/util/concurrent/CompletableFuture$UniAccept done
Event: 952.368 Loading class java/util/concurrent/CompletableFuture$UniExceptionally
Event: 952.368 Loading class java/util/concurrent/CompletableFuture$UniExceptionally done

Classes unloaded (1 events):
Event: 11.673 Thread 0x00000296499b76f0 Unloading class 0x000002964b0a3000 'java/lang/invoke/LambdaForm$MH+0x000002964b0a3000'

Classes redefined (0 events):
No events

Internal exceptions (20 events):
Event: 0.414 Thread 0x000002962f78c430 Exception <a 'java/lang/NoSuchMethodError'{0x0000000714160b60}: 'java.lang.Object java.lang.invoke.DirectMethodHandle$Holder.newInvokeSpecial(java.lang.Object, java.lang.Object, java.lang.Object, java.lang.Object, java.lang.Object)'> (0x0000000714160b60) 
thrown [s\src\hotspot\share\interpreter\linkResolver.cpp, line 773]
Event: 0.414 Thread 0x000002962f78c430 Exception <a 'java/lang/NoSuchMethodError'{0x00000007141659f8}: 'java.lang.Object java.lang.invoke.DirectMethodHandle$Holder.invokeInterface(java.lang.Object, java.lang.Object)'> (0x00000007141659f8) 
thrown [s\src\hotspot\share\interpreter\linkResolver.cpp, line 773]
Event: 0.415 Thread 0x000002962f78c430 Exception <a 'java/lang/IncompatibleClassChangeError'{0x0000000714168d20}: Found class java.lang.Object, but interface was expected> (0x0000000714168d20) 
thrown [s\src\hotspot\share\interpreter\linkResolver.cpp, line 840]
Event: 0.421 Thread 0x000002962f78c430 Exception <a 'java/lang/IncompatibleClassChangeError'{0x0000000714192a40}: Found class java.lang.Object, but interface was expected> (0x0000000714192a40) 
thrown [s\src\hotspot\share\interpreter\linkResolver.cpp, line 840]
Event: 0.452 Thread 0x0000029649def490 Exception <a 'java/lang/NoSuchMethodError'{0x0000000713ec17f0}: 'int java.lang.invoke.DirectMethodHandle$Holder.invokeSpecial(java.lang.Object, java.lang.Object, java.lang.Object)'> (0x0000000713ec17f0) 
thrown [s\src\hotspot\share\interpreter\linkResolver.cpp, line 773]
Event: 0.456 Thread 0x0000029649def490 Exception <a 'java/lang/NoSuchMethodError'{0x0000000713f5b450}: 'void java.lang.invoke.Invokers$Holder.invokeExact_MT(java.lang.Object, java.lang.Object, java.lang.Object, java.lang.Object)'> (0x0000000713f5b450) 
thrown [s\src\hotspot\share\interpreter\linkResolver.cpp, line 773]
Event: 0.464 Thread 0x0000029649def490 Exception <a 'java/lang/NoSuchMethodError'{0x0000000713fb8dd8}: 'void java.lang.invoke.DelegatingMethodHandle$Holder.reinvoke_L(java.lang.Object, java.lang.Object, int)'> (0x0000000713fb8dd8) 
thrown [s\src\hotspot\share\interpreter\linkResolver.cpp, line 773]
Event: 0.464 Thread 0x0000029649def490 Exception <a 'java/lang/NoSuchMethodError'{0x0000000713fbfa28}: 'int java.lang.invoke.Invokers$Holder.invokeExact_MT(java.lang.Object, java.lang.Object, java.lang.Object)'> (0x0000000713fbfa28) 
thrown [s\src\hotspot\share\interpreter\linkResolver.cpp, line 773]
Event: 0.506 Thread 0x0000029649def490 Exception <a 'java/lang/NoSuchMethodError'{0x0000000713d13e60}: 'java.lang.Object java.lang.invoke.DirectMethodHandle$Holder.invokeInterface(java.lang.Object, java.lang.Object, java.lang.Object)'> (0x0000000713d13e60) 
thrown [s\src\hotspot\share\interpreter\linkResolver.cpp, line 773]
Event: 0.530 Thread 0x0000029649def490 Exception <a 'java/lang/ClassNotFoundException'{0x0000000713dd1550}: sun/util/logging/resources/spi/loggingProvider> (0x0000000713dd1550) 
thrown [s\src\hotspot\share\classfile\systemDictionary.cpp, line 312]
Event: 0.577 Thread 0x0000029649def490 Exception <a 'java/lang/NoSuchMethodError'{0x0000000713b6f8d8}: 'void java.lang.invoke.DirectMethodHandle$Holder.invokeInterface(java.lang.Object, java.lang.Object, java.lang.Object)'> (0x0000000713b6f8d8) 
thrown [s\src\hotspot\share\interpreter\linkResolver.cpp, line 773]
Event: 0.577 Thread 0x0000029649def490 Exception <a 'java/lang/IncompatibleClassChangeError'{0x0000000713b729d8}: Found class java.lang.Object, but interface was expected> (0x0000000713b729d8) 
thrown [s\src\hotspot\share\interpreter\linkResolver.cpp, line 840]
Event: 0.609 Thread 0x0000029649def490 Exception <a 'java/lang/NoSuchMethodError'{0x0000000713bbe468}: 'java.lang.Object java.lang.invoke.DirectMethodHandle$Holder.invokeStaticInit(java.lang.Object, int, int, int, int)'> (0x0000000713bbe468) 
thrown [s\src\hotspot\share\interpreter\linkResolver.cpp, line 773]
Event: 0.630 Thread 0x0000029649def490 Exception <a 'java/lang/NoSuchMethodError'{0x0000000713be6f10}: 'java.lang.Object java.lang.invoke.DirectMethodHandle$Holder.invokeStaticInit(java.lang.Object, java.lang.Object, int, int, int, int)'> (0x0000000713be6f10) 
thrown [s\src\hotspot\share\interpreter\linkResolver.cpp, line 773]
Event: 0.640 Thread 0x0000029649def490 Exception <a 'java/lang/NoSuchMethodError'{0x0000000713832640}: 'java.lang.Object java.lang.invoke.DirectMethodHandle$Holder.newInvokeSpecial(java.lang.Object, java.lang.Object, int, java.lang.Object, java.lang.Object)'> (0x0000000713832640) 
thrown [s\src\hotspot\share\interpreter\linkResolver.cpp, line 773]
Event: 10.644 Thread 0x0000029649c2d650 Exception <a 'java/lang/NoSuchMethodError'{0x00000007144a04f8}: 'void java.lang.invoke.DirectMethodHandle$Holder.invokeStatic(java.lang.Object, long)'> (0x00000007144a04f8) 
thrown [s\src\hotspot\share\interpreter\linkResolver.cpp, line 773]
Event: 10.645 Thread 0x0000029649c2d650 Exception <a 'java/lang/NoSuchMethodError'{0x00000007144a5110}: 'java.lang.Object java.lang.invoke.DirectMethodHandle$Holder.newInvokeSpecial(java.lang.Object, long)'> (0x00000007144a5110) 
thrown [s\src\hotspot\share\interpreter\linkResolver.cpp, line 773]
Event: 10.653 Thread 0x0000029649c2d650 Exception <a 'java/lang/NoSuchMethodError'{0x00000007144ab7f8}: 'java.lang.Object java.lang.invoke.DirectMethodHandle$Holder.invokeStatic(java.lang.Object, long, java.lang.Object)'> (0x00000007144ab7f8) 
thrown [s\src\hotspot\share\interpreter\linkResolver.cpp, line 773]
Event: 10.667 Thread 0x0000029649c2d650 Exception <a 'java/lang/NoSuchMethodError'{0x00000007144aee90}: 'java.lang.Object java.lang.invoke.DirectMethodHandle$Holder.invokeStaticInit(java.lang.Object, long, java.lang.Object)'> (0x00000007144aee90) 
thrown [s\src\hotspot\share\interpreter\linkResolver.cpp, line 773]
Event: 952.366 Thread 0x0000029649def490 Exception <a 'java/lang/IncompatibleClassChangeError'{0x0000000705a41dd0}: Found class java.lang.Object, but interface was expected> (0x0000000705a41dd0) 
thrown [s\src\hotspot\share\interpreter\linkResolver.cpp, line 840]

ZGC Phase Switch (0 events):
No events

VM Operations (20 events):
Event: 900.947 Executing VM operation: G1CollectFull (System.gc()) done
Event: 911.720 Executing VM operation: G1CollectFull (System.gc())
Event: 911.733 Executing VM operation: G1CollectFull (System.gc()) done
Event: 922.644 Executing VM operation: G1CollectFull (System.gc())
Event: 922.657 Executing VM operation: G1CollectFull (System.gc()) done
Event: 933.687 Executing VM operation: G1CollectFull (System.gc())
Event: 933.701 Executing VM operation: G1CollectFull (System.gc()) done
Event: 945.929 Executing VM operation: G1CollectFull (System.gc())
Event: 945.940 Executing VM operation: G1CollectFull (System.gc()) done
Event: 952.986 Executing VM operation: Cleanup
Event: 952.986 Executing VM operation: Cleanup done
Event: 958.446 Executing VM operation: G1CollectFull (System.gc())
Event: 958.461 Executing VM operation: G1CollectFull (System.gc()) done
Event: 959.471 Executing VM operation: Cleanup
Event: 959.471 Executing VM operation: Cleanup done
Event: 970.466 Executing VM operation: G1CollectFull (System.gc())
Event: 970.492 Executing VM operation: G1CollectFull (System.gc()) done
Event: 981.955 Executing VM operation: G1CollectFull (System.gc())
Event: 981.984 Executing VM operation: G1CollectFull (System.gc()) done
Event: 992.550 Executing VM operation: G1CollectFull (System.gc())

Memory protections (0 events):
No events

Nmethod flushes (20 events):
Event: 23.093 Thread 0x00000296499b76f0 flushing  nmethod 0x0000029632b19190
Event: 23.093 Thread 0x00000296499b76f0 flushing  nmethod 0x0000029632b1d590
Event: 23.093 Thread 0x00000296499b76f0 flushing  nmethod 0x0000029632b1d990
Event: 23.093 Thread 0x00000296499b76f0 flushing  nmethod 0x0000029632b1fe90
Event: 23.093 Thread 0x00000296499b76f0 flushing  nmethod 0x0000029632b26390
Event: 23.093 Thread 0x00000296499b76f0 flushing  nmethod 0x0000029632b2ad10
Event: 23.093 Thread 0x00000296499b76f0 flushing  nmethod 0x0000029632b4ac10
Event: 23.093 Thread 0x00000296499b76f0 flushing  nmethod 0x0000029632b58710
Event: 23.093 Thread 0x00000296499b76f0 flushing  nmethod 0x0000029632b60f90
Event: 23.093 Thread 0x00000296499b76f0 flushing  nmethod 0x0000029632b65010
Event: 23.093 Thread 0x00000296499b76f0 flushing  nmethod 0x0000029632b69e10
Event: 23.093 Thread 0x00000296499b76f0 flushing  nmethod 0x0000029632b7ce90
Event: 51.931 Thread 0x00000296499b76f0 flushing  nmethod 0x000002963298e410
Event: 163.103 Thread 0x00000296499b76f0 flushing  nmethod 0x000002963298f410
Event: 597.545 Thread 0x00000296499b76f0 flushing  nmethod 0x00000296329abf10
Event: 855.084 Thread 0x00000296499b76f0 flushing  nmethod 0x0000029632b24f90
Event: 970.481 Thread 0x00000296499b76f0 flushing  nmethod 0x000002963a480610
Event: 970.481 Thread 0x00000296499b76f0 flushing  nmethod 0x000002963a4a0290
Event: 970.481 Thread 0x00000296499b76f0 flushing  nmethod 0x00000296329ac610
Event: 970.481 Thread 0x00000296499b76f0 flushing  nmethod 0x0000029632b22810

Events (20 events):
Event: 0.210 Thread 0x000002962f78c430 Thread added: 0x0000029649b283e0
Event: 0.211 Thread 0x000002962f78c430 Thread added: 0x0000029649b2d440
Event: 0.236 Thread 0x00000296499e44d0 Thread added: 0x0000029649b7d880
Event: 0.270 Thread 0x000002962f78c430 Thread added: 0x0000029649c2d650
Event: 0.443 Thread 0x000002962f78c430 Thread added: 0x0000029649def490
Event: 0.443 Thread 0x000002962f78c430 Thread exited: 0x000002962f78c430
Event: 0.444 Thread 0x000002962f78c430 Thread added: 0x000002962f78c430
Event: 0.642 Thread 0x0000029649def490 Thread added: 0x000002968f18edf0
Event: 0.643 Thread 0x000002968f18edf0 Thread added: 0x000002968f0c9610
Event: 0.644 Thread 0x000002968f0c9610 Thread added: 0x000002968f0c9c70
Event: 0.672 Thread 0x000002968f0c9610 Thread added: 0x000002968f2179a0
Event: 0.672 Thread 0x000002968f18edf0 Thread added: 0x000002968f202220
Event: 0.672 Thread 0x000002968f0c9c70 Thread added: 0x000002968f202880
Event: 0.967 Thread 0x0000029649b7d880 Thread exited: 0x0000029649b7d880
Event: 61.192 Thread 0x000002968f0c9c70 Thread exited: 0x000002968f0c9c70
Event: 121.206 Thread 0x000002968f0c9610 Thread exited: 0x000002968f0c9610
Event: 181.209 Thread 0x000002968f18edf0 Thread exited: 0x000002968f18edf0
Event: 241.217 Thread 0x000002968f202220 Thread exited: 0x000002968f202220
Event: 301.218 Thread 0x000002968f202880 Thread exited: 0x000002968f202880
Event: 361.222 Thread 0x000002968f2179a0 Thread exited: 0x000002968f2179a0


Dynamic libraries:
0x00007ff714840000 - 0x00007ff71484e000 	c:\Users\ysingh6\.vscode\extensions\redhat.java-1.42.0-win32-x64\jre\21.0.7-win32-x86_64\bin\java.exe
0x00007ffa140d0000 - 0x00007ffa142e7000 	C:\Windows\SYSTEM32\ntdll.dll
0x00007ffa12eb0000 - 0x00007ffa12f74000 	C:\Windows\System32\KERNEL32.DLL
0x00007ffa11300000 - 0x00007ffa116d3000 	C:\Windows\System32\KERNELBASE.dll
0x00007ffa116e0000 - 0x00007ffa117f1000 	C:\Windows\System32\ucrtbase.dll
0x00007ff9f5e50000 - 0x00007ff9f5e68000 	c:\Users\ysingh6\.vscode\extensions\redhat.java-1.42.0-win32-x64\jre\21.0.7-win32-x86_64\bin\jli.dll
0x00007ffa13090000 - 0x00007ffa13241000 	C:\Windows\System32\USER32.dll
0x00007ffa11970000 - 0x00007ffa11996000 	C:\Windows\System32\win32u.dll
0x00007ffa13e80000 - 0x00007ffa13ea9000 	C:\Windows\System32\GDI32.dll
0x00007ffa11a50000 - 0x00007ffa11b72000 	C:\Windows\System32\gdi32full.dll
0x00007ffa11cc0000 - 0x00007ffa11d5a000 	C:\Windows\System32\msvcp_win.dll
0x00007ff9f4e90000 - 0x00007ff9f4eae000 	c:\Users\ysingh6\.vscode\extensions\redhat.java-1.42.0-win32-x64\jre\21.0.7-win32-x86_64\bin\VCRUNTIME140.dll
0x00007ff9f0200000 - 0x00007ff9f049b000 	C:\Windows\WinSxS\amd64_microsoft.windows.common-controls_6595b64144ccf1df_6.0.22621.5262_none_2712bde373830908\COMCTL32.dll
0x00007ffa13eb0000 - 0x00007ffa13f57000 	C:\Windows\System32\msvcrt.dll
0x00007ffa12d40000 - 0x00007ffa12d71000 	C:\Windows\System32\IMM32.DLL
0x000002962d510000 - 0x000002962d526000 	C:\Windows\System32\umppc19011.dll
0x00007ffa10d70000 - 0x00007ffa10eba000 	C:\Program Files\Avecto\Privilege Guard Client\PGHook.dll
0x00007ffa13f60000 - 0x00007ffa14011000 	C:\Windows\System32\ADVAPI32.dll
0x00007ffa11fc0000 - 0x00007ffa12067000 	C:\Windows\System32\sechost.dll
0x00007ffa11a20000 - 0x00007ffa11a48000 	C:\Windows\System32\bcrypt.dll
0x00007ffa12d80000 - 0x00007ffa12e94000 	C:\Windows\System32\RPCRT4.dll
0x00007ffa00f00000 - 0x00007ffa00f0c000 	c:\Users\ysingh6\.vscode\extensions\redhat.java-1.42.0-win32-x64\jre\21.0.7-win32-x86_64\bin\vcruntime140_1.dll
0x00007ff9baa00000 - 0x00007ff9baa8d000 	c:\Users\ysingh6\.vscode\extensions\redhat.java-1.42.0-win32-x64\jre\21.0.7-win32-x86_64\bin\msvcp140.dll
0x00007ff960aa0000 - 0x00007ff961830000 	c:\Users\ysingh6\.vscode\extensions\redhat.java-1.42.0-win32-x64\jre\21.0.7-win32-x86_64\bin\server\jvm.dll
0x00007ffa125d0000 - 0x00007ffa12641000 	C:\Windows\System32\WS2_32.dll
0x00007ffa10fe0000 - 0x00007ffa1102d000 	C:\Windows\SYSTEM32\POWRPROF.dll
0x00007ffa04b90000 - 0x00007ffa04bc4000 	C:\Windows\SYSTEM32\WINMM.dll
0x00007ffa02090000 - 0x00007ffa0209a000 	C:\Windows\SYSTEM32\VERSION.dll
0x00007ffa10fc0000 - 0x00007ffa10fd3000 	C:\Windows\SYSTEM32\UMPDC.dll
0x00007ffa0ff90000 - 0x00007ffa0ffa8000 	C:\Windows\SYSTEM32\kernel.appcore.dll
0x00007ffa00600000 - 0x00007ffa0060a000 	c:\Users\ysingh6\.vscode\extensions\redhat.java-1.42.0-win32-x64\jre\21.0.7-win32-x86_64\bin\jimage.dll
0x00007ffa0e750000 - 0x00007ffa0e982000 	C:\Windows\SYSTEM32\DBGHELP.DLL
0x00007ffa12650000 - 0x00007ffa129e3000 	C:\Windows\System32\combase.dll
0x00007ffa13da0000 - 0x00007ffa13e77000 	C:\Windows\System32\OLEAUT32.dll
0x00007ffa015d0000 - 0x00007ffa01602000 	C:\Windows\SYSTEM32\dbgcore.DLL
0x00007ffa11280000 - 0x00007ffa112fb000 	C:\Windows\System32\bcryptPrimitives.dll
0x00007ff9de070000 - 0x00007ff9de08f000 	c:\Users\ysingh6\.vscode\extensions\redhat.java-1.42.0-win32-x64\jre\21.0.7-win32-x86_64\bin\java.dll
0x00007ffa13340000 - 0x00007ffa13bdd000 	C:\Windows\System32\SHELL32.dll
0x00007ffa11b80000 - 0x00007ffa11cbf000 	C:\Windows\System32\wintypes.dll
0x00007ffa0ecb0000 - 0x00007ffa0f5cd000 	C:\Windows\SYSTEM32\windows.storage.dll
0x00007ffa12c30000 - 0x00007ffa12d3b000 	C:\Windows\System32\SHCORE.dll
0x00007ffa12bc0000 - 0x00007ffa12c26000 	C:\Windows\System32\shlwapi.dll
0x00007ffa110f0000 - 0x00007ffa1111b000 	C:\Windows\SYSTEM32\profapi.dll
0x00007ff9f7a20000 - 0x00007ff9f7a30000 	C:\Users\ysingh6\.vscode\extensions\redhat.java-1.42.0-win32-x64\jre\21.0.7-win32-x86_64\bin\net.dll
0x00007ffa0ffb0000 - 0x00007ffa100dc000 	C:\Windows\SYSTEM32\WINHTTP.dll
0x00007ffa10530000 - 0x00007ffa1059a000 	C:\Windows\system32\mswsock.dll
0x00007ff9cc350000 - 0x00007ff9cc366000 	C:\Users\ysingh6\.vscode\extensions\redhat.java-1.42.0-win32-x64\jre\21.0.7-win32-x86_64\bin\nio.dll
0x00007ff9cec20000 - 0x00007ff9cec38000 	C:\Users\ysingh6\.vscode\extensions\redhat.java-1.42.0-win32-x64\jre\21.0.7-win32-x86_64\bin\zip.dll
0x00007ffa10830000 - 0x00007ffa1084b000 	C:\Windows\SYSTEM32\CRYPTSP.dll
0x00007ffa0fef0000 - 0x00007ffa0ff27000 	C:\Windows\system32\rsaenh.dll
0x00007ffa105d0000 - 0x00007ffa105f8000 	C:\Windows\SYSTEM32\USERENV.dll
0x00007ffa10810000 - 0x00007ffa1081c000 	C:\Windows\SYSTEM32\CRYPTBASE.dll
0x00007ffa0f820000 - 0x00007ffa0f84d000 	C:\Windows\SYSTEM32\IPHLPAPI.DLL
0x00007ffa13d90000 - 0x00007ffa13d99000 	C:\Windows\System32\NSI.dll

dbghelp: loaded successfully - version: 4.0.5 - missing functions: none
symbol engine: initialized successfully - sym options: 0x614 - pdb path: .;c:\Users\ysingh6\.vscode\extensions\redhat.java-1.42.0-win32-x64\jre\21.0.7-win32-x86_64\bin;C:\Windows\SYSTEM32;C:\Windows\WinSxS\amd64_microsoft.windows.common-controls_6595b64144ccf1df_6.0.22621.5262_none_2712bde373830908;C:\Program Files\Avecto\Privilege Guard Client;c:\Users\ysingh6\.vscode\extensions\redhat.java-1.42.0-win32-x64\jre\21.0.7-win32-x86_64\bin\server

VM Arguments:
java_command: c:\Users\ysingh6\.vscode\extensions\open-liberty.liberty-dev-vscode-ext-25.0.3\jars\org.eclipse.lsp4jakarta.ls-0.2.3-jar-with-dependencies.jar
java_class_path (initial): c:\Users\ysingh6\.vscode\extensions\open-liberty.liberty-dev-vscode-ext-25.0.3\jars\org.eclipse.lsp4jakarta.ls-0.2.3-jar-with-dependencies.jar
Launcher Type: SUN_STANDARD

[Global flags]
     intx CICompilerCount                          = 4                                         {product} {ergonomic}
     uint ConcGCThreads                            = 3                                         {product} {ergonomic}
     uint G1ConcRefinementThreads                  = 10                                        {product} {ergonomic}
   size_t G1HeapRegionSize                         = 2097152                                   {product} {ergonomic}
    uintx GCDrainStackTargetSize                   = 64                                        {product} {ergonomic}
   size_t InitialHeapSize                          = 264241152                                 {product} {ergonomic}
   size_t MarkStackSize                            = 4194304                                   {product} {ergonomic}
   size_t MaxHeapSize                              = 4213178368                                {product} {ergonomic}
   size_t MaxNewSize                               = 2527068160                                {product} {ergonomic}
   size_t MinHeapDeltaBytes                        = 2097152                                   {product} {ergonomic}
   size_t MinHeapSize                              = 8388608                                   {product} {ergonomic}
    uintx NonNMethodCodeHeapSize                   = 5839372                                {pd product} {ergonomic}
    uintx NonProfiledCodeHeapSize                  = 122909434                              {pd product} {ergonomic}
    uintx ProfiledCodeHeapSize                     = 122909434                              {pd product} {ergonomic}
    uintx ReservedCodeCacheSize                    = 251658240                              {pd product} {ergonomic}
     bool SegmentedCodeCache                       = true                                      {product} {ergonomic}
   size_t SoftMaxHeapSize                          = 4213178368                             {manageable} {ergonomic}
     bool UseCompressedOops                        = true                           {product lp64_product} {ergonomic}
     bool UseG1GC                                  = true                                      {product} {ergonomic}
     bool UseLargePagesIndividualAllocation        = false                                  {pd product} {ergonomic}

Logging:
Log output configuration:
 #0: stdout all=warning uptime,level,tags foldmultilines=false
 #1: stderr all=off uptime,level,tags foldmultilines=false

Environment Variables:
PATH=C:\Program Files\Common Files\Oracle\Java\javapath;C:\Windows\system32;C:\Windows;C:\Windows\System32\Wbem;C:\Windows\System32\WindowsPowerShell\v1.0\;C:\Windows\System32\OpenSSH\;C:\Program Files\dotnet\;C:\Users\ysingh6\AppData\Local\Microsoft\WindowsApps;C:\Users\ysingh6\AppData\Local\Programs\Microsoft VS Code\bin
USERNAME=ysingh6
OS=Windows_NT
PROCESSOR_IDENTIFIER=Intel64 Family 6 Model 186 Stepping 3, GenuineIntel
TMP=C:\Users\ysingh6\AppData\Local\Temp
TEMP=C:\Users\ysingh6\AppData\Local\Temp




Periodic native trim disabled

---------------  S Y S T E M  ---------------

OS:
 Windows 11 , 64 bit Build 22621 (10.0.22621.5262)
OS uptime: 8 days 0:18 hours
Hyper-V role detected

CPU: total 12 (initial active 12) (6 cores per cpu, 2 threads per core) family 6 model 186 stepping 3 microcode 0x4123, cx8, cmov, fxsr, ht, mmx, 3dnowpref, sse, sse2, sse3, ssse3, sse4.1, sse4.2, popcnt, lzcnt, tsc, tscinvbit, avx, avx2, aes, erms, clmul, bmi1, bmi2, adx, sha, fma, vzeroupper, clflush, clflushopt, clwb, hv, serialize, rdtscp, rdpid, fsrm, f16c, cet_ibt, cet_ss
Processor Information for processor 0
  Max Mhz: 1800, Current Mhz: 1800, Mhz Limit: 1800
Processor Information for processor 1
  Max Mhz: 1800, Current Mhz: 1800, Mhz Limit: 1800
Processor Information for processor 2
  Max Mhz: 1800, Current Mhz: 1472, Mhz Limit: 1800
Processor Information for processor 3
  Max Mhz: 1800, Current Mhz: 1800, Mhz Limit: 1800
Processor Information for processor 4
  Max Mhz: 1800, Current Mhz: 1800, Mhz Limit: 1800
Processor Information for processor 5
  Max Mhz: 1800, Current Mhz: 1800, Mhz Limit: 1800
Processor Information for processor 6
  Max Mhz: 1800, Current Mhz: 1523, Mhz Limit: 1800
Processor Information for processor 7
  Max Mhz: 1800, Current Mhz: 1800, Mhz Limit: 1800
Processor Information for processor 8
  Max Mhz: 1800, Current Mhz: 1523, Mhz Limit: 1800
Processor Information for processor 9
  Max Mhz: 1800, Current Mhz: 1523, Mhz Limit: 1800
Processor Information for processor 10
  Max Mhz: 1800, Current Mhz: 1523, Mhz Limit: 1800
Processor Information for processor 11
  Max Mhz: 1800, Current Mhz: 1523, Mhz Limit: 1800

Memory: 4k page, system-wide physical 16068M (3313M free)
TotalPageFile size 46261M (AvailPageFile size 518M)
current process WorkingSet (physical memory assigned to process): 58M, peak: 76M
current process commit charge ("private bytes"): 105M, peak: 368M

vm_info: OpenJDK 64-Bit Server VM (21.0.7+6-LTS) for windows-amd64 JRE (21.0.7+6-LTS), built on 2025-04-15T00:00:00Z by "admin" with MS VC++ 17.7 (VS2022)

END.
