#
# There is insufficient memory for the Java Runtime Environment to continue.
# Native memory allocation (mmap) failed to map 264241152 bytes. Error detail: G1 virtual space
# Possible reasons:
#   The system is out of physical RAM or swap space
#   This process is running with CompressedOops enabled, and the Java Heap may be blocking the growth of the native heap
# Possible solutions:
#   Reduce memory load on the system
#   Increase physical memory or swap space
#   Check if swap backing store is full
#   Decrease Java heap size (-Xmx/-Xms)
#   Decrease number of Java threads
#   Decrease Java thread stack sizes (-Xss)
#   Set larger code cache with -XX:ReservedCodeCacheSize=
#   JVM is running with Zero Based Compressed Oops mode in which the Java heap is
#     placed in the first 32GB address space. The Java Heap base address is the
#     maximum limit for the native heap growth. Please use -XX:HeapBaseMinAddress
#     to set the Java Heap base and to place the Java Heap above 32GB virtual address.
# This output file may be truncated or incomplete.
#
#  Out of Memory Error (os_windows.cpp:3686), pid=10212, tid=38280
#
# JRE version:  (21.0.7+6) (build )
# Java VM: OpenJDK 64-Bit Server VM (21.0.7+6-LTS, mixed mode, sharing, tiered, compressed oops, compressed class ptrs, g1 gc, windows-amd64)
# No core dump will be written. Minidumps are not enabled by default on client versions of Windows
#

---------------  S U M M A R Y ------------

Command Line: c:\Users\ysingh6\.vscode\extensions\open-liberty.liberty-dev-vscode-ext-25.0.3\jars\org.eclipse.lsp4jakarta.ls-0.2.3-jar-with-dependencies.jar

Host: 13th Gen Intel(R) Core(TM) i7-1365U, 12 cores, 15G,  Windows 11 , 64 bit Build 22621 (10.0.22621.5262)
Time: Mon Jun  2 20:45:42 2025 India Standard Time elapsed time: 0.107092 seconds (0d 0h 0m 0s)

---------------  T H R E A D  ---------------

Current thread (0x00000239cd738260):  JavaThread "Unknown thread" [_thread_in_vm, id=38280, stack(0x000000eb82100000,0x000000eb82200000) (1024K)]

Stack: [0x000000eb82100000,0x000000eb82200000]
Native frames: (J=compiled Java code, j=interpreted, Vv=VM code, C=native code)
V  [jvm.dll+0x6ce119]
V  [jvm.dll+0x8a84a1]
V  [jvm.dll+0x8aa9ce]
V  [jvm.dll+0x8ab0b3]
V  [jvm.dll+0x27f8a6]
V  [jvm.dll+0x6ca945]
V  [jvm.dll+0x6bebea]
V  [jvm.dll+0x355eca]
V  [jvm.dll+0x35da96]
V  [jvm.dll+0x3af72e]
V  [jvm.dll+0x3af9d8]
V  [jvm.dll+0x32a05c]
V  [jvm.dll+0x32abbb]
V  [jvm.dll+0x871719]
V  [jvm.dll+0x3bc501]
V  [jvm.dll+0x85a743]
V  [jvm.dll+0x45080e]
V  [jvm.dll+0x452451]
C  [jli.dll+0x5278]
C  [ucrtbase.dll+0x29333]
C  [KERNEL32.DLL+0x1259d]
C  [ntdll.dll+0x5af58]


---------------  P R O C E S S  ---------------

Threads class SMR info:
_java_thread_list=0x00007ff9616da0c8, length=0, elements={
}

Java Threads: ( => current thread )
Total: 0

Other Threads:
  0x00000239cfab3a10 WorkerThread "GC Thread#0"                     [id=13360, stack(0x000000eb82200000,0x000000eb82300000) (1024K)]
  0x00000239cfac4500 ConcurrentGCThread "G1 Main Marker"            [id=30604, stack(0x000000eb82300000,0x000000eb82400000) (1024K)]
  0x00000239cfac5000 WorkerThread "G1 Conc#0"                       [id=20120, stack(0x000000eb82400000,0x000000eb82500000) (1024K)]

[error occurred during error reporting (printing all threads), id 0xc0000005, EXCEPTION_ACCESS_VIOLATION (0xc0000005) at pc=0x00007ff960ddc987]
VM state: not at safepoint (not fully initialized)

VM Mutex/Monitor currently owned by a thread:  ([mutex/lock_event])
[0x00007ff96174e408] Heap_lock - owner thread: 0x00000239cd738260

Heap address: 0x0000000704e00000, size: 4018 MB, Compressed Oops mode: Zero based, Oop shift amount: 3

CDS archive(s) mapped at: [0x0000000000000000-0x0000000000000000-0x0000000000000000), size 0, SharedBaseAddress: 0x0000000800000000, ArchiveRelocationMode: 1.
Narrow klass base: 0x0000000000000000, Narrow klass shift: 0, Narrow klass range: 0x0

GC Precious Log:
 CardTable entry size: 512
 Card Set container configuration: InlinePtr #cards 4 size 8 Array Of Cards #cards 16 size 48 Howl #buckets 8 coarsen threshold 3686 Howl Bitmap #cards 512 size 80 coarsen threshold 460 Card regions per heap region 1 cards per card region 4096

Heap:
 garbage-first heap   total 0K, used 0K [0x0000000704e00000, 0x0000000800000000)
  region size 2048K, 0 young (0K), 0 survivors (0K)

[error occurred during error reporting (printing heap information), id 0xc0000005, EXCEPTION_ACCESS_VIOLATION (0xc0000005) at pc=0x00007ff9611c7949]
GC Heap History (0 events):
No events

Dll operation events (1 events):
Event: 0.089 Loaded shared library c:\Users\ysingh6\.vscode\extensions\redhat.java-1.42.0-win32-x64\jre\21.0.7-win32-x86_64\bin\java.dll

Deoptimization events (0 events):
No events

Classes loaded (0 events):
No events

Classes unloaded (0 events):
No events

Classes redefined (0 events):
No events

Internal exceptions (0 events):
No events

ZGC Phase Switch (0 events):
No events

VM Operations (0 events):
No events

Memory protections (0 events):
No events

Nmethod flushes (0 events):
No events

Events (0 events):
No events


Dynamic libraries:
0x00007ff714840000 - 0x00007ff71484e000 	c:\Users\ysingh6\.vscode\extensions\redhat.java-1.42.0-win32-x64\jre\21.0.7-win32-x86_64\bin\java.exe
0x00007ffa140d0000 - 0x00007ffa142e7000 	C:\Windows\SYSTEM32\ntdll.dll
0x00007ffa12eb0000 - 0x00007ffa12f74000 	C:\Windows\System32\KERNEL32.DLL
0x00007ffa11300000 - 0x00007ffa116d3000 	C:\Windows\System32\KERNELBASE.dll
0x00007ffa116e0000 - 0x00007ffa117f1000 	C:\Windows\System32\ucrtbase.dll
0x00007ff9f5e50000 - 0x00007ff9f5e68000 	c:\Users\ysingh6\.vscode\extensions\redhat.java-1.42.0-win32-x64\jre\21.0.7-win32-x86_64\bin\jli.dll
0x00007ff9f4e90000 - 0x00007ff9f4eae000 	c:\Users\ysingh6\.vscode\extensions\redhat.java-1.42.0-win32-x64\jre\21.0.7-win32-x86_64\bin\VCRUNTIME140.dll
0x00007ffa13090000 - 0x00007ffa13241000 	C:\Windows\System32\USER32.dll
0x00007ffa11970000 - 0x00007ffa11996000 	C:\Windows\System32\win32u.dll
0x00007ff9f0200000 - 0x00007ff9f049b000 	C:\Windows\WinSxS\amd64_microsoft.windows.common-controls_6595b64144ccf1df_6.0.22621.5262_none_2712bde373830908\COMCTL32.dll
0x00007ffa13e80000 - 0x00007ffa13ea9000 	C:\Windows\System32\GDI32.dll
0x00007ffa13eb0000 - 0x00007ffa13f57000 	C:\Windows\System32\msvcrt.dll
0x00007ffa11a50000 - 0x00007ffa11b72000 	C:\Windows\System32\gdi32full.dll
0x00007ffa11cc0000 - 0x00007ffa11d5a000 	C:\Windows\System32\msvcp_win.dll
0x00007ffa12d40000 - 0x00007ffa12d71000 	C:\Windows\System32\IMM32.DLL
0x00000239cd8c0000 - 0x00000239cd8d6000 	C:\Windows\System32\umppc19011.dll
0x00007ffa10d70000 - 0x00007ffa10eba000 	C:\Program Files\Avecto\Privilege Guard Client\PGHook.dll
0x00007ffa13f60000 - 0x00007ffa14011000 	C:\Windows\System32\ADVAPI32.dll
0x00007ffa11fc0000 - 0x00007ffa12067000 	C:\Windows\System32\sechost.dll
0x00007ffa11a20000 - 0x00007ffa11a48000 	C:\Windows\System32\bcrypt.dll
0x00007ffa12d80000 - 0x00007ffa12e94000 	C:\Windows\System32\RPCRT4.dll
0x00007ffa00f00000 - 0x00007ffa00f0c000 	c:\Users\ysingh6\.vscode\extensions\redhat.java-1.42.0-win32-x64\jre\21.0.7-win32-x86_64\bin\vcruntime140_1.dll
0x00007ff9baa00000 - 0x00007ff9baa8d000 	c:\Users\ysingh6\.vscode\extensions\redhat.java-1.42.0-win32-x64\jre\21.0.7-win32-x86_64\bin\msvcp140.dll
0x00007ff960aa0000 - 0x00007ff961830000 	c:\Users\ysingh6\.vscode\extensions\redhat.java-1.42.0-win32-x64\jre\21.0.7-win32-x86_64\bin\server\jvm.dll
0x00007ffa125d0000 - 0x00007ffa12641000 	C:\Windows\System32\WS2_32.dll
0x00007ffa10fe0000 - 0x00007ffa1102d000 	C:\Windows\SYSTEM32\POWRPROF.dll
0x00007ffa04b90000 - 0x00007ffa04bc4000 	C:\Windows\SYSTEM32\WINMM.dll
0x00007ffa02090000 - 0x00007ffa0209a000 	C:\Windows\SYSTEM32\VERSION.dll
0x00007ffa10fc0000 - 0x00007ffa10fd3000 	C:\Windows\SYSTEM32\UMPDC.dll
0x00007ffa0ff90000 - 0x00007ffa0ffa8000 	C:\Windows\SYSTEM32\kernel.appcore.dll
0x00007ffa00600000 - 0x00007ffa0060a000 	c:\Users\ysingh6\.vscode\extensions\redhat.java-1.42.0-win32-x64\jre\21.0.7-win32-x86_64\bin\jimage.dll
0x00007ffa0e750000 - 0x00007ffa0e982000 	C:\Windows\SYSTEM32\DBGHELP.DLL
0x00007ffa12650000 - 0x00007ffa129e3000 	C:\Windows\System32\combase.dll
0x00007ffa13da0000 - 0x00007ffa13e77000 	C:\Windows\System32\OLEAUT32.dll
0x00007ffa015d0000 - 0x00007ffa01602000 	C:\Windows\SYSTEM32\dbgcore.DLL
0x00007ffa11280000 - 0x00007ffa112fb000 	C:\Windows\System32\bcryptPrimitives.dll
0x00007ff9de070000 - 0x00007ff9de08f000 	c:\Users\ysingh6\.vscode\extensions\redhat.java-1.42.0-win32-x64\jre\21.0.7-win32-x86_64\bin\java.dll

dbghelp: loaded successfully - version: 4.0.5 - missing functions: none
symbol engine: initialized successfully - sym options: 0x614 - pdb path: .;c:\Users\ysingh6\.vscode\extensions\redhat.java-1.42.0-win32-x64\jre\21.0.7-win32-x86_64\bin;C:\Windows\SYSTEM32;C:\Windows\WinSxS\amd64_microsoft.windows.common-controls_6595b64144ccf1df_6.0.22621.5262_none_2712bde373830908;C:\Program Files\Avecto\Privilege Guard Client;c:\Users\ysingh6\.vscode\extensions\redhat.java-1.42.0-win32-x64\jre\21.0.7-win32-x86_64\bin\server

VM Arguments:
java_command: c:\Users\ysingh6\.vscode\extensions\open-liberty.liberty-dev-vscode-ext-25.0.3\jars\org.eclipse.lsp4jakarta.ls-0.2.3-jar-with-dependencies.jar
java_class_path (initial): c:\Users\ysingh6\.vscode\extensions\open-liberty.liberty-dev-vscode-ext-25.0.3\jars\org.eclipse.lsp4jakarta.ls-0.2.3-jar-with-dependencies.jar
Launcher Type: SUN_STANDARD

[Global flags]
     intx CICompilerCount                          = 4                                         {product} {ergonomic}
     uint ConcGCThreads                            = 3                                         {product} {ergonomic}
     uint G1ConcRefinementThreads                  = 10                                        {product} {ergonomic}
   size_t G1HeapRegionSize                         = 2097152                                   {product} {ergonomic}
    uintx GCDrainStackTargetSize                   = 64                                        {product} {ergonomic}
   size_t InitialHeapSize                          = 264241152                                 {product} {ergonomic}
   size_t MarkStackSize                            = 4194304                                   {product} {ergonomic}
   size_t MaxHeapSize                              = 4213178368                                {product} {ergonomic}
   size_t MinHeapDeltaBytes                        = 2097152                                   {product} {ergonomic}
   size_t MinHeapSize                              = 8388608                                   {product} {ergonomic}
    uintx NonNMethodCodeHeapSize                   = 5839372                                {pd product} {ergonomic}
    uintx NonProfiledCodeHeapSize                  = 122909434                              {pd product} {ergonomic}
    uintx ProfiledCodeHeapSize                     = 122909434                              {pd product} {ergonomic}
    uintx ReservedCodeCacheSize                    = 251658240                              {pd product} {ergonomic}
     bool SegmentedCodeCache                       = true                                      {product} {ergonomic}
   size_t SoftMaxHeapSize                          = 4213178368                             {manageable} {ergonomic}
     bool UseCompressedOops                        = true                           {product lp64_product} {ergonomic}
     bool UseG1GC                                  = true                                      {product} {ergonomic}
     bool UseLargePagesIndividualAllocation        = false                                  {pd product} {ergonomic}

Logging:
Log output configuration:
 #0: stdout all=warning uptime,level,tags foldmultilines=false
 #1: stderr all=off uptime,level,tags foldmultilines=false

Environment Variables:
PATH=C:\Program Files\Common Files\Oracle\Java\javapath;C:\Windows\system32;C:\Windows;C:\Windows\System32\Wbem;C:\Windows\System32\WindowsPowerShell\v1.0\;C:\Windows\System32\OpenSSH\;C:\Program Files\dotnet\;C:\Users\ysingh6\AppData\Local\Microsoft\WindowsApps;C:\Users\ysingh6\AppData\Local\Programs\Microsoft VS Code\bin
USERNAME=ysingh6
OS=Windows_NT
PROCESSOR_IDENTIFIER=Intel64 Family 6 Model 186 Stepping 3, GenuineIntel
TMP=C:\Users\ysingh6\AppData\Local\Temp
TEMP=C:\Users\ysingh6\AppData\Local\Temp




Periodic native trim disabled

---------------  S Y S T E M  ---------------

OS:
 Windows 11 , 64 bit Build 22621 (10.0.22621.5262)
OS uptime: 8 days 0:02 hours
Hyper-V role detected

CPU: total 12 (initial active 12) (6 cores per cpu, 2 threads per core) family 6 model 186 stepping 3 microcode 0x4123, cx8, cmov, fxsr, ht, mmx, 3dnowpref, sse, sse2, sse3, ssse3, sse4.1, sse4.2, popcnt, lzcnt, tsc, tscinvbit, avx, avx2, aes, erms, clmul, bmi1, bmi2, adx, sha, fma, vzeroupper, clflush, clflushopt, clwb, hv, serialize, rdtscp, rdpid, fsrm, f16c, cet_ibt, cet_ss
Processor Information for processor 0
  Max Mhz: 1800, Current Mhz: 1800, Mhz Limit: 1800
Processor Information for processor 1
  Max Mhz: 1800, Current Mhz: 1800, Mhz Limit: 1800
Processor Information for processor 2
  Max Mhz: 1800, Current Mhz: 1472, Mhz Limit: 1800
Processor Information for processor 3
  Max Mhz: 1800, Current Mhz: 1800, Mhz Limit: 1800
Processor Information for processor 4
  Max Mhz: 1800, Current Mhz: 1523, Mhz Limit: 1800
Processor Information for processor 5
  Max Mhz: 1800, Current Mhz: 1523, Mhz Limit: 1800
Processor Information for processor 6
  Max Mhz: 1800, Current Mhz: 1523, Mhz Limit: 1800
Processor Information for processor 7
  Max Mhz: 1800, Current Mhz: 1523, Mhz Limit: 1800
Processor Information for processor 8
  Max Mhz: 1800, Current Mhz: 1523, Mhz Limit: 1800
Processor Information for processor 9
  Max Mhz: 1800, Current Mhz: 1523, Mhz Limit: 1800
Processor Information for processor 10
  Max Mhz: 1800, Current Mhz: 1800, Mhz Limit: 1800
Processor Information for processor 11
  Max Mhz: 1800, Current Mhz: 1800, Mhz Limit: 1800

Memory: 4k page, system-wide physical 16068M (3539M free)
TotalPageFile size 46261M (AvailPageFile size 519M)
current process WorkingSet (physical memory assigned to process): 12M, peak: 12M
current process commit charge ("private bytes"): 64M, peak: 316M

vm_info: OpenJDK 64-Bit Server VM (21.0.7+6-LTS) for windows-amd64 JRE (21.0.7+6-LTS), built on 2025-04-15T00:00:00Z by "admin" with MS VC++ 17.7 (VS2022)

END.
