#
# There is insufficient memory for the Java Runtime Environment to continue.
# Native memory allocation (malloc) failed to allocate 1116384 bytes for Chunk::new
# Possible reasons:
#   The system is out of physical RAM or swap space
#   The process is running with CompressedOops enabled, and the Java Heap may be blocking the growth of the native heap
# Possible solutions:
#   Reduce memory load on the system
#   Increase physical memory or swap space
#   Check if swap backing store is full
#   Decrease Java heap size (-Xmx/-Xms)
#   Decrease number of Java threads
#   Decrease Java thread stack sizes (-Xss)
#   Set larger code cache with -XX:ReservedCodeCacheSize=
#   JVM is running with Unscaled Compressed Oops mode in which the Java heap is
#     placed in the first 4GB address space. The Java Heap base address is the
#     maximum limit for the native heap growth. Please use -XX:HeapBaseMinAddress
#     to set the Java Heap base and to place the Java Heap above 4GB virtual address.
# This output file may be truncated or incomplete.
#
#  Out of Memory Error (arena.cpp:189), pid=37588, tid=33804
#
# JRE version: Java(TM) SE Runtime Environment (17.0.14+8) (build 17.0.14+8-LTS-191)
# Java VM: Java HotSpot(TM) 64-Bit Server VM (17.0.14+8-LTS-191, mixed mode, sharing, tiered, compressed oops, compressed class ptrs, g1 gc, windows-amd64)
# No core dump will be written. Minidumps are not enabled by default on client versions of Windows
#

---------------  S U M M A R Y ------------

Command Line: -DwatchParentProcess=false -XX:+ExitOnOutOfMemoryError -XX:+HeapDumpOnOutOfMemoryError -XX:HeapDumpPath=c:\Users\ysingh6\AppData\Roaming\Code\User\globalStorage\redhat.vscode-xml -Xmx64M org.eclipse.lemminx.XMLServerLauncher

Host: 13th Gen Intel(R) Core(TM) i7-1365U, 12 cores, 15G,  Windows 11 , 64 bit Build 22621 (10.0.22621.5262)
Time: Mon Jun  2 21:00:06 2025 India Standard Time elapsed time: 98470.828384 seconds (1d 3h 21m 10s)

---------------  T H R E A D  ---------------

Current thread (0x0000018dfd05d480):  JavaThread "C2 CompilerThread0" daemon [_thread_in_native, id=33804, stack(0x000000649b800000,0x000000649b900000)]


Current CompileTask:
C2:98470828 3671       4       com.sun.org.apache.xerces.internal.impl.XMLEntityScanner::scanQName (580 bytes)

Stack: [0x000000649b800000,0x000000649b900000]
Native frames: (J=compiled Java code, j=interpreted, Vv=VM code, C=native code)
V  [jvm.dll+0x67a38a]
V  [jvm.dll+0x7da7ed]
V  [jvm.dll+0x7dc133]
V  [jvm.dll+0x7dc7a3]
V  [jvm.dll+0x24517f]
V  [jvm.dll+0xab773]
V  [jvm.dll+0xabd3c]
V  [jvm.dll+0x361e4e]
V  [jvm.dll+0x32c521]
V  [jvm.dll+0x32b9ba]
V  [jvm.dll+0x21693f]
V  [jvm.dll+0x215d6f]
V  [jvm.dll+0x1a2950]
V  [jvm.dll+0x22620b]
V  [jvm.dll+0x2243ab]
V  [jvm.dll+0x790bbc]
V  [jvm.dll+0x78b04a]
V  [jvm.dll+0x679275]
C  [ucrtbase.dll+0x29333]
C  [KERNEL32.DLL+0x1259d]
C  [ntdll.dll+0x5af58]


---------------  P R O C E S S  ---------------

Threads class SMR info:
_java_thread_list=0x0000018dfd924410, length=29, elements={
0x0000018dfd040fb0, 0x0000018dfd042e40, 0x0000018dfd053670, 0x0000018dfd055240,
0x0000018dfd057d10, 0x0000018dfd0586d0, 0x0000018dfd05d480, 0x0000018dfd05df30,
0x0000018dfd0cdc70, 0x0000018dfd2a5200, 0x0000018dfd2acdb0, 0x0000018dfd56d640,
0x0000018df23e8360, 0x0000018dfd712360, 0x0000018dfd78f4e0, 0x0000018dfd78eac0,
0x0000018dfd78efd0, 0x0000018dfd78ff00, 0x0000018dfe5c9ae0, 0x0000018dfe5ccd80,
0x0000018dfe5cf600, 0x0000018dfe5caa10, 0x0000018dfe5d0020, 0x0000018dfe5cd290,
0x0000018dfe5cc360, 0x0000018dfe5cf0f0, 0x0000018dfe5cbe50, 0x0000018dfe5ce1c0,
0x0000018dfe5d0530
}

Java Threads: ( => current thread )
  0x0000018dfd040fb0 JavaThread "Reference Handler" daemon [_thread_blocked, id=44072, stack(0x000000649b200000,0x000000649b300000)]
  0x0000018dfd042e40 JavaThread "Finalizer" daemon [_thread_blocked, id=18500, stack(0x000000649b300000,0x000000649b400000)]
  0x0000018dfd053670 JavaThread "Signal Dispatcher" daemon [_thread_blocked, id=10084, stack(0x000000649b400000,0x000000649b500000)]
  0x0000018dfd055240 JavaThread "Attach Listener" daemon [_thread_blocked, id=9444, stack(0x000000649b500000,0x000000649b600000)]
  0x0000018dfd057d10 JavaThread "Service Thread" daemon [_thread_blocked, id=30872, stack(0x000000649b600000,0x000000649b700000)]
  0x0000018dfd0586d0 JavaThread "Monitor Deflation Thread" daemon [_thread_blocked, id=18928, stack(0x000000649b700000,0x000000649b800000)]
=>0x0000018dfd05d480 JavaThread "C2 CompilerThread0" daemon [_thread_in_native, id=33804, stack(0x000000649b800000,0x000000649b900000)]
  0x0000018dfd05df30 JavaThread "C1 CompilerThread0" daemon [_thread_blocked, id=30936, stack(0x000000649b900000,0x000000649ba00000)]
  0x0000018dfd0cdc70 JavaThread "Sweeper thread" daemon [_thread_blocked, id=10780, stack(0x000000649ba00000,0x000000649bb00000)]
  0x0000018dfd2a5200 JavaThread "Notification Thread" daemon [_thread_blocked, id=34688, stack(0x000000649bb00000,0x000000649bc00000)]
  0x0000018dfd2acdb0 JavaThread "Common-Cleaner" daemon [_thread_blocked, id=33604, stack(0x000000649bd00000,0x000000649be00000)]
  0x0000018dfd56d640 JavaThread "pool-4-thread-1" [_thread_in_native, id=8032, stack(0x000000649be00000,0x000000649bf00000)]
  0x0000018df23e8360 JavaThread "DestroyJavaVM" [_thread_blocked, id=19540, stack(0x000000649ab00000,0x000000649ac00000)]
  0x0000018dfd712360 JavaThread "pool-5-thread-1" [_thread_blocked, id=38044, stack(0x000000649bf00000,0x000000649c000000)]
  0x0000018dfd78f4e0 JavaThread "Thread-0" daemon [_thread_blocked, id=35488, stack(0x000000649cc00000,0x000000649cd00000)]
  0x0000018dfd78eac0 JavaThread "Thread-1" daemon [_thread_blocked, id=15372, stack(0x000000649cd00000,0x000000649ce00000)]
  0x0000018dfd78efd0 JavaThread "pool-1-thread-1" [_thread_blocked, id=4676, stack(0x000000649cf00000,0x000000649d000000)]
  0x0000018dfd78ff00 JavaThread "pool-1-thread-2" [_thread_blocked, id=41884, stack(0x000000649d000000,0x000000649d100000)]
  0x0000018dfe5c9ae0 JavaThread "ForkJoinPool.commonPool-worker-19" daemon [_thread_blocked, id=25732, stack(0x000000649a800000,0x000000649a900000)]
  0x0000018dfe5ccd80 JavaThread "ForkJoinPool.commonPool-worker-20" daemon [_thread_blocked, id=17768, stack(0x000000649a900000,0x000000649aa00000)]
  0x0000018dfe5cf600 JavaThread "ForkJoinPool.commonPool-worker-21" daemon [_thread_blocked, id=3484, stack(0x000000649aa00000,0x000000649ab00000)]
  0x0000018dfe5caa10 JavaThread "ForkJoinPool.commonPool-worker-22" daemon [_thread_blocked, id=25872, stack(0x000000649c000000,0x000000649c100000)]
  0x0000018dfe5d0020 JavaThread "ForkJoinPool.commonPool-worker-23" daemon [_thread_blocked, id=22996, stack(0x000000649c100000,0x000000649c200000)]
  0x0000018dfe5cd290 JavaThread "ForkJoinPool.commonPool-worker-24" daemon [_thread_blocked, id=45832, stack(0x000000649c200000,0x000000649c300000)]
  0x0000018dfe5cc360 JavaThread "ForkJoinPool.commonPool-worker-25" daemon [_thread_blocked, id=23624, stack(0x000000649c300000,0x000000649c400000)]
  0x0000018dfe5cf0f0 JavaThread "ForkJoinPool.commonPool-worker-26" daemon [_thread_blocked, id=27100, stack(0x000000649ce00000,0x000000649cf00000)]
  0x0000018dfe5cbe50 JavaThread "ForkJoinPool.commonPool-worker-27" daemon [_thread_blocked, id=41244, stack(0x000000649d100000,0x000000649d200000)]
  0x0000018dfe5ce1c0 JavaThread "ForkJoinPool.commonPool-worker-28" daemon [_thread_blocked, id=30452, stack(0x000000649d200000,0x000000649d300000)]
  0x0000018dfe5d0530 JavaThread "ForkJoinPool.commonPool-worker-29" daemon [_thread_blocked, id=31568, stack(0x000000649d300000,0x000000649d400000)]

Other Threads:
  0x0000018df2496d00 VMThread "VM Thread" [stack: 0x000000649b100000,0x000000649b200000] [id=39484]
  0x0000018dfd2abb10 WatcherThread [stack: 0x000000649bc00000,0x000000649bd00000] [id=13492]
  0x0000018df2406e60 GCTaskThread "GC Thread#0" [stack: 0x000000649ac00000,0x000000649ad00000] [id=23908]
  0x0000018dfd32be40 GCTaskThread "GC Thread#1" [stack: 0x000000649c400000,0x000000649c500000] [id=11388]
  0x0000018dfd2cf6f0 GCTaskThread "GC Thread#2" [stack: 0x000000649c500000,0x000000649c600000] [id=14464]
  0x0000018dfd2cf9b0 GCTaskThread "GC Thread#3" [stack: 0x000000649c600000,0x000000649c700000] [id=46276]
  0x0000018dfd2cfc70 GCTaskThread "GC Thread#4" [stack: 0x000000649c700000,0x000000649c800000] [id=35364]
  0x0000018dfd2cff30 GCTaskThread "GC Thread#5" [stack: 0x000000649c800000,0x000000649c900000] [id=12036]
  0x0000018dfd74c980 GCTaskThread "GC Thread#6" [stack: 0x000000649c900000,0x000000649ca00000] [id=844]
  0x0000018dfd7a1490 GCTaskThread "GC Thread#7" [stack: 0x000000649ca00000,0x000000649cb00000] [id=3628]
  0x0000018dfd7b3210 GCTaskThread "GC Thread#8" [stack: 0x000000649cb00000,0x000000649cc00000] [id=1672]
  0x0000018dfd6cb2d0 GCTaskThread "GC Thread#9" [stack: 0x000000649d400000,0x000000649d500000] [id=19360]
  0x0000018df24091a0 ConcurrentGCThread "G1 Main Marker" [stack: 0x000000649ad00000,0x000000649ae00000] [id=42436]
  0x0000018df240a350 ConcurrentGCThread "G1 Conc#0" [stack: 0x000000649ae00000,0x000000649af00000] [id=29480]
  0x0000018df2474360 ConcurrentGCThread "G1 Refine#0" [stack: 0x000000649af00000,0x000000649b000000] [id=34456]
  0x0000018df2474d90 ConcurrentGCThread "G1 Service" [stack: 0x000000649b000000,0x000000649b100000] [id=16408]

Threads with active compile tasks:
C2 CompilerThread0  98470877 3671       4       com.sun.org.apache.xerces.internal.impl.XMLEntityScanner::scanQName (580 bytes)

VM state: not at safepoint (normal execution)

VM Mutex/Monitor currently owned by a thread: None

Heap address: 0x00000000fc000000, size: 64 MB, Compressed Oops mode: 32-bit

CDS archive(s) mapped at: [0x0000018d8f000000-0x0000018d8fbd0000-0x0000018d8fbd0000), size 12386304, SharedBaseAddress: 0x0000018d8f000000, ArchiveRelocationMode: 1.
Compressed class space mapped at: 0x0000018d90000000-0x0000018dd0000000, reserved size: 1073741824
Narrow klass base: 0x0000018d8f000000, Narrow klass shift: 0, Narrow klass range: 0x100000000

GC Precious Log:
 CPUs: 12 total, 12 available
 Memory: 16068M
 Large Page Support: Disabled
 NUMA Support: Disabled
 Compressed Oops: Enabled (32-bit)
 Heap Region Size: 1M
 Heap Min Capacity: 8M
 Heap Initial Capacity: 64M
 Heap Max Capacity: 64M
 Pre-touch: Disabled
 Parallel Workers: 10
 Concurrent Workers: 3
 Concurrent Refinement Workers: 10
 Periodic GC: Disabled

Heap:
 garbage-first heap   total 65536K, used 34780K [0x00000000fc000000, 0x0000000100000000)
  region size 1024K, 31 young (31744K), 3 survivors (3072K)
 Metaspace       used 15904K, committed 16128K, reserved 1114112K
  class space    used 1804K, committed 1920K, reserved 1048576K

Heap Regions: E=young(eden), S=young(survivor), O=old, HS=humongous(starts), HC=humongous(continues), CS=collection set, F=free, OA=open archive, CA=closed archive, TAMS=top-at-mark-start (previous, next)
|   0|0x00000000fc000000, 0x00000000fc100000, 0x00000000fc100000|100%|HS|  |TAMS 0x00000000fc000000, 0x00000000fc000000| Complete 
|   1|0x00000000fc100000, 0x00000000fc200000, 0x00000000fc200000|100%| O|  |TAMS 0x00000000fc100000, 0x00000000fc100000| Untracked 
|   2|0x00000000fc200000, 0x00000000fc300000, 0x00000000fc300000|100%| O|  |TAMS 0x00000000fc200000, 0x00000000fc200000| Untracked 
|   3|0x00000000fc300000, 0x00000000fc400000, 0x00000000fc400000|100%| O|  |TAMS 0x00000000fc300000, 0x00000000fc300000| Untracked 
|   4|0x00000000fc400000, 0x00000000fc500000, 0x00000000fc500000|100%| O|  |TAMS 0x00000000fc400000, 0x00000000fc400000| Untracked 
|   5|0x00000000fc500000, 0x00000000fc53f000, 0x00000000fc600000| 24%| O|  |TAMS 0x00000000fc500000, 0x00000000fc500000| Untracked 
|   6|0x00000000fc600000, 0x00000000fc600000, 0x00000000fc700000|  0%| F|  |TAMS 0x00000000fc600000, 0x00000000fc600000| Untracked 
|   7|0x00000000fc700000, 0x00000000fc700000, 0x00000000fc800000|  0%| F|  |TAMS 0x00000000fc700000, 0x00000000fc700000| Untracked 
|   8|0x00000000fc800000, 0x00000000fc800000, 0x00000000fc900000|  0%| F|  |TAMS 0x00000000fc800000, 0x00000000fc800000| Untracked 
|   9|0x00000000fc900000, 0x00000000fc900000, 0x00000000fca00000|  0%| F|  |TAMS 0x00000000fc900000, 0x00000000fc900000| Untracked 
|  10|0x00000000fca00000, 0x00000000fca00000, 0x00000000fcb00000|  0%| F|  |TAMS 0x00000000fca00000, 0x00000000fca00000| Untracked 
|  11|0x00000000fcb00000, 0x00000000fcb00000, 0x00000000fcc00000|  0%| F|  |TAMS 0x00000000fcb00000, 0x00000000fcb00000| Untracked 
|  12|0x00000000fcc00000, 0x00000000fcc00000, 0x00000000fcd00000|  0%| F|  |TAMS 0x00000000fcc00000, 0x00000000fcc00000| Untracked 
|  13|0x00000000fcd00000, 0x00000000fcd00000, 0x00000000fce00000|  0%| F|  |TAMS 0x00000000fcd00000, 0x00000000fcd00000| Untracked 
|  14|0x00000000fce00000, 0x00000000fce00000, 0x00000000fcf00000|  0%| F|  |TAMS 0x00000000fce00000, 0x00000000fce00000| Untracked 
|  15|0x00000000fcf00000, 0x00000000fcf00000, 0x00000000fd000000|  0%| F|  |TAMS 0x00000000fcf00000, 0x00000000fcf00000| Untracked 
|  16|0x00000000fd000000, 0x00000000fd000000, 0x00000000fd100000|  0%| F|  |TAMS 0x00000000fd000000, 0x00000000fd000000| Untracked 
|  17|0x00000000fd100000, 0x00000000fd100000, 0x00000000fd200000|  0%| F|  |TAMS 0x00000000fd100000, 0x00000000fd100000| Untracked 
|  18|0x00000000fd200000, 0x00000000fd200000, 0x00000000fd300000|  0%| F|  |TAMS 0x00000000fd200000, 0x00000000fd200000| Untracked 
|  19|0x00000000fd300000, 0x00000000fd300000, 0x00000000fd400000|  0%| F|  |TAMS 0x00000000fd300000, 0x00000000fd300000| Untracked 
|  20|0x00000000fd400000, 0x00000000fd400000, 0x00000000fd500000|  0%| F|  |TAMS 0x00000000fd400000, 0x00000000fd400000| Untracked 
|  21|0x00000000fd500000, 0x00000000fd500000, 0x00000000fd600000|  0%| F|  |TAMS 0x00000000fd500000, 0x00000000fd500000| Untracked 
|  22|0x00000000fd600000, 0x00000000fd600000, 0x00000000fd700000|  0%| F|  |TAMS 0x00000000fd600000, 0x00000000fd600000| Untracked 
|  23|0x00000000fd700000, 0x00000000fd700000, 0x00000000fd800000|  0%| F|  |TAMS 0x00000000fd700000, 0x00000000fd700000| Untracked 
|  24|0x00000000fd800000, 0x00000000fd800000, 0x00000000fd900000|  0%| F|  |TAMS 0x00000000fd800000, 0x00000000fd800000| Untracked 
|  25|0x00000000fd900000, 0x00000000fd900000, 0x00000000fda00000|  0%| F|  |TAMS 0x00000000fd900000, 0x00000000fd900000| Untracked 
|  26|0x00000000fda00000, 0x00000000fdab8008, 0x00000000fdb00000| 71%| S|CS|TAMS 0x00000000fda00000, 0x00000000fda00000| Complete 
|  27|0x00000000fdb00000, 0x00000000fdc00000, 0x00000000fdc00000|100%| S|CS|TAMS 0x00000000fdb00000, 0x00000000fdb00000| Complete 
|  28|0x00000000fdc00000, 0x00000000fdd00000, 0x00000000fdd00000|100%| S|CS|TAMS 0x00000000fdc00000, 0x00000000fdc00000| Complete 
|  29|0x00000000fdd00000, 0x00000000fdd00000, 0x00000000fde00000|  0%| F|  |TAMS 0x00000000fdd00000, 0x00000000fdd00000| Untracked 
|  30|0x00000000fde00000, 0x00000000fde00000, 0x00000000fdf00000|  0%| F|  |TAMS 0x00000000fde00000, 0x00000000fde00000| Untracked 
|  31|0x00000000fdf00000, 0x00000000fdf00000, 0x00000000fe000000|  0%| F|  |TAMS 0x00000000fdf00000, 0x00000000fdf00000| Untracked 
|  32|0x00000000fe000000, 0x00000000fe000000, 0x00000000fe100000|  0%| F|  |TAMS 0x00000000fe000000, 0x00000000fe000000| Untracked 
|  33|0x00000000fe100000, 0x00000000fe100000, 0x00000000fe200000|  0%| F|  |TAMS 0x00000000fe100000, 0x00000000fe100000| Untracked 
|  34|0x00000000fe200000, 0x00000000fe200000, 0x00000000fe300000|  0%| F|  |TAMS 0x00000000fe200000, 0x00000000fe200000| Untracked 
|  35|0x00000000fe300000, 0x00000000fe300000, 0x00000000fe400000|  0%| F|  |TAMS 0x00000000fe300000, 0x00000000fe300000| Untracked 
|  36|0x00000000fe400000, 0x00000000fe4f8698, 0x00000000fe500000| 97%| E|  |TAMS 0x00000000fe400000, 0x00000000fe400000| Complete 
|  37|0x00000000fe500000, 0x00000000fe600000, 0x00000000fe600000|100%| E|CS|TAMS 0x00000000fe500000, 0x00000000fe500000| Complete 
|  38|0x00000000fe600000, 0x00000000fe700000, 0x00000000fe700000|100%| E|CS|TAMS 0x00000000fe600000, 0x00000000fe600000| Complete 
|  39|0x00000000fe700000, 0x00000000fe800000, 0x00000000fe800000|100%| E|CS|TAMS 0x00000000fe700000, 0x00000000fe700000| Complete 
|  40|0x00000000fe800000, 0x00000000fe900000, 0x00000000fe900000|100%| E|CS|TAMS 0x00000000fe800000, 0x00000000fe800000| Complete 
|  41|0x00000000fe900000, 0x00000000fea00000, 0x00000000fea00000|100%| E|  |TAMS 0x00000000fe900000, 0x00000000fe900000| Complete 
|  42|0x00000000fea00000, 0x00000000feb00000, 0x00000000feb00000|100%| E|CS|TAMS 0x00000000fea00000, 0x00000000fea00000| Complete 
|  43|0x00000000feb00000, 0x00000000fec00000, 0x00000000fec00000|100%| E|CS|TAMS 0x00000000feb00000, 0x00000000feb00000| Complete 
|  44|0x00000000fec00000, 0x00000000fed00000, 0x00000000fed00000|100%| E|CS|TAMS 0x00000000fec00000, 0x00000000fec00000| Complete 
|  45|0x00000000fed00000, 0x00000000fee00000, 0x00000000fee00000|100%| E|CS|TAMS 0x00000000fed00000, 0x00000000fed00000| Complete 
|  46|0x00000000fee00000, 0x00000000fef00000, 0x00000000fef00000|100%| E|CS|TAMS 0x00000000fee00000, 0x00000000fee00000| Complete 
|  47|0x00000000fef00000, 0x00000000ff000000, 0x00000000ff000000|100%| E|CS|TAMS 0x00000000fef00000, 0x00000000fef00000| Complete 
|  48|0x00000000ff000000, 0x00000000ff100000, 0x00000000ff100000|100%| E|CS|TAMS 0x00000000ff000000, 0x00000000ff000000| Complete 
|  49|0x00000000ff100000, 0x00000000ff200000, 0x00000000ff200000|100%| E|CS|TAMS 0x00000000ff100000, 0x00000000ff100000| Complete 
|  50|0x00000000ff200000, 0x00000000ff300000, 0x00000000ff300000|100%| E|CS|TAMS 0x00000000ff200000, 0x00000000ff200000| Complete 
|  51|0x00000000ff300000, 0x00000000ff400000, 0x00000000ff400000|100%| E|CS|TAMS 0x00000000ff300000, 0x00000000ff300000| Complete 
|  52|0x00000000ff400000, 0x00000000ff500000, 0x00000000ff500000|100%| E|CS|TAMS 0x00000000ff400000, 0x00000000ff400000| Complete 
|  53|0x00000000ff500000, 0x00000000ff600000, 0x00000000ff600000|100%| E|CS|TAMS 0x00000000ff500000, 0x00000000ff500000| Complete 
|  54|0x00000000ff600000, 0x00000000ff700000, 0x00000000ff700000|100%| E|CS|TAMS 0x00000000ff600000, 0x00000000ff600000| Complete 
|  55|0x00000000ff700000, 0x00000000ff800000, 0x00000000ff800000|100%| E|CS|TAMS 0x00000000ff700000, 0x00000000ff700000| Complete 
|  56|0x00000000ff800000, 0x00000000ff900000, 0x00000000ff900000|100%| E|CS|TAMS 0x00000000ff800000, 0x00000000ff800000| Complete 
|  57|0x00000000ff900000, 0x00000000ffa00000, 0x00000000ffa00000|100%| E|CS|TAMS 0x00000000ff900000, 0x00000000ff900000| Complete 
|  58|0x00000000ffa00000, 0x00000000ffb00000, 0x00000000ffb00000|100%| E|CS|TAMS 0x00000000ffa00000, 0x00000000ffa00000| Complete 
|  59|0x00000000ffb00000, 0x00000000ffc00000, 0x00000000ffc00000|100%| E|CS|TAMS 0x00000000ffb00000, 0x00000000ffb00000| Complete 
|  60|0x00000000ffc00000, 0x00000000ffd00000, 0x00000000ffd00000|100%| E|CS|TAMS 0x00000000ffc00000, 0x00000000ffc00000| Complete 
|  61|0x00000000ffd00000, 0x00000000ffe00000, 0x00000000ffe00000|100%| E|CS|TAMS 0x00000000ffd00000, 0x00000000ffd00000| Complete 
|  62|0x00000000ffe00000, 0x00000000fff00000, 0x00000000fff00000|100%| E|CS|TAMS 0x00000000ffe00000, 0x00000000ffe00000| Complete 
|  63|0x00000000fff00000, 0x0000000100000000, 0x0000000100000000|100%| E|CS|TAMS 0x00000000fff00000, 0x00000000fff00000| Complete 

Card table byte_map: [0x0000018df1b70000,0x0000018df1b90000] _byte_map_base: 0x0000018df1390000

Marking Bits (Prev, Next): (CMBitMap*) 0x0000018df2408490, (CMBitMap*) 0x0000018df24084d0
 Prev Bits: [0x0000018dfa220000, 0x0000018dfa320000)
 Next Bits: [0x0000018dfa320000, 0x0000018dfa420000)

Polling page: 0x0000018df0330000

Metaspace:

Usage:
  Non-class:     13.77 MB used.
      Class:      1.76 MB used.
       Both:     15.53 MB used.

Virtual space:
  Non-class space:       64.00 MB reserved,      13.88 MB ( 22%) committed,  1 nodes.
      Class space:        1.00 GB reserved,       1.88 MB ( <1%) committed,  1 nodes.
             Both:        1.06 GB reserved,      15.75 MB (  1%) committed. 

Chunk freelists:
   Non-Class:  2.12 MB
       Class:  14.15 MB
        Both:  16.28 MB

MaxMetaspaceSize: unlimited
CompressedClassSpaceSize: 1.00 GB
Initial GC threshold: 21.00 MB
Current GC threshold: 21.00 MB
CDS: on
MetaspaceReclaimPolicy: balanced
 - commit_granule_bytes: 65536.
 - commit_granule_words: 8192.
 - virtual_space_node_default_size: 8388608.
 - enlarge_chunks_in_place: 1.
 - new_chunks_are_fully_committed: 0.
 - uncommit_free_chunks: 1.
 - use_allocation_guard: 0.
 - handle_deallocations: 1.


Internal statistics:

num_allocs_failed_limit: 0.
num_arena_births: 260.
num_arena_deaths: 0.
num_vsnodes_births: 2.
num_vsnodes_deaths: 0.
num_space_committed: 252.
num_space_uncommitted: 0.
num_chunks_returned_to_freelist: 0.
num_chunks_taken_from_freelist: 772.
num_chunk_merges: 0.
num_chunk_splits: 505.
num_chunks_enlarged: 367.
num_inconsistent_stats: 0.

CodeHeap 'non-profiled nmethods': size=120000Kb used=1649Kb max_used=1649Kb free=118350Kb
 bounds [0x0000018d87ad0000, 0x0000018d87d40000, 0x0000018d8f000000]
CodeHeap 'profiled nmethods': size=120000Kb used=8298Kb max_used=8298Kb free=111701Kb
 bounds [0x0000018d80000000, 0x0000018d80820000, 0x0000018d87530000]
CodeHeap 'non-nmethods': size=5760Kb used=1220Kb max_used=1264Kb free=4539Kb
 bounds [0x0000018d87530000, 0x0000018d877a0000, 0x0000018d87ad0000]
 total_blobs=4189 nmethods=3667 adapters=434
 compilation: enabled
              stopped_count=0, restarted_count=0
 full_count=0

Compilation events (20 events):
Event: 98469.912 Thread 0x0000018dfd05df30 nmethod 3661 0x0000018d87c6b110 code [0x0000018d87c6b2a0, 0x0000018d87c6b378]
Event: 98469.912 Thread 0x0000018dfd05df30 3662       1       org.eclipse.lemminx.extensions.contentmodel.participants.ContentModelSymbolsProviderParticipant::isEnabled (5 bytes)
Event: 98469.912 Thread 0x0000018dfd05df30 nmethod 3662 0x0000018d87c6b410 code [0x0000018d87c6b5a0, 0x0000018d87c6b678]
Event: 98469.913 Thread 0x0000018dfd05df30 3663   !   3       org.eclipse.lemminx.extensions.contentmodel.model.ContentModelManager::fillReferencedGrammarInfo (259 bytes)
Event: 98469.916 Thread 0x0000018dfd05df30 nmethod 3663 0x0000018d80813690 code [0x0000018d80813aa0, 0x0000018d80815928]
Event: 98469.916 Thread 0x0000018dfd05df30 3664       3       org.eclipse.lemminx.uriresolver.URIResolverExtensionManager::resolveInfo (116 bytes)
Event: 98469.916 Thread 0x0000018dfd05df30 nmethod 3664 0x0000018d80816890 code [0x0000018d80816b00, 0x0000018d808178a8]
Event: 98469.916 Thread 0x0000018dfd05df30 3665       1       org.eclipse.lemminx.extensions.contentmodel.model.ReferencedGrammarInfo::getResolvedURIInfo (5 bytes)
Event: 98469.916 Thread 0x0000018dfd05df30 nmethod 3665 0x0000018d87c6b710 code [0x0000018d87c6b8a0, 0x0000018d87c6b978]
Event: 98469.916 Thread 0x0000018dfd05df30 3666       1       org.eclipse.lemminx.extensions.contentmodel.model.ContentModelProvider$Identifier::getKind (5 bytes)
Event: 98469.916 Thread 0x0000018dfd05df30 nmethod 3666 0x0000018d87c6ba10 code [0x0000018d87c6bba0, 0x0000018d87c6bc78]
Event: 98469.916 Thread 0x0000018dfd05df30 3667       1       org.eclipse.lemminx.uriresolver.URIResolverExtensionManager$DefaultURIResolverExtension::getName (3 bytes)
Event: 98469.916 Thread 0x0000018dfd05df30 nmethod 3667 0x0000018d87c6bd10 code [0x0000018d87c6bea0, 0x0000018d87c6bf78]
Event: 98469.916 Thread 0x0000018dfd05df30 3668       1       org.eclipse.lemminx.extensions.contentmodel.model.ReferencedGrammarInfo::getIdentifier (5 bytes)
Event: 98469.917 Thread 0x0000018dfd05df30 nmethod 3668 0x0000018d87c6c010 code [0x0000018d87c6c1a0, 0x0000018d87c6c278]
Event: 98469.917 Thread 0x0000018dfd05df30 3669       1       org.eclipse.lemminx.extensions.contentmodel.model.ContentModelProvider$Identifier::getRange (5 bytes)
Event: 98469.917 Thread 0x0000018dfd05df30 nmethod 3669 0x0000018d87c6c310 code [0x0000018d87c6c4a0, 0x0000018d87c6c578]
Event: 98470.735 Thread 0x0000018dfd05df30 3670       3       com.sun.org.apache.xerces.internal.impl.PropertyManager::initConfigurableReaderProperties (383 bytes)
Event: 98470.736 Thread 0x0000018dfd05df30 nmethod 3670 0x0000018d80817c90 code [0x0000018d80818100, 0x0000018d8081a238]
Event: 98470.736 Thread 0x0000018dfd05d480 3671       4       com.sun.org.apache.xerces.internal.impl.XMLEntityScanner::scanQName (580 bytes)

GC Heap History (6 events):
Event: 4679.390 GC heap before
{Heap before GC invocations=0 (full 0):
 garbage-first heap   total 65536K, used 23552K [0x00000000fc000000, 0x0000000100000000)
  region size 1024K, 23 young (23552K), 0 survivors (0K)
 Metaspace       used 7556K, committed 7744K, reserved 1114112K
  class space    used 933K, committed 1024K, reserved 1048576K
}
Event: 4679.401 GC heap after
{Heap after GC invocations=1 (full 0):
 garbage-first heap   total 65536K, used 5586K [0x00000000fc000000, 0x0000000100000000)
  region size 1024K, 3 young (3072K), 3 survivors (3072K)
 Metaspace       used 7556K, committed 7744K, reserved 1114112K
  class space    used 933K, committed 1024K, reserved 1048576K
}
Event: 4721.906 GC heap before
{Heap before GC invocations=1 (full 0):
 garbage-first heap   total 65536K, used 30162K [0x00000000fc000000, 0x0000000100000000)
  region size 1024K, 28 young (28672K), 3 survivors (3072K)
 Metaspace       used 13327K, committed 13504K, reserved 1114112K
  class space    used 1563K, committed 1664K, reserved 1048576K
}
Event: 4721.911 GC heap after
{Heap after GC invocations=2 (full 0):
 garbage-first heap   total 65536K, used 7539K [0x00000000fc000000, 0x0000000100000000)
  region size 1024K, 3 young (3072K), 3 survivors (3072K)
 Metaspace       used 13327K, committed 13504K, reserved 1114112K
  class space    used 1563K, committed 1664K, reserved 1048576K
}
Event: 5300.908 GC heap before
{Heap before GC invocations=2 (full 0):
 garbage-first heap   total 65536K, used 39283K [0x00000000fc000000, 0x0000000100000000)
  region size 1024K, 35 young (35840K), 3 survivors (3072K)
 Metaspace       used 15540K, committed 15744K, reserved 1114112K
  class space    used 1796K, committed 1920K, reserved 1048576K
}
Event: 5300.911 GC heap after
{Heap after GC invocations=3 (full 0):
 garbage-first heap   total 65536K, used 8156K [0x00000000fc000000, 0x0000000100000000)
  region size 1024K, 3 young (3072K), 3 survivors (3072K)
 Metaspace       used 15540K, committed 15744K, reserved 1114112K
  class space    used 1796K, committed 1920K, reserved 1048576K
}

Deoptimization events (20 events):
Event: 5299.406 Thread 0x0000018dfe5cf600 Uncommon trap: trap_request=0xffffffc6 fr.pc=0x0000018d87b7103c relative=0x000000000000045c
Event: 5299.406 Thread 0x0000018dfe5cf600 Uncommon trap: reason=bimorphic_or_optimized_type_check action=maybe_recompile pc=0x0000018d87b7103c method=java.util.regex.Pattern$Branch.match(Ljava/util/regex/Matcher;ILjava/lang/CharSequence;)Z @ 32 c2
Event: 5299.406 Thread 0x0000018dfe5cf600 DEOPT PACKING pc=0x0000018d87b7103c sp=0x000000649d3fe590
Event: 5299.406 Thread 0x0000018dfe5cf600 DEOPT UNPACKING pc=0x0000018d875823a3 sp=0x000000649d3fe540 mode 2
Event: 98345.336 Thread 0x0000018dfe5d0020 Uncommon trap: trap_request=0xffffff45 fr.pc=0x0000018d87bc5268 relative=0x0000000000000068
Event: 98345.336 Thread 0x0000018dfe5d0020 Uncommon trap: reason=unstable_if action=reinterpret pc=0x0000018d87bc5268 method=java.util.concurrent.CompletableFuture.isCancelled()Z @ 9 c2
Event: 98345.336 Thread 0x0000018dfe5d0020 DEOPT PACKING pc=0x0000018d87bc5268 sp=0x000000649c1fe7e0
Event: 98345.337 Thread 0x0000018dfe5d0020 DEOPT UNPACKING pc=0x0000018d875823a3 sp=0x000000649c1fe708 mode 2
Event: 98410.907 Thread 0x0000018dfe5d0530 Uncommon trap: trap_request=0xffffff45 fr.pc=0x0000018d87bb6264 relative=0x0000000000000064
Event: 98410.907 Thread 0x0000018dfe5d0530 Uncommon trap: reason=unstable_if action=reinterpret pc=0x0000018d87bb6264 method=org.eclipse.lemminx.commons.TextDocumentVersionChecker.checkCanceled()V @ 11 c2
Event: 98410.907 Thread 0x0000018dfe5d0530 DEOPT PACKING pc=0x0000018d87bb6264 sp=0x000000649d3fe4b0
Event: 98410.907 Thread 0x0000018dfe5d0530 DEOPT UNPACKING pc=0x0000018d875823a3 sp=0x000000649d3fe440 mode 2
Event: 98434.547 Thread 0x0000018dfe5ccd80 Uncommon trap: trap_request=0xffffff45 fr.pc=0x0000018d87c24558 relative=0x00000000000030d8
Event: 98434.547 Thread 0x0000018dfe5ccd80 Uncommon trap: reason=unstable_if action=reinterpret pc=0x0000018d87c24558 method=org.eclipse.lemminx.dom.parser.XMLScanner.lambda$static$2(Ljava/lang/Integer;)Z @ 47 c2
Event: 98434.547 Thread 0x0000018dfe5ccd80 DEOPT PACKING pc=0x0000018d87c24558 sp=0x000000649a9fed60
Event: 98434.547 Thread 0x0000018dfe5ccd80 DEOPT UNPACKING pc=0x0000018d875823a3 sp=0x000000649a9feb98 mode 2
Event: 98434.727 Thread 0x0000018dfe5ccd80 Uncommon trap: trap_request=0xffffff45 fr.pc=0x0000018d87bfd0a0 relative=0x00000000000001e0
Event: 98434.727 Thread 0x0000018dfe5ccd80 Uncommon trap: reason=unstable_if action=reinterpret pc=0x0000018d87bfd0a0 method=org.eclipse.lemminx.dom.parser.XMLScanner.lambda$static$2(Ljava/lang/Integer;)Z @ 47 c2
Event: 98434.727 Thread 0x0000018dfe5ccd80 DEOPT PACKING pc=0x0000018d87bfd0a0 sp=0x000000649a9fecd0
Event: 98434.727 Thread 0x0000018dfe5ccd80 DEOPT UNPACKING pc=0x0000018d875823a3 sp=0x000000649a9febf8 mode 2

Classes unloaded (0 events):
No events

Classes redefined (0 events):
No events

Internal exceptions (20 events):
Event: 4679.647 Thread 0x0000018dfd5c2290 Exception <a 'java/lang/NoSuchMethodError'{0x00000000ffcbe1f0}: 'java.lang.Object java.lang.invoke.DirectMethodHandle$Holder.invokeSpecial(java.lang.Object, java.lang.Object, java.lang.Object, java.lang.Object, int)'> (0x00000000ffcbe1f0) 
thrown [s\open\src\hotspot\share\interpreter\linkResolver.cpp, line 759]
Event: 4679.649 Thread 0x0000018dfd5c2290 Exception <a 'sun/nio/fs/WindowsException'{0x00000000ffcca9b8}> (0x00000000ffcca9b8) 
thrown [s\open\src\hotspot\share\prims\jni.cpp, line 516]
Event: 4679.649 Thread 0x0000018dfd5c2290 Exception <a 'sun/nio/fs/WindowsException'{0x00000000ffccabf8}> (0x00000000ffccabf8) 
thrown [s\open\src\hotspot\share\prims\jni.cpp, line 516]
Event: 4679.650 Thread 0x0000018dfd5c2290 Exception <a 'sun/nio/fs/WindowsException'{0x00000000ffccbaa8}> (0x00000000ffccbaa8) 
thrown [s\open\src\hotspot\share\prims\jni.cpp, line 516]
Event: 4679.650 Thread 0x0000018dfd5c2290 Exception <a 'sun/nio/fs/WindowsException'{0x00000000ffccbce8}> (0x00000000ffccbce8) 
thrown [s\open\src\hotspot\share\prims\jni.cpp, line 516]
Event: 4679.651 Thread 0x0000018dfd5c2290 Exception <a 'sun/nio/fs/WindowsException'{0x00000000ffccc480}> (0x00000000ffccc480) 
thrown [s\open\src\hotspot\share\prims\jni.cpp, line 516]
Event: 4679.651 Thread 0x0000018dfd5c2290 Exception <a 'sun/nio/fs/WindowsException'{0x00000000ffccc6c0}> (0x00000000ffccc6c0) 
thrown [s\open\src\hotspot\share\prims\jni.cpp, line 516]
Event: 4680.074 Thread 0x0000018dfd5c2290 Exception <a 'java/lang/NoSuchMethodError'{0x00000000ff279b60}: 'java.lang.Object java.lang.invoke.DirectMethodHandle$Holder.invokeStatic(java.lang.Object, int, java.lang.Object)'> (0x00000000ff279b60) 
thrown [s\open\src\hotspot\share\interpreter\linkResolver.cpp, line 759]
Event: 4680.138 Thread 0x0000018dfd5c2290 Exception <a 'java/lang/NoSuchMethodError'{0x00000000ff041520}: 'java.lang.Object java.lang.invoke.DirectMethodHandle$Holder.newInvokeSpecial(java.lang.Object, java.lang.Object, int, java.lang.Object, java.lang.Object)'> (0x00000000ff041520) 
thrown [s\open\src\hotspot\share\interpreter\linkResolver.cpp, line 759]
Event: 4686.231 Thread 0x0000018dfd56d640 Exception <a 'java/lang/NoSuchMethodError'{0x00000000ffbcdad8}: 'java.lang.Object java.lang.invoke.DirectMethodHandle$Holder.newInvokeSpecial(java.lang.Object, java.lang.Object, java.lang.Object, int, java.lang.Object)'> (0x00000000ffbcdad8) 
thrown [s\open\src\hotspot\share\interpreter\linkResolver.cpp, line 759]
Event: 4686.231 Thread 0x0000018dfd56d640 Exception <a 'java/lang/NoSuchMethodError'{0x00000000ffbd1f08}: 'java.lang.Object java.lang.invoke.DirectMethodHandle$Holder.invokeSpecial(java.lang.Object, java.lang.Object, java.lang.Object, java.lang.Object, int, java.lang.Object)'> (0x00000000ffbd1f08) 
thrown [s\open\src\hotspot\share\interpreter\linkResolver.cpp, line 759]
Event: 4686.232 Thread 0x0000018dfd56d640 Exception <a 'java/lang/NoSuchMethodError'{0x00000000ff0a9ba0}: 'java.lang.Object java.lang.invoke.Invokers$Holder.linkToTargetMethod(java.lang.Object, java.lang.Object, int, java.lang.Object, java.lang.Object)'> (0x00000000ff0a9ba0) 
thrown [s\open\src\hotspot\share\interpreter\linkResolver.cpp, line 759]
Event: 4703.288 Thread 0x0000018dfd790920 Exception <a 'java/lang/NoSuchMethodError'{0x00000000febc8658}: 'int java.lang.invoke.DirectMethodHandle$Holder.invokeSpecialIFC(java.lang.Object, java.lang.Object, java.lang.Object, java.lang.Object)'> (0x00000000febc8658) 
thrown [s\open\src\hotspot\share\interpreter\linkResolver.cpp, line 759]
Event: 5285.856 Thread 0x0000018dfd790410 Exception <a 'java/lang/NoSuchMethodError'{0x00000000fe678e38}: 'int java.lang.invoke.DirectMethodHandle$Holder.invokeStatic(java.lang.Object, java.lang.Object, java.lang.Object, java.lang.Object)'> (0x00000000fe678e38) 
thrown [s\open\src\hotspot\share\interpreter\linkResolver.cpp, line 759]
Event: 5285.857 Thread 0x0000018dfd790410 Exception <a 'java/lang/NoSuchMethodError'{0x00000000fe681800}: 'java.lang.Object java.lang.invoke.DirectMethodHandle$Holder.invokeStatic(java.lang.Object, int, java.lang.Object, java.lang.Object, java.lang.Object)'> (0x00000000fe681800) 
thrown [s\open\src\hotspot\share\interpreter\linkResolver.cpp, line 759]
Event: 5285.859 Thread 0x0000018dfd790410 Exception <a 'java/lang/NoSuchMethodError'{0x00000000fe688d58}: 'java.lang.Object java.lang.invoke.DirectMethodHandle$Holder.newInvokeSpecial(java.lang.Object, int, java.lang.Object, java.lang.Object)'> (0x00000000fe688d58) 
thrown [s\open\src\hotspot\share\interpreter\linkResolver.cpp, line 759]
Event: 5285.860 Thread 0x0000018dfd790410 Exception <a 'java/lang/NoSuchMethodError'{0x00000000fe68cdd0}: 'java.lang.Object java.lang.invoke.DirectMethodHandle$Holder.invokeSpecial(java.lang.Object, java.lang.Object, int, java.lang.Object, java.lang.Object)'> (0x00000000fe68cdd0) 
thrown [s\open\src\hotspot\share\interpreter\linkResolver.cpp, line 759]
Event: 5285.877 Thread 0x0000018dfd790410 Exception <a 'java/lang/NoSuchMethodError'{0x00000000fe6c4b68}: 'void java.lang.invoke.DirectMethodHandle$Holder.invokeStatic(java.lang.Object, java.lang.Object, java.lang.Object, java.lang.Object, java.lang.Object, java.lang.Object)'> (0x00000000fe6c4b68) 
thrown [s\open\src\hotspot\share\interpreter\linkResolver.cpp, line 759]
Event: 5285.881 Thread 0x0000018dfd790410 Exception <a 'java/lang/NoSuchMethodError'{0x00000000fe6d25a8}: 'void java.lang.invoke.DirectMethodHandle$Holder.invokeStatic(java.lang.Object, java.lang.Object)'> (0x00000000fe6d25a8) 
thrown [s\open\src\hotspot\share\interpreter\linkResolver.cpp, line 759]
Event: 5285.882 Thread 0x0000018dfd790410 Exception <a 'java/lang/IncompatibleClassChangeError'{0x00000000fe6d80f8}: Found class java.lang.Object, but interface was expected> (0x00000000fe6d80f8) 
thrown [s\open\src\hotspot\share\interpreter\linkResolver.cpp, line 826]

VM Operations (20 events):
Event: 98434.818 Executing VM operation: Cleanup
Event: 98434.818 Executing VM operation: Cleanup done
Event: 98436.845 Executing VM operation: Cleanup
Event: 98436.846 Executing VM operation: Cleanup done
Event: 98437.860 Executing VM operation: Cleanup
Event: 98437.860 Executing VM operation: Cleanup done
Event: 98452.976 Executing VM operation: Cleanup
Event: 98452.976 Executing VM operation: Cleanup done
Event: 98453.989 Executing VM operation: Cleanup
Event: 98453.989 Executing VM operation: Cleanup done
Event: 98457.018 Executing VM operation: Cleanup
Event: 98457.018 Executing VM operation: Cleanup done
Event: 98458.735 Executing VM operation: HandshakeAllThreads
Event: 98458.735 Executing VM operation: HandshakeAllThreads done
Event: 98467.796 Executing VM operation: Cleanup
Event: 98467.796 Executing VM operation: Cleanup done
Event: 98468.807 Executing VM operation: Cleanup
Event: 98468.807 Executing VM operation: Cleanup done
Event: 98469.822 Executing VM operation: Cleanup
Event: 98469.822 Executing VM operation: Cleanup done

Events (20 events):
Event: 5524.370 Thread 0x0000018dfe5d0530 Thread exited: 0x0000018dfe5d0530
Event: 5584.370 Thread 0x0000018dfe5cb940 Thread exited: 0x0000018dfe5cb940
Event: 5644.378 Thread 0x0000018dfe5cd7a0 Thread exited: 0x0000018dfe5cd7a0
Event: 5704.391 Thread 0x0000018dfe5cdcb0 Thread exited: 0x0000018dfe5cdcb0
Event: 5764.398 Thread 0x0000018dfe5c9ae0 Thread exited: 0x0000018dfe5c9ae0
Event: 5824.403 Thread 0x0000018dfe5d0f50 Thread exited: 0x0000018dfe5d0f50
Event: 5884.417 Thread 0x0000018dfd791340 Thread exited: 0x0000018dfd791340
Event: 5944.427 Thread 0x0000018dfd78f9f0 Thread exited: 0x0000018dfd78f9f0
Event: 6004.439 Thread 0x0000018dfd78e0a0 Thread exited: 0x0000018dfd78e0a0
Event: 98344.084 Thread 0x0000018dfe5c9ae0 Thread added: 0x0000018dfe5c9ae0
Event: 98344.104 Thread 0x0000018dfe5ccd80 Thread added: 0x0000018dfe5ccd80
Event: 98344.141 Thread 0x0000018dfe5cf600 Thread added: 0x0000018dfe5cf600
Event: 98344.182 Thread 0x0000018dfe5caa10 Thread added: 0x0000018dfe5caa10
Event: 98344.189 Thread 0x0000018dfe5d0020 Thread added: 0x0000018dfe5d0020
Event: 98345.334 Thread 0x0000018dfe5cd290 Thread added: 0x0000018dfe5cd290
Event: 98345.336 Thread 0x0000018dfe5cc360 Thread added: 0x0000018dfe5cc360
Event: 98345.380 Thread 0x0000018dfe5cf0f0 Thread added: 0x0000018dfe5cf0f0
Event: 98373.414 Thread 0x0000018dfe5cbe50 Thread added: 0x0000018dfe5cbe50
Event: 98375.280 Thread 0x0000018dfe5ce1c0 Thread added: 0x0000018dfe5ce1c0
Event: 98376.388 Thread 0x0000018dfe5d0530 Thread added: 0x0000018dfe5d0530


Dynamic libraries:
0x00007ff799db0000 - 0x00007ff799dc0000 	C:\Program Files\Java\jdk-17\bin\java.exe
0x00007ffa140d0000 - 0x00007ffa142e7000 	C:\Windows\SYSTEM32\ntdll.dll
0x00007ffa12eb0000 - 0x00007ffa12f74000 	C:\Windows\System32\KERNEL32.DLL
0x00007ffa11300000 - 0x00007ffa116d3000 	C:\Windows\System32\KERNELBASE.dll
0x00007ffa116e0000 - 0x00007ffa117f1000 	C:\Windows\System32\ucrtbase.dll
0x00007ff9cbf80000 - 0x00007ff9cbf99000 	C:\Program Files\Java\jdk-17\bin\jli.dll
0x00007ffa13f60000 - 0x00007ffa14011000 	C:\Windows\System32\ADVAPI32.dll
0x00007ffa13eb0000 - 0x00007ffa13f57000 	C:\Windows\System32\msvcrt.dll
0x00007ff9ff600000 - 0x00007ff9ff61b000 	C:\Program Files\Java\jdk-17\bin\VCRUNTIME140.dll
0x00007ffa11fc0000 - 0x00007ffa12067000 	C:\Windows\System32\sechost.dll
0x00007ffa11a20000 - 0x00007ffa11a48000 	C:\Windows\System32\bcrypt.dll
0x00007ffa12d80000 - 0x00007ffa12e94000 	C:\Windows\System32\RPCRT4.dll
0x00007ffa13090000 - 0x00007ffa13241000 	C:\Windows\System32\USER32.dll
0x00007ffa11970000 - 0x00007ffa11996000 	C:\Windows\System32\win32u.dll
0x00007ffa13e80000 - 0x00007ffa13ea9000 	C:\Windows\System32\GDI32.dll
0x00007ff9f0200000 - 0x00007ff9f049b000 	C:\Windows\WinSxS\amd64_microsoft.windows.common-controls_6595b64144ccf1df_6.0.22621.5262_none_2712bde373830908\COMCTL32.dll
0x00007ffa11a50000 - 0x00007ffa11b72000 	C:\Windows\System32\gdi32full.dll
0x00007ffa11cc0000 - 0x00007ffa11d5a000 	C:\Windows\System32\msvcp_win.dll
0x00007ffa02090000 - 0x00007ffa0209a000 	C:\Windows\SYSTEM32\VERSION.dll
0x00007ffa12d40000 - 0x00007ffa12d71000 	C:\Windows\System32\IMM32.DLL
0x0000018df1b10000 - 0x0000018df1b26000 	C:\Windows\System32\umppc19011.dll
0x00007ffa10d70000 - 0x00007ffa10eba000 	C:\Program Files\Avecto\Privilege Guard Client\PGHook.dll
0x00007ffa09050000 - 0x00007ffa0905c000 	C:\Program Files\Java\jdk-17\bin\vcruntime140_1.dll
0x00007ff9b6420000 - 0x00007ff9b64ae000 	C:\Program Files\Java\jdk-17\bin\msvcp140.dll
0x00007ff966e70000 - 0x00007ff967a51000 	C:\Program Files\Java\jdk-17\bin\server\jvm.dll
0x00007ffa12070000 - 0x00007ffa12078000 	C:\Windows\System32\PSAPI.DLL
0x00007ffa00870000 - 0x00007ffa00879000 	C:\Windows\SYSTEM32\WSOCK32.dll
0x00007ffa125d0000 - 0x00007ffa12641000 	C:\Windows\System32\WS2_32.dll
0x00007ffa04b90000 - 0x00007ffa04bc4000 	C:\Windows\SYSTEM32\WINMM.dll
0x00007ffa0ff90000 - 0x00007ffa0ffa8000 	C:\Windows\SYSTEM32\kernel.appcore.dll
0x00007ffa05f20000 - 0x00007ffa05f2a000 	C:\Program Files\Java\jdk-17\bin\jimage.dll
0x00007ffa0e750000 - 0x00007ffa0e982000 	C:\Windows\SYSTEM32\DBGHELP.DLL
0x00007ffa12650000 - 0x00007ffa129e3000 	C:\Windows\System32\combase.dll
0x00007ffa13da0000 - 0x00007ffa13e77000 	C:\Windows\System32\OLEAUT32.dll
0x00007ffa015d0000 - 0x00007ffa01602000 	C:\Windows\SYSTEM32\dbgcore.DLL
0x00007ffa11280000 - 0x00007ffa112fb000 	C:\Windows\System32\bcryptPrimitives.dll
0x00007ff9ca770000 - 0x00007ff9ca795000 	C:\Program Files\Java\jdk-17\bin\java.dll
0x00007ff9b2590000 - 0x00007ff9b2667000 	C:\Program Files\Java\jdk-17\bin\jsvml.dll
0x00007ffa13340000 - 0x00007ffa13bdd000 	C:\Windows\System32\SHELL32.dll
0x00007ffa11b80000 - 0x00007ffa11cbf000 	C:\Windows\System32\wintypes.dll
0x00007ffa0ecb0000 - 0x00007ffa0f5cd000 	C:\Windows\SYSTEM32\windows.storage.dll
0x00007ffa12c30000 - 0x00007ffa12d3b000 	C:\Windows\System32\SHCORE.dll
0x00007ffa12bc0000 - 0x00007ffa12c26000 	C:\Windows\System32\shlwapi.dll
0x00007ffa110f0000 - 0x00007ffa1111b000 	C:\Windows\SYSTEM32\profapi.dll
0x00007ff9f4de0000 - 0x00007ff9f4df9000 	C:\Program Files\Java\jdk-17\bin\net.dll
0x00007ffa0ffb0000 - 0x00007ffa100dc000 	C:\Windows\SYSTEM32\WINHTTP.dll
0x00007ffa10530000 - 0x00007ffa1059a000 	C:\Windows\system32\mswsock.dll
0x00007ff9d6e80000 - 0x00007ff9d6e96000 	C:\Program Files\Java\jdk-17\bin\nio.dll
0x00007ff9cec90000 - 0x00007ff9ceca8000 	C:\Program Files\Java\jdk-17\bin\zip.dll
0x00007ffa10830000 - 0x00007ffa1084b000 	C:\Windows\SYSTEM32\CRYPTSP.dll
0x00007ffa0fef0000 - 0x00007ffa0ff27000 	C:\Windows\system32\rsaenh.dll
0x00007ffa105d0000 - 0x00007ffa105f8000 	C:\Windows\SYSTEM32\USERENV.dll
0x00007ffa10810000 - 0x00007ffa1081c000 	C:\Windows\SYSTEM32\CRYPTBASE.dll
0x00007ffa0f820000 - 0x00007ffa0f84d000 	C:\Windows\SYSTEM32\IPHLPAPI.DLL
0x00007ffa13d90000 - 0x00007ffa13d99000 	C:\Windows\System32\NSI.dll
0x00007ffa06610000 - 0x00007ffa06629000 	C:\Windows\SYSTEM32\dhcpcsvc6.DLL
0x00007ffa07520000 - 0x00007ffa0753f000 	C:\Windows\SYSTEM32\dhcpcsvc.DLL
0x00007ffa0f850000 - 0x00007ffa0f948000 	C:\Windows\SYSTEM32\DNSAPI.dll

dbghelp: loaded successfully - version: 4.0.5 - missing functions: none
symbol engine: initialized successfully - sym options: 0x614 - pdb path: .;C:\Program Files\Java\jdk-17\bin;C:\Windows\SYSTEM32;C:\Windows\WinSxS\amd64_microsoft.windows.common-controls_6595b64144ccf1df_6.0.22621.5262_none_2712bde373830908;C:\Program Files\Avecto\Privilege Guard Client;C:\Program Files\Java\jdk-17\bin\server

VM Arguments:
jvm_args: -DwatchParentProcess=false -XX:+ExitOnOutOfMemoryError -XX:+HeapDumpOnOutOfMemoryError -XX:HeapDumpPath=c:\Users\ysingh6\AppData\Roaming\Code\User\globalStorage\redhat.vscode-xml -Xmx64M 
java_command: org.eclipse.lemminx.XMLServerLauncher
java_class_path (initial): c:\Users\ysingh6\.vscode\extensions\redhat.vscode-xml-0.29.0-win32-x64\server\org.eclipse.lemminx-0.31.0-uber.jar;c:/Users/ysingh6/.vscode/extensions/open-liberty.liberty-dev-vscode-ext-25.0.3/jars/liberty-langserver-lemminx-2.2.1-jar-with-dependencies.jar
Launcher Type: SUN_STANDARD

[Global flags]
     intx CICompilerCount                          = 4                                         {product} {ergonomic}
     uint ConcGCThreads                            = 3                                         {product} {ergonomic}
     bool ExitOnOutOfMemoryError                   = true                                      {product} {command line}
     uint G1ConcRefinementThreads                  = 10                                        {product} {ergonomic}
   size_t G1HeapRegionSize                         = 1048576                                   {product} {ergonomic}
    uintx GCDrainStackTargetSize                   = 64                                        {product} {ergonomic}
     bool HeapDumpOnOutOfMemoryError               = true                                   {manageable} {command line}
    ccstr HeapDumpPath                             = c:\Users\ysingh6\AppData\Roaming\Code\User\globalStorage\redhat.vscode-xml         {manageable} {command line}
   size_t InitialHeapSize                          = 67108864                                  {product} {ergonomic}
   size_t MarkStackSize                            = 4194304                                   {product} {ergonomic}
   size_t MaxHeapSize                              = 67108864                                  {product} {command line}
   size_t MaxNewSize                               = 39845888                                  {product} {ergonomic}
   size_t MinHeapDeltaBytes                        = 1048576                                   {product} {ergonomic}
   size_t MinHeapSize                              = 8388608                                   {product} {ergonomic}
    uintx NonNMethodCodeHeapSize                   = 5839372                                {pd product} {ergonomic}
    uintx NonProfiledCodeHeapSize                  = 122909434                              {pd product} {ergonomic}
    uintx ProfiledCodeHeapSize                     = 122909434                              {pd product} {ergonomic}
    uintx ReservedCodeCacheSize                    = 251658240                              {pd product} {ergonomic}
     bool SegmentedCodeCache                       = true                                      {product} {ergonomic}
   size_t SoftMaxHeapSize                          = 67108864                               {manageable} {ergonomic}
     bool UseCompressedClassPointers               = true                           {product lp64_product} {ergonomic}
     bool UseCompressedOops                        = true                           {product lp64_product} {ergonomic}
     bool UseG1GC                                  = true                                      {product} {ergonomic}
     bool UseLargePagesIndividualAllocation        = false                                  {pd product} {ergonomic}

Logging:
Log output configuration:
 #0: stdout all=warning uptime,level,tags
 #1: stderr all=off uptime,level,tags

Environment Variables:
PATH=C:\Program Files\Common Files\Oracle\Java\javapath;C:\Windows\system32;C:\Windows;C:\Windows\System32\Wbem;C:\Windows\System32\WindowsPowerShell\v1.0\;C:\Windows\System32\OpenSSH\;C:\Program Files\dotnet\;C:\Users\ysingh6\AppData\Local\Microsoft\WindowsApps;C:\Users\ysingh6\AppData\Local\Programs\Microsoft VS Code\bin
USERNAME=ysingh6
OS=Windows_NT
PROCESSOR_IDENTIFIER=Intel64 Family 6 Model 186 Stepping 3, GenuineIntel



---------------  S Y S T E M  ---------------

OS:
 Windows 11 , 64 bit Build 22621 (10.0.22621.5262)
OS uptime: 8 days 0:16 hours
Hyper-V role detected

CPU: total 12 (initial active 12) (6 cores per cpu, 2 threads per core) family 6 model 186 stepping 3 microcode 0x4123, cx8, cmov, fxsr, ht, mmx, 3dnowpref, sse, sse2, sse3, ssse3, sse4.1, sse4.2, popcnt, lzcnt, tsc, tscinvbit, avx, avx2, aes, erms, clmul, bmi1, bmi2, adx, sha, fma, vzeroupper, clflush, clflushopt, clwb, hv

Memory: 4k page, system-wide physical 16068M (3396M free)
TotalPageFile size 46261M (AvailPageFile size 596M)
current process WorkingSet (physical memory assigned to process): 92M, peak: 113M
current process commit charge ("private bytes"): 188M, peak: 193M

vm_info: Java HotSpot(TM) 64-Bit Server VM (17.0.14+8-LTS-191) for windows-amd64 JRE (17.0.14+8-LTS-191), built on Dec  3 2024 11:07:59 by "mach5one" with MS VC++ 17.6 (VS2022)

END.
