#
# There is insufficient memory for the Java Runtime Environment to continue.
# Native memory allocation (malloc) failed to allocate 424576 bytes. Error detail: Chunk::new
# Possible reasons:
#   The system is out of physical RAM or swap space
#   This process is running with CompressedOops enabled, and the Java Heap may be blocking the growth of the native heap
# Possible solutions:
#   Reduce memory load on the system
#   Increase physical memory or swap space
#   Check if swap backing store is full
#   Decrease Java heap size (-Xmx/-Xms)
#   Decrease number of Java threads
#   Decrease Java thread stack sizes (-Xss)
#   Set larger code cache with -XX:ReservedCodeCacheSize=
#   JVM is running with Unscaled Compressed Oops mode in which the Java heap is
#     placed in the first 4GB address space. The Java Heap base address is the
#     maximum limit for the native heap growth. Please use -XX:HeapBaseMinAddress
#     to set the Java Heap base and to place the Java Heap above 4GB virtual address.
# This output file may be truncated or incomplete.
#
#  Out of Memory Error (arena.cpp:168), pid=40752, tid=19784
#
# JRE version: OpenJDK Runtime Environment Temurin-21.0.7+6 (21.0.7+6) (build 21.0.7+6-LTS)
# Java VM: OpenJDK 64-Bit Server VM Temurin-21.0.7+6 (21.0.7+6-LTS, mixed mode, sharing, tiered, compressed oops, compressed class ptrs, parallel gc, windows-amd64)
# No core dump will be written. Minidumps are not enabled by default on client versions of Windows
#

---------------  S U M M A R Y ------------

Command Line: --add-modules=ALL-SYSTEM --add-opens=java.base/java.util=ALL-UNNAMED --add-opens=java.base/java.lang=ALL-UNNAMED --add-opens=java.base/sun.nio.fs=ALL-UNNAMED -Declipse.application=org.eclipse.jdt.ls.core.id1 -Dosgi.bundles.defaultStartLevel=4 -Declipse.product=org.eclipse.jdt.ls.core.product -Djava.import.generatesMetadataFilesAtProjectRoot=false -DDetectVMInstallationsJob.disabled=true -Dfile.encoding=utf8 -XX:+UseParallelGC -XX:GCTimeRatio=4 -XX:AdaptiveSizePolicyWeight=90 -Dsun.zip.disableMemoryMapping=true -Xmx1G -Xms100m -Xlog:disable -javaagent:c:\Users\ysingh6\.vscode\extensions\redhat.java-1.42.0-win32-x64\lombok\lombok-1.18.36.jar -XX:+HeapDumpOnOutOfMemoryError -XX:HeapDumpPath=c:\Users\ysingh6\AppData\Roaming\Code\User\workspaceStorage\9a21cd40b0bce28561c928769bbd11f8\redhat.java -Daether.dependencyCollector.impl=bf c:\Users\ysingh6\.vscode\extensions\redhat.java-1.42.0-win32-x64\server\plugins\org.eclipse.equinox.launcher_1.7.0.v20250424-1814.jar -configuration c:\Users\ysingh6\AppData\Roaming\Code\User\globalStorage\redhat.java\1.42.0\config_win -data c:\Users\ysingh6\AppData\Roaming\Code\User\workspaceStorage\9a21cd40b0bce28561c928769bbd11f8\redhat.java\jdt_ws --pipe=\\.\pipe\lsp-52f2b30434e4c1a99b223025032640a0-sock

Host: 13th Gen Intel(R) Core(TM) i7-1365U, 12 cores, 15G,  Windows 11 , 64 bit Build 22621 (10.0.22621.5262)
Time: Mon Jun  2 21:08:11 2025 India Standard Time elapsed time: 120.704683 seconds (0d 0h 2m 0s)

---------------  T H R E A D  ---------------

Current thread (0x00000267f8623c70):  JavaThread "C2 CompilerThread0" daemon [_thread_in_native, id=19784, stack(0x000000ac2c100000,0x000000ac2c200000) (1024K)]


Current CompileTask:
C2:120705 11564       4       org.eclipse.jdt.internal.core.index.DiskIndex::writeDocumentNumbers (384 bytes)

Stack: [0x000000ac2c100000,0x000000ac2c200000]
Native frames: (J=compiled Java code, j=interpreted, Vv=VM code, C=native code)
V  [jvm.dll+0x6ce119]
V  [jvm.dll+0x8a84a1]
V  [jvm.dll+0x8aa9ce]
V  [jvm.dll+0x8ab0b3]
V  [jvm.dll+0x27f8a6]
V  [jvm.dll+0xc507d]
V  [jvm.dll+0xc55b3]
V  [jvm.dll+0x2f2c6d]
V  [jvm.dll+0x5f6bca]
V  [jvm.dll+0x250cb2]
V  [jvm.dll+0x25106f]
V  [jvm.dll+0x249934]
V  [jvm.dll+0x246fc4]
V  [jvm.dll+0x1c760e]
V  [jvm.dll+0x25695a]
V  [jvm.dll+0x254efa]
V  [jvm.dll+0x3f03f6]
V  [jvm.dll+0x851f6b]
V  [jvm.dll+0x6cc7dd]
C  [ucrtbase.dll+0x29333]
C  [KERNEL32.DLL+0x1259d]
C  [ntdll.dll+0x5af58]


---------------  P R O C E S S  ---------------

Threads class SMR info:
_java_thread_list=0x00000267d002f380, length=56, elements={
0x00000267ef8cd330, 0x00000267f71ad7a0, 0x00000267f71ae5b0, 0x00000267f71b4940,
0x00000267f71b5a70, 0x00000267f71b8410, 0x00000267f71be470, 0x00000267f8623c70,
0x00000267f86263b0, 0x00000267f87208f0, 0x00000267f88a3690, 0x00000267f9dbbc10,
0x00000267fe03c1f0, 0x00000267fe2584d0, 0x00000267fe258b30, 0x00000267fe336d60,
0x00000267fe337a80, 0x00000267fe3373f0, 0x00000267fe151240, 0x00000267fe150520,
0x00000267fe14afd0, 0x00000267fe150bb0, 0x00000267fe14f170, 0x00000267fe14ddc0,
0x00000267fe14f800, 0x00000267fe14d0a0, 0x00000267fe151f60, 0x00000267fe14eae0,
0x00000267fe1525f0, 0x00000267fe14b660, 0x00000267fe14d730, 0x00000267fe14e450,
0x00000267fe14fe90, 0x00000267d0e1e820, 0x00000267d0e1b3a0, 0x00000267d0e192d0,
0x00000267d0e1a680, 0x00000267d0e1ba30, 0x00000267d0e18c40, 0x00000267d0e19ff0,
0x00000267d0e1fbd0, 0x00000267d0e1f540, 0x00000267d0f7c7a0, 0x00000267d0f7ba80,
0x00000267d0f7c110, 0x00000267d0f799b0, 0x00000267d0f7ad60, 0x00000267d0f7f590,
0x00000267d0f7b3f0, 0x00000267d0f78c90, 0x00000267d0f7d4c0, 0x00000267d0f7ce30,
0x00000267d0f7db50, 0x00000267d0f79320, 0x00000267fe1518d0, 0x00000267fe14ca10
}

Java Threads: ( => current thread )
  0x00000267ef8cd330 JavaThread "main"                              [_thread_blocked, id=14884, stack(0x000000ac2b700000,0x000000ac2b800000) (1024K)]
  0x00000267f71ad7a0 JavaThread "Reference Handler"          daemon [_thread_blocked, id=35264, stack(0x000000ac2bb00000,0x000000ac2bc00000) (1024K)]
  0x00000267f71ae5b0 JavaThread "Finalizer"                  daemon [_thread_blocked, id=7976, stack(0x000000ac2bc00000,0x000000ac2bd00000) (1024K)]
  0x00000267f71b4940 JavaThread "Signal Dispatcher"          daemon [_thread_blocked, id=39564, stack(0x000000ac2bd00000,0x000000ac2be00000) (1024K)]
  0x00000267f71b5a70 JavaThread "Attach Listener"            daemon [_thread_blocked, id=39608, stack(0x000000ac2be00000,0x000000ac2bf00000) (1024K)]
  0x00000267f71b8410 JavaThread "Service Thread"             daemon [_thread_blocked, id=14516, stack(0x000000ac2bf00000,0x000000ac2c000000) (1024K)]
  0x00000267f71be470 JavaThread "Monitor Deflation Thread"   daemon [_thread_blocked, id=28916, stack(0x000000ac2c000000,0x000000ac2c100000) (1024K)]
=>0x00000267f8623c70 JavaThread "C2 CompilerThread0"         daemon [_thread_in_native, id=19784, stack(0x000000ac2c100000,0x000000ac2c200000) (1024K)]
  0x00000267f86263b0 JavaThread "C1 CompilerThread0"         daemon [_thread_blocked, id=42384, stack(0x000000ac2c200000,0x000000ac2c300000) (1024K)]
  0x00000267f87208f0 JavaThread "Common-Cleaner"             daemon [_thread_blocked, id=37660, stack(0x000000ac2c300000,0x000000ac2c400000) (1024K)]
  0x00000267f88a3690 JavaThread "Notification Thread"        daemon [_thread_blocked, id=16568, stack(0x000000ac2c400000,0x000000ac2c500000) (1024K)]
  0x00000267f9dbbc10 JavaThread "Active Thread: Equinox Container: 624c1ef1-f65f-4f99-8673-fce2bccf1470"        [_thread_blocked, id=22960, stack(0x000000ac2cd00000,0x000000ac2ce00000) (1024K)]
  0x00000267fe03c1f0 JavaThread "Refresh Thread: Equinox Container: 624c1ef1-f65f-4f99-8673-fce2bccf1470" daemon [_thread_blocked, id=36552, stack(0x000000ac2cf00000,0x000000ac2d000000) (1024K)]
  0x00000267fe2584d0 JavaThread "Framework Event Dispatcher: Equinox Container: 624c1ef1-f65f-4f99-8673-fce2bccf1470" daemon [_thread_blocked, id=24276, stack(0x000000ac2d000000,0x000000ac2d100000) (1024K)]
  0x00000267fe258b30 JavaThread "Start Level: Equinox Container: 624c1ef1-f65f-4f99-8673-fce2bccf1470" daemon [_thread_blocked, id=24128, stack(0x000000ac2d100000,0x000000ac2d200000) (1024K)]
  0x00000267fe336d60 JavaThread "Bundle File Closer"         daemon [_thread_blocked, id=33292, stack(0x000000ac2d400000,0x000000ac2d500000) (1024K)]
  0x00000267fe337a80 JavaThread "SCR Component Actor"        daemon [_thread_blocked, id=29920, stack(0x000000ac2d500000,0x000000ac2d600000) (1024K)]
  0x00000267fe3373f0 JavaThread "Worker-JM"                         [_thread_blocked, id=872, stack(0x000000ac2c600000,0x000000ac2c700000) (1024K)]
  0x00000267fe151240 JavaThread "JNA Cleaner"                daemon [_thread_blocked, id=37900, stack(0x000000ac2c500000,0x000000ac2c600000) (1024K)]
  0x00000267fe150520 JavaThread "Worker-0"                          [_thread_blocked, id=28336, stack(0x000000ac2d700000,0x000000ac2d800000) (1024K)]
  0x00000267fe14afd0 JavaThread "Java indexing"              daemon [_thread_in_Java, id=19104, stack(0x000000ac2da00000,0x000000ac2db00000) (1024K)]
  0x00000267fe150bb0 JavaThread "Worker-4: Initialize Workspace"        [_thread_blocked, id=28736, stack(0x000000ac2df00000,0x000000ac2e000000) (1024K)]
  0x00000267fe14f170 JavaThread "Thread-2"                   daemon [_thread_in_native, id=34136, stack(0x000000ac2e100000,0x000000ac2e200000) (1024K)]
  0x00000267fe14ddc0 JavaThread "Thread-3"                   daemon [_thread_in_native, id=42420, stack(0x000000ac2e200000,0x000000ac2e300000) (1024K)]
  0x00000267fe14f800 JavaThread "Thread-4"                   daemon [_thread_in_native, id=3408, stack(0x000000ac2e300000,0x000000ac2e400000) (1024K)]
  0x00000267fe14d0a0 JavaThread "Thread-5"                   daemon [_thread_in_native, id=38220, stack(0x000000ac2e400000,0x000000ac2e500000) (1024K)]
  0x00000267fe151f60 JavaThread "Thread-6"                   daemon [_thread_in_native, id=14520, stack(0x000000ac2e500000,0x000000ac2e600000) (1024K)]
  0x00000267fe14eae0 JavaThread "Thread-7"                   daemon [_thread_in_native, id=41284, stack(0x000000ac2e600000,0x000000ac2e700000) (1024K)]
  0x00000267fe1525f0 JavaThread "Thread-8"                   daemon [_thread_in_native, id=36340, stack(0x000000ac2e700000,0x000000ac2e800000) (1024K)]
  0x00000267fe14b660 JavaThread "Thread-9"                   daemon [_thread_in_native, id=15464, stack(0x000000ac2e800000,0x000000ac2e900000) (1024K)]
  0x00000267fe14d730 JavaThread "Thread-10"                  daemon [_thread_in_native, id=31212, stack(0x000000ac2e900000,0x000000ac2ea00000) (1024K)]
  0x00000267fe14e450 JavaThread "Thread-11"                  daemon [_thread_in_native, id=38000, stack(0x000000ac2ea00000,0x000000ac2eb00000) (1024K)]
  0x00000267fe14fe90 JavaThread "Thread-12"                  daemon [_thread_in_native, id=36972, stack(0x000000ac2eb00000,0x000000ac2ec00000) (1024K)]
  0x00000267d0e1e820 JavaThread "Thread-13"                  daemon [_thread_in_native, id=27304, stack(0x000000ac2ec00000,0x000000ac2ed00000) (1024K)]
  0x00000267d0e1b3a0 JavaThread "Thread-14"                  daemon [_thread_in_native, id=44092, stack(0x000000ac2ed00000,0x000000ac2ee00000) (1024K)]
  0x00000267d0e192d0 JavaThread "pool-2-thread-1"                   [_thread_blocked, id=41604, stack(0x000000ac2ee00000,0x000000ac2ef00000) (1024K)]
  0x00000267d0e1a680 JavaThread "Worker-5: Java indexing... "        [_thread_blocked, id=24372, stack(0x000000ac2ef00000,0x000000ac2f000000) (1024K)]
  0x00000267d0e1ba30 JavaThread "Worker-6"                          [_thread_blocked, id=43480, stack(0x000000ac2f100000,0x000000ac2f200000) (1024K)]
  0x00000267d0e18c40 JavaThread "WorkspaceEventsHandler"            [_thread_blocked, id=1616, stack(0x000000ac2f200000,0x000000ac2f300000) (1024K)]
  0x00000267d0e19ff0 JavaThread "pool-1-thread-1"                   [_thread_blocked, id=12348, stack(0x000000ac2f300000,0x000000ac2f400000) (1024K)]
  0x00000267d0e1fbd0 JavaThread "LocalFile Deleter"          daemon [_thread_blocked, id=44344, stack(0x000000ac2f600000,0x000000ac2f700000) (1024K)]
  0x00000267d0e1f540 JavaThread "LocalFile Deleter"          daemon [_thread_blocked, id=32892, stack(0x000000ac2f700000,0x000000ac2f800000) (1024K)]
  0x00000267d0f7c7a0 JavaThread "LocalFile Deleter"          daemon [_thread_blocked, id=42836, stack(0x000000ac2f800000,0x000000ac2f900000) (1024K)]
  0x00000267d0f7ba80 JavaThread "LocalFile Deleter"          daemon [_thread_blocked, id=42444, stack(0x000000ac2f900000,0x000000ac2fa00000) (1024K)]
  0x00000267d0f7c110 JavaThread "LocalFile Deleter"          daemon [_thread_blocked, id=31120, stack(0x000000ac2fa00000,0x000000ac2fb00000) (1024K)]
  0x00000267d0f799b0 JavaThread "Compiler Source File Reader" daemon [_thread_blocked, id=13440, stack(0x000000ac2fb00000,0x000000ac2fc00000) (1024K)]
  0x00000267d0f7ad60 JavaThread "Compiler Source File Reader" daemon [_thread_blocked, id=752, stack(0x000000ac2fc00000,0x000000ac2fd00000) (1024K)]
  0x00000267d0f7f590 JavaThread "Compiler Source File Reader" daemon [_thread_blocked, id=22328, stack(0x000000ac2fd00000,0x000000ac2fe00000) (1024K)]
  0x00000267d0f7b3f0 JavaThread "Compiler Processing Task"   daemon [_thread_blocked, id=9732, stack(0x000000ac2b500000,0x000000ac2b600000) (1024K)]
  0x00000267d0f78c90 JavaThread "Compiler Class File Writer" daemon [_thread_blocked, id=18672, stack(0x000000ac2b600000,0x000000ac2b700000) (1024K)]
  0x00000267d0f7d4c0 JavaThread "Compiler Class File Writer" daemon [_thread_blocked, id=34456, stack(0x000000ac2d600000,0x000000ac2d700000) (1024K)]
  0x00000267d0f7ce30 JavaThread "Compiler Class File Writer" daemon [_thread_blocked, id=19736, stack(0x000000ac2d800000,0x000000ac2d900000) (1024K)]
  0x00000267d0f7db50 JavaThread "Compiler Source File Reader" daemon [_thread_blocked, id=17020, stack(0x000000ac2b400000,0x000000ac2b500000) (1024K)]
  0x00000267d0f79320 JavaThread "Compiler Class File Writer" daemon [_thread_blocked, id=24000, stack(0x000000ac2dd00000,0x000000ac2de00000) (1024K)]
  0x00000267fe1518d0 JavaThread "SCR Component Registry"     daemon [_thread_blocked, id=34556, stack(0x000000ac2de00000,0x000000ac2df00000) (1024K)]
  0x00000267fe14ca10 JavaThread "Worker-7: Check JDK Index"         [_thread_blocked, id=39960, stack(0x000000ac2d900000,0x000000ac2da00000) (1024K)]
Total: 56

Other Threads:
  0x00000267f1e7f940 VMThread "VM Thread"                           [id=17944, stack(0x000000ac2ba00000,0x000000ac2bb00000) (1024K)]
  0x00000267f1e4b370 WatcherThread "VM Periodic Task Thread"        [id=24688, stack(0x000000ac2b900000,0x000000ac2ba00000) (1024K)]
  0x00000267f1dfda00 WorkerThread "GC Thread#0"                     [id=37532, stack(0x000000ac2b800000,0x000000ac2b900000) (1024K)]
  0x00000267fe25d780 WorkerThread "GC Thread#1"                     [id=13232, stack(0x000000ac2c700000,0x000000ac2c800000) (1024K)]
  0x00000267f98c4430 WorkerThread "GC Thread#2"                     [id=33100, stack(0x000000ac2c800000,0x000000ac2c900000) (1024K)]
  0x00000267f9b50670 WorkerThread "GC Thread#3"                     [id=6244, stack(0x000000ac2c900000,0x000000ac2ca00000) (1024K)]
  0x00000267f9b50a10 WorkerThread "GC Thread#4"                     [id=2176, stack(0x000000ac2ca00000,0x000000ac2cb00000) (1024K)]
  0x00000267f9b50db0 WorkerThread "GC Thread#5"                     [id=33092, stack(0x000000ac2cb00000,0x000000ac2cc00000) (1024K)]
  0x00000267f99097f0 WorkerThread "GC Thread#6"                     [id=42696, stack(0x000000ac2cc00000,0x000000ac2cd00000) (1024K)]
  0x00000267f9cf3aa0 WorkerThread "GC Thread#7"                     [id=26304, stack(0x000000ac2ce00000,0x000000ac2cf00000) (1024K)]
  0x00000267f9ccfc60 WorkerThread "GC Thread#8"                     [id=43240, stack(0x000000ac2d200000,0x000000ac2d300000) (1024K)]
  0x00000267fe8adc20 WorkerThread "GC Thread#9"                     [id=43248, stack(0x000000ac2d300000,0x000000ac2d400000) (1024K)]
Total: 12

Threads with active compile tasks:
C2 CompilerThread0  120761 11564       4       org.eclipse.jdt.internal.core.index.DiskIndex::writeDocumentNumbers (384 bytes)
Total: 1

VM state: not at safepoint (normal execution)

VM Mutex/Monitor currently owned by a thread: None

Heap address: 0x00000000c0000000, size: 1024 MB, Compressed Oops mode: 32-bit

CDS archive(s) mapped at: [0x000002678f000000-0x000002678fba0000-0x000002678fba0000), size 12189696, SharedBaseAddress: 0x000002678f000000, ArchiveRelocationMode: 1.
Compressed class space mapped at: 0x0000026790000000-0x00000267d0000000, reserved size: 1073741824
Narrow klass base: 0x000002678f000000, Narrow klass shift: 0, Narrow klass range: 0x100000000

GC Precious Log:
 CardTable entry size: 512
 CPUs: 12 total, 12 available
 Memory: 16068M
 Large Page Support: Disabled
 NUMA Support: Disabled
 Compressed Oops: Enabled (32-bit)
 Alignments: Space 512K, Generation 512K, Heap 2M
 Heap Min Capacity: 100M
 Heap Initial Capacity: 100M
 Heap Max Capacity: 1G
 Pre-touch: Disabled
 Parallel Workers: 10

Heap:
 PSYoungGen      total 1536K, used 585K [0x00000000eab00000, 0x00000000ead80000, 0x0000000100000000)
  eden space 512K, 1% used [0x00000000eab00000,0x00000000eab02798,0x00000000eab80000)
  from space 1024K, 56% used [0x00000000eab80000,0x00000000eac10000,0x00000000eac80000)
  to   space 1024K, 0% used [0x00000000eac80000,0x00000000eac80000,0x00000000ead80000)
 ParOldGen       total 403968K, used 403618K [0x00000000c0000000, 0x00000000d8a80000, 0x00000000eab00000)
  object space 403968K, 99% used [0x00000000c0000000,0x00000000d8a28810,0x00000000d8a80000)
 Metaspace       used 64498K, committed 65920K, reserved 1114112K
  class space    used 6784K, committed 7424K, reserved 1048576K

Card table byte_map: [0x00000267f1770000,0x00000267f1980000] _byte_map_base: 0x00000267f1170000

Marking Bits: (ParMarkBitMap*) 0x00007ff9644231f0
 Begin Bits: [0x00000267f4fc0000, 0x00000267f5fc0000)
 End Bits:   [0x00000267f5fc0000, 0x00000267f6fc0000)

Polling page: 0x00000267efb60000

Metaspace:

Usage:
  Non-class:     56.36 MB used.
      Class:      6.63 MB used.
       Both:     62.99 MB used.

Virtual space:
  Non-class space:       64.00 MB reserved,      57.12 MB ( 89%) committed,  1 nodes.
      Class space:        1.00 GB reserved,       7.25 MB ( <1%) committed,  1 nodes.
             Both:        1.06 GB reserved,      64.38 MB (  6%) committed. 

Chunk freelists:
   Non-Class:  6.80 MB
       Class:  8.73 MB
        Both:  15.53 MB

MaxMetaspaceSize: unlimited
CompressedClassSpaceSize: 1.00 GB
Initial GC threshold: 21.00 MB
Current GC threshold: 98.12 MB
CDS: on
 - commit_granule_bytes: 65536.
 - commit_granule_words: 8192.
 - virtual_space_node_default_size: 8388608.
 - enlarge_chunks_in_place: 1.
 - use_allocation_guard: 0.


Internal statistics:

num_allocs_failed_limit: 15.
num_arena_births: 1174.
num_arena_deaths: 14.
num_vsnodes_births: 2.
num_vsnodes_deaths: 0.
num_space_committed: 1030.
num_space_uncommitted: 0.
num_chunks_returned_to_freelist: 29.
num_chunks_taken_from_freelist: 4074.
num_chunk_merges: 17.
num_chunk_splits: 2460.
num_chunks_enlarged: 1312.
num_inconsistent_stats: 0.

CodeHeap 'non-profiled nmethods': size=120000Kb used=8643Kb max_used=8643Kb free=111356Kb
 bounds [0x0000026787ad0000, 0x0000026788350000, 0x000002678f000000]
CodeHeap 'profiled nmethods': size=120000Kb used=23440Kb max_used=23440Kb free=96560Kb
 bounds [0x0000026780000000, 0x00000267816f0000, 0x0000026787530000]
CodeHeap 'non-nmethods': size=5760Kb used=1466Kb max_used=1524Kb free=4293Kb
 bounds [0x0000026787530000, 0x00000267877a0000, 0x0000026787ad0000]
 total_blobs=11488 nmethods=10710 adapters=684
 compilation: enabled
              stopped_count=0, restarted_count=0
 full_count=0

Compilation events (20 events):
Event: 120.651 Thread 0x00000267f86263b0 nmethod 11553 0x00000267816dd210 code [0x00000267816dd3c0, 0x00000267816dd620]
Event: 120.654 Thread 0x00000267f86263b0 11554       3       org.eclipse.jdt.internal.core.util.Util::quickSort (101 bytes)
Event: 120.656 Thread 0x00000267f86263b0 nmethod 11554 0x00000267816dd710 code [0x00000267816dd900, 0x00000267816dddc8]
Event: 120.660 Thread 0x00000267f8623c70 11555       4       org.eclipse.jdt.internal.core.util.Util::quickSort (101 bytes)
Event: 120.661 Thread 0x00000267f86263b0 11557 %     3       org.eclipse.jdt.internal.core.index.DiskIndex::writeCategoryTable @ 22 (252 bytes)
Event: 120.663 Thread 0x00000267f86263b0 nmethod 11557% 0x00000267816de010 code [0x00000267816de320, 0x00000267816df8c8]
Event: 120.664 Thread 0x00000267f86263b0 11558       3       org.eclipse.jdt.internal.core.index.DiskIndex::writeCategoryTable (252 bytes)
Event: 120.666 Thread 0x00000267f86263b0 nmethod 11558 0x00000267816e0010 code [0x00000267816e0300, 0x00000267816e15e0]
Event: 120.670 Thread 0x00000267f8623c70 nmethod 11555 0x000002678833eb10 code [0x000002678833ed00, 0x000002678833f3c8]
Event: 120.670 Thread 0x00000267f8623c70 11556       4       org.eclipse.jdt.internal.core.index.DiskIndex$IntList::asArray (23 bytes)
Event: 120.672 Thread 0x00000267f8623c70 nmethod 11556 0x000002678833f990 code [0x000002678833fb20, 0x000002678833fd10]
Event: 120.672 Thread 0x00000267f8623c70 11559 %     4       org.eclipse.jdt.internal.core.index.DiskIndex::writeCategoryTable @ 22 (252 bytes)
Event: 120.673 Thread 0x00000267f86263b0 11560       3       org.eclipse.jdt.internal.core.index.DiskIndex::writeStreamInt (122 bytes)
Event: 120.673 Thread 0x00000267f86263b0 nmethod 11560 0x00000267816e1c10 code [0x00000267816e1dc0, 0x00000267816e20c0]
Event: 120.674 Thread 0x00000267f86263b0 11561       3       org.eclipse.jdt.internal.core.index.DiskIndex::writeDocumentNumbers (384 bytes)
Event: 120.675 Thread 0x00000267f86263b0 nmethod 11561 0x00000267816e2210 code [0x00000267816e24a0, 0x00000267816e31c8]
Event: 120.675 Thread 0x00000267f86263b0 11562       3       org.eclipse.jdt.internal.core.util.Util::sort (16 bytes)
Event: 120.675 Thread 0x00000267f86263b0 nmethod 11562 0x00000267816e3790 code [0x00000267816e3940, 0x00000267816e3aa8]
Event: 120.681 Thread 0x00000267f8623c70 nmethod 11559% 0x000002678833fe10 code [0x0000026788340000, 0x0000026788340750]
Event: 120.681 Thread 0x00000267f8623c70 11564       4       org.eclipse.jdt.internal.core.index.DiskIndex::writeDocumentNumbers (384 bytes)

GC Heap History (20 events):
Event: 120.433 GC heap before
{Heap before GC invocations=512 (full 3):
 PSYoungGen      total 1536K, used 1200K [0x00000000eab00000, 0x00000000ead80000, 0x0000000100000000)
  eden space 512K, 100% used [0x00000000eab00000,0x00000000eab80000,0x00000000eab80000)
  from space 1024K, 67% used [0x00000000eac80000,0x00000000ead2c000,0x00000000ead80000)
  to   space 1024K, 0% used [0x00000000eab80000,0x00000000eab80000,0x00000000eac80000)
 ParOldGen       total 396800K, used 396352K [0x00000000c0000000, 0x00000000d8380000, 0x00000000eab00000)
  object space 396800K, 99% used [0x00000000c0000000,0x00000000d83102a0,0x00000000d8380000)
 Metaspace       used 64477K, committed 65856K, reserved 1114112K
  class space    used 6784K, committed 7424K, reserved 1048576K
}
Event: 120.435 GC heap after
{Heap after GC invocations=512 (full 3):
 PSYoungGen      total 1536K, used 691K [0x00000000eab00000, 0x00000000ead80000, 0x0000000100000000)
  eden space 512K, 0% used [0x00000000eab00000,0x00000000eab00000,0x00000000eab80000)
  from space 1024K, 67% used [0x00000000eab80000,0x00000000eac2cfd0,0x00000000eac80000)
  to   space 1024K, 0% used [0x00000000eac80000,0x00000000eac80000,0x00000000ead80000)
 ParOldGen       total 397312K, used 396891K [0x00000000c0000000, 0x00000000d8400000, 0x00000000eab00000)
  object space 397312K, 99% used [0x00000000c0000000,0x00000000d8396d40,0x00000000d8400000)
 Metaspace       used 64477K, committed 65856K, reserved 1114112K
  class space    used 6784K, committed 7424K, reserved 1048576K
}
Event: 120.465 GC heap before
{Heap before GC invocations=513 (full 3):
 PSYoungGen      total 1536K, used 1203K [0x00000000eab00000, 0x00000000ead80000, 0x0000000100000000)
  eden space 512K, 100% used [0x00000000eab00000,0x00000000eab80000,0x00000000eab80000)
  from space 1024K, 67% used [0x00000000eab80000,0x00000000eac2cfd0,0x00000000eac80000)
  to   space 1024K, 0% used [0x00000000eac80000,0x00000000eac80000,0x00000000ead80000)
 ParOldGen       total 397312K, used 396891K [0x00000000c0000000, 0x00000000d8400000, 0x00000000eab00000)
  object space 397312K, 99% used [0x00000000c0000000,0x00000000d8396d40,0x00000000d8400000)
 Metaspace       used 64477K, committed 65856K, reserved 1114112K
  class space    used 6784K, committed 7424K, reserved 1048576K
}
Event: 120.468 GC heap after
{Heap after GC invocations=513 (full 3):
 PSYoungGen      total 1536K, used 672K [0x00000000eab00000, 0x00000000ead80000, 0x0000000100000000)
  eden space 512K, 0% used [0x00000000eab00000,0x00000000eab00000,0x00000000eab80000)
  from space 1024K, 65% used [0x00000000eac80000,0x00000000ead28000,0x00000000ead80000)
  to   space 1024K, 0% used [0x00000000eab80000,0x00000000eab80000,0x00000000eac80000)
 ParOldGen       total 397824K, used 397440K [0x00000000c0000000, 0x00000000d8480000, 0x00000000eab00000)
  object space 397824K, 99% used [0x00000000c0000000,0x00000000d84201f8,0x00000000d8480000)
 Metaspace       used 64477K, committed 65856K, reserved 1114112K
  class space    used 6784K, committed 7424K, reserved 1048576K
}
Event: 120.490 GC heap before
{Heap before GC invocations=514 (full 3):
 PSYoungGen      total 1536K, used 1183K [0x00000000eab00000, 0x00000000ead80000, 0x0000000100000000)
  eden space 512K, 99% used [0x00000000eab00000,0x00000000eab7ffe8,0x00000000eab80000)
  from space 1024K, 65% used [0x00000000eac80000,0x00000000ead28000,0x00000000ead80000)
  to   space 1024K, 0% used [0x00000000eab80000,0x00000000eab80000,0x00000000eac80000)
 ParOldGen       total 397824K, used 397440K [0x00000000c0000000, 0x00000000d8480000, 0x00000000eab00000)
  object space 397824K, 99% used [0x00000000c0000000,0x00000000d84201f8,0x00000000d8480000)
 Metaspace       used 64477K, committed 65856K, reserved 1114112K
  class space    used 6784K, committed 7424K, reserved 1048576K
}
Event: 120.492 GC heap after
{Heap after GC invocations=514 (full 3):
 PSYoungGen      total 1536K, used 672K [0x00000000eab00000, 0x00000000ead80000, 0x0000000100000000)
  eden space 512K, 0% used [0x00000000eab00000,0x00000000eab00000,0x00000000eab80000)
  from space 1024K, 65% used [0x00000000eab80000,0x00000000eac28000,0x00000000eac80000)
  to   space 1024K, 0% used [0x00000000eac80000,0x00000000eac80000,0x00000000ead80000)
 ParOldGen       total 398336K, used 397971K [0x00000000c0000000, 0x00000000d8500000, 0x00000000eab00000)
  object space 398336K, 99% used [0x00000000c0000000,0x00000000d84a4c98,0x00000000d8500000)
 Metaspace       used 64477K, committed 65856K, reserved 1114112K
  class space    used 6784K, committed 7424K, reserved 1048576K
}
Event: 120.517 GC heap before
{Heap before GC invocations=515 (full 3):
 PSYoungGen      total 1536K, used 1182K [0x00000000eab00000, 0x00000000ead80000, 0x0000000100000000)
  eden space 512K, 99% used [0x00000000eab00000,0x00000000eab7fa58,0x00000000eab80000)
  from space 1024K, 65% used [0x00000000eab80000,0x00000000eac28000,0x00000000eac80000)
  to   space 1024K, 0% used [0x00000000eac80000,0x00000000eac80000,0x00000000ead80000)
 ParOldGen       total 398336K, used 397971K [0x00000000c0000000, 0x00000000d8500000, 0x00000000eab00000)
  object space 398336K, 99% used [0x00000000c0000000,0x00000000d84a4c98,0x00000000d8500000)
 Metaspace       used 64477K, committed 65856K, reserved 1114112K
  class space    used 6784K, committed 7424K, reserved 1048576K
}
Event: 120.520 GC heap after
{Heap after GC invocations=515 (full 3):
 PSYoungGen      total 1536K, used 640K [0x00000000eab00000, 0x00000000ead80000, 0x0000000100000000)
  eden space 512K, 0% used [0x00000000eab00000,0x00000000eab00000,0x00000000eab80000)
  from space 1024K, 62% used [0x00000000eac80000,0x00000000ead20000,0x00000000ead80000)
  to   space 1024K, 0% used [0x00000000eab80000,0x00000000eab80000,0x00000000eac80000)
 ParOldGen       total 398848K, used 398519K [0x00000000c0000000, 0x00000000d8580000, 0x00000000eab00000)
  object space 398848K, 99% used [0x00000000c0000000,0x00000000d852dc90,0x00000000d8580000)
 Metaspace       used 64477K, committed 65856K, reserved 1114112K
  class space    used 6784K, committed 7424K, reserved 1048576K
}
Event: 120.538 GC heap before
{Heap before GC invocations=516 (full 3):
 PSYoungGen      total 1536K, used 1146K [0x00000000eab00000, 0x00000000ead80000, 0x0000000100000000)
  eden space 512K, 98% used [0x00000000eab00000,0x00000000eab7ea28,0x00000000eab80000)
  from space 1024K, 62% used [0x00000000eac80000,0x00000000ead20000,0x00000000ead80000)
  to   space 1024K, 0% used [0x00000000eab80000,0x00000000eab80000,0x00000000eac80000)
 ParOldGen       total 398848K, used 398519K [0x00000000c0000000, 0x00000000d8580000, 0x00000000eab00000)
  object space 398848K, 99% used [0x00000000c0000000,0x00000000d852dc90,0x00000000d8580000)
 Metaspace       used 64477K, committed 65856K, reserved 1114112K
  class space    used 6784K, committed 7424K, reserved 1048576K
}
Event: 120.540 GC heap after
{Heap after GC invocations=516 (full 3):
 PSYoungGen      total 1536K, used 640K [0x00000000eab00000, 0x00000000ead80000, 0x0000000100000000)
  eden space 512K, 0% used [0x00000000eab00000,0x00000000eab00000,0x00000000eab80000)
  from space 1024K, 62% used [0x00000000eab80000,0x00000000eac20000,0x00000000eac80000)
  to   space 1024K, 0% used [0x00000000eac80000,0x00000000eac80000,0x00000000ead80000)
 ParOldGen       total 399360K, used 399057K [0x00000000c0000000, 0x00000000d8600000, 0x00000000eab00000)
  object space 399360K, 99% used [0x00000000c0000000,0x00000000d85b4708,0x00000000d8600000)
 Metaspace       used 64477K, committed 65856K, reserved 1114112K
  class space    used 6784K, committed 7424K, reserved 1048576K
}
Event: 120.554 GC heap before
{Heap before GC invocations=517 (full 3):
 PSYoungGen      total 1536K, used 1027K [0x00000000eab00000, 0x00000000ead80000, 0x0000000100000000)
  eden space 512K, 75% used [0x00000000eab00000,0x00000000eab60fc8,0x00000000eab80000)
  from space 1024K, 62% used [0x00000000eab80000,0x00000000eac20000,0x00000000eac80000)
  to   space 1024K, 0% used [0x00000000eac80000,0x00000000eac80000,0x00000000ead80000)
 ParOldGen       total 399360K, used 399057K [0x00000000c0000000, 0x00000000d8600000, 0x00000000eab00000)
  object space 399360K, 99% used [0x00000000c0000000,0x00000000d85b4708,0x00000000d8600000)
 Metaspace       used 64477K, committed 65856K, reserved 1114112K
  class space    used 6784K, committed 7424K, reserved 1048576K
}
Event: 120.558 GC heap after
{Heap after GC invocations=517 (full 3):
 PSYoungGen      total 1536K, used 576K [0x00000000eab00000, 0x00000000ead80000, 0x0000000100000000)
  eden space 512K, 0% used [0x00000000eab00000,0x00000000eab00000,0x00000000eab80000)
  from space 1024K, 56% used [0x00000000eac80000,0x00000000ead10000,0x00000000ead80000)
  to   space 1024K, 0% used [0x00000000eab80000,0x00000000eab80000,0x00000000eac80000)
 ParOldGen       total 399872K, used 399598K [0x00000000c0000000, 0x00000000d8680000, 0x00000000eab00000)
  object space 399872K, 99% used [0x00000000c0000000,0x00000000d863bbc0,0x00000000d8680000)
 Metaspace       used 64477K, committed 65856K, reserved 1114112K
  class space    used 6784K, committed 7424K, reserved 1048576K
}
Event: 120.568 GC heap before
{Heap before GC invocations=518 (full 3):
 PSYoungGen      total 1536K, used 1088K [0x00000000eab00000, 0x00000000ead80000, 0x0000000100000000)
  eden space 512K, 100% used [0x00000000eab00000,0x00000000eab80000,0x00000000eab80000)
  from space 1024K, 56% used [0x00000000eac80000,0x00000000ead10000,0x00000000ead80000)
  to   space 1024K, 0% used [0x00000000eab80000,0x00000000eab80000,0x00000000eac80000)
 ParOldGen       total 399872K, used 399598K [0x00000000c0000000, 0x00000000d8680000, 0x00000000eab00000)
  object space 399872K, 99% used [0x00000000c0000000,0x00000000d863bbc0,0x00000000d8680000)
 Metaspace       used 64477K, committed 65856K, reserved 1114112K
  class space    used 6784K, committed 7424K, reserved 1048576K
}
Event: 120.569 GC heap after
{Heap after GC invocations=518 (full 3):
 PSYoungGen      total 1536K, used 615K [0x00000000eab00000, 0x00000000ead80000, 0x0000000100000000)
  eden space 512K, 0% used [0x00000000eab00000,0x00000000eab00000,0x00000000eab80000)
  from space 1024K, 60% used [0x00000000eab80000,0x00000000eac19d80,0x00000000eac80000)
  to   space 1024K, 0% used [0x00000000eac80000,0x00000000eac80000,0x00000000ead80000)
 ParOldGen       total 400384K, used 400014K [0x00000000c0000000, 0x00000000d8700000, 0x00000000eab00000)
  object space 400384K, 99% used [0x00000000c0000000,0x00000000d86a3bb0,0x00000000d8700000)
 Metaspace       used 64477K, committed 65856K, reserved 1114112K
  class space    used 6784K, committed 7424K, reserved 1048576K
}
Event: 120.585 GC heap before
{Heap before GC invocations=519 (full 3):
 PSYoungGen      total 1536K, used 1127K [0x00000000eab00000, 0x00000000ead80000, 0x0000000100000000)
  eden space 512K, 99% used [0x00000000eab00000,0x00000000eab7ff18,0x00000000eab80000)
  from space 1024K, 60% used [0x00000000eab80000,0x00000000eac19d80,0x00000000eac80000)
  to   space 1024K, 0% used [0x00000000eac80000,0x00000000eac80000,0x00000000ead80000)
 ParOldGen       total 400384K, used 400014K [0x00000000c0000000, 0x00000000d8700000, 0x00000000eab00000)
  object space 400384K, 99% used [0x00000000c0000000,0x00000000d86a3bb0,0x00000000d8700000)
 Metaspace       used 64477K, committed 65856K, reserved 1114112K
  class space    used 6784K, committed 7424K, reserved 1048576K
}
Event: 120.589 GC heap after
{Heap after GC invocations=519 (full 3):
 PSYoungGen      total 1536K, used 659K [0x00000000eab00000, 0x00000000ead80000, 0x0000000100000000)
  eden space 512K, 0% used [0x00000000eab00000,0x00000000eab00000,0x00000000eab80000)
  from space 1024K, 64% used [0x00000000eac80000,0x00000000ead24fd0,0x00000000ead80000)
  to   space 1024K, 0% used [0x00000000eab80000,0x00000000eab80000,0x00000000eac80000)
 ParOldGen       total 400896K, used 400564K [0x00000000c0000000, 0x00000000d8780000, 0x00000000eab00000)
  object space 400896K, 99% used [0x00000000c0000000,0x00000000d872d3c8,0x00000000d8780000)
 Metaspace       used 64477K, committed 65856K, reserved 1114112K
  class space    used 6784K, committed 7424K, reserved 1048576K
}
Event: 120.617 GC heap before
{Heap before GC invocations=520 (full 3):
 PSYoungGen      total 1536K, used 1171K [0x00000000eab00000, 0x00000000ead80000, 0x0000000100000000)
  eden space 512K, 99% used [0x00000000eab00000,0x00000000eab7ffe8,0x00000000eab80000)
  from space 1024K, 64% used [0x00000000eac80000,0x00000000ead24fd0,0x00000000ead80000)
  to   space 1024K, 0% used [0x00000000eab80000,0x00000000eab80000,0x00000000eac80000)
 ParOldGen       total 400896K, used 400564K [0x00000000c0000000, 0x00000000d8780000, 0x00000000eab00000)
  object space 400896K, 99% used [0x00000000c0000000,0x00000000d872d3c8,0x00000000d8780000)
 Metaspace       used 64493K, committed 65920K, reserved 1114112K
  class space    used 6784K, committed 7424K, reserved 1048576K
}
Event: 120.619 GC heap after
{Heap after GC invocations=520 (full 3):
 PSYoungGen      total 1536K, used 711K [0x00000000eab00000, 0x00000000ead80000, 0x0000000100000000)
  eden space 512K, 0% used [0x00000000eab00000,0x00000000eab00000,0x00000000eab80000)
  from space 1024K, 69% used [0x00000000eab80000,0x00000000eac31fa0,0x00000000eac80000)
  to   space 1024K, 0% used [0x00000000eac80000,0x00000000eac80000,0x00000000ead80000)
 ParOldGen       total 401408K, used 401088K [0x00000000c0000000, 0x00000000d8800000, 0x00000000eab00000)
  object space 401408K, 99% used [0x00000000c0000000,0x00000000d87b0360,0x00000000d8800000)
 Metaspace       used 64493K, committed 65920K, reserved 1114112K
  class space    used 6784K, committed 7424K, reserved 1048576K
}
Event: 120.667 GC heap before
{Heap before GC invocations=521 (full 3):
 PSYoungGen      total 1536K, used 1223K [0x00000000eab00000, 0x00000000ead80000, 0x0000000100000000)
  eden space 512K, 100% used [0x00000000eab00000,0x00000000eab80000,0x00000000eab80000)
  from space 1024K, 69% used [0x00000000eab80000,0x00000000eac31fa0,0x00000000eac80000)
  to   space 1024K, 0% used [0x00000000eac80000,0x00000000eac80000,0x00000000ead80000)
 ParOldGen       total 403456K, used 402600K [0x00000000c0000000, 0x00000000d8a00000, 0x00000000eab00000)
  object space 403456K, 99% used [0x00000000c0000000,0x00000000d892a360,0x00000000d8a00000)
 Metaspace       used 64498K, committed 65920K, reserved 1114112K
  class space    used 6784K, committed 7424K, reserved 1048576K
}
Event: 120.670 GC heap after
{Heap after GC invocations=521 (full 3):
 PSYoungGen      total 1536K, used 608K [0x00000000eab00000, 0x00000000ead80000, 0x0000000100000000)
  eden space 512K, 0% used [0x00000000eab00000,0x00000000eab00000,0x00000000eab80000)
  from space 1024K, 59% used [0x00000000eac80000,0x00000000ead18000,0x00000000ead80000)
  to   space 1024K, 0% used [0x00000000eab80000,0x00000000eab80000,0x00000000eac80000)
 ParOldGen       total 403456K, used 403115K [0x00000000c0000000, 0x00000000d8a00000, 0x00000000eab00000)
  object space 403456K, 99% used [0x00000000c0000000,0x00000000d89aad68,0x00000000d8a00000)
 Metaspace       used 64498K, committed 65920K, reserved 1114112K
  class space    used 6784K, committed 7424K, reserved 1048576K
}

Dll operation events (12 events):
Event: 0.043 Loaded shared library c:\Users\ysingh6\.vscode\extensions\redhat.java-1.42.0-win32-x64\jre\21.0.7-win32-x86_64\bin\java.dll
Event: 0.110 Loaded shared library c:\Users\ysingh6\.vscode\extensions\redhat.java-1.42.0-win32-x64\jre\21.0.7-win32-x86_64\bin\zip.dll
Event: 0.128 Loaded shared library C:\Users\ysingh6\.vscode\extensions\redhat.java-1.42.0-win32-x64\jre\21.0.7-win32-x86_64\bin\instrument.dll
Event: 0.133 Loaded shared library C:\Users\ysingh6\.vscode\extensions\redhat.java-1.42.0-win32-x64\jre\21.0.7-win32-x86_64\bin\net.dll
Event: 0.138 Loaded shared library C:\Users\ysingh6\.vscode\extensions\redhat.java-1.42.0-win32-x64\jre\21.0.7-win32-x86_64\bin\nio.dll
Event: 0.142 Loaded shared library C:\Users\ysingh6\.vscode\extensions\redhat.java-1.42.0-win32-x64\jre\21.0.7-win32-x86_64\bin\zip.dll
Event: 0.155 Loaded shared library C:\Users\ysingh6\.vscode\extensions\redhat.java-1.42.0-win32-x64\jre\21.0.7-win32-x86_64\bin\jimage.dll
Event: 0.220 Loaded shared library c:\Users\ysingh6\.vscode\extensions\redhat.java-1.42.0-win32-x64\jre\21.0.7-win32-x86_64\bin\verify.dll
Event: 1.278 Loaded shared library C:\Users\ysingh6\AppData\Roaming\Code\User\globalStorage\redhat.java\1.42.0\config_win\org.eclipse.equinox.launcher\org.eclipse.equinox.launcher.win32.win32.x86_64_1.2.1300.v20250331-1702\eclipse_11911.dll
Event: 2.836 Loaded shared library C:\Users\ysingh6\AppData\Local\Temp\jna--888502954\jna3242535114134213172.dll
Event: 4.973 Loaded shared library C:\Users\ysingh6\.vscode\extensions\redhat.java-1.42.0-win32-x64\jre\21.0.7-win32-x86_64\bin\sunmscapi.dll
Event: 5.093 Loaded shared library C:\Users\ysingh6\.vscode\extensions\redhat.java-1.42.0-win32-x64\jre\21.0.7-win32-x86_64\bin\extnet.dll

Deoptimization events (20 events):
Event: 119.076 Thread 0x00000267fe14afd0 DEOPT PACKING pc=0x00000267816d1fa5 sp=0x000000ac2dafeda0
Event: 119.076 Thread 0x00000267fe14afd0 DEOPT UNPACKING pc=0x0000026787584242 sp=0x000000ac2dafe238 mode 0
Event: 119.080 Thread 0x00000267fe14afd0 DEOPT PACKING pc=0x00000267816d3c8b sp=0x000000ac2dafee50
Event: 119.080 Thread 0x00000267fe14afd0 DEOPT UNPACKING pc=0x0000026787584242 sp=0x000000ac2dafe318 mode 0
Event: 119.084 Thread 0x00000267fe14afd0 DEOPT PACKING pc=0x00000267816d3c8b sp=0x000000ac2dafee50
Event: 119.084 Thread 0x00000267fe14afd0 DEOPT UNPACKING pc=0x0000026787584242 sp=0x000000ac2dafe318 mode 0
Event: 119.086 Thread 0x00000267fe14afd0 DEOPT PACKING pc=0x00000267816d3c8b sp=0x000000ac2dafee50
Event: 119.086 Thread 0x00000267fe14afd0 DEOPT UNPACKING pc=0x0000026787584242 sp=0x000000ac2dafe318 mode 0
Event: 119.089 Thread 0x00000267fe14afd0 DEOPT PACKING pc=0x00000267816d1fa5 sp=0x000000ac2dafeda0
Event: 119.089 Thread 0x00000267fe14afd0 DEOPT UNPACKING pc=0x0000026787584242 sp=0x000000ac2dafe238 mode 0
Event: 119.092 Thread 0x00000267fe14afd0 DEOPT PACKING pc=0x00000267816d3c8b sp=0x000000ac2dafee50
Event: 119.092 Thread 0x00000267fe14afd0 DEOPT UNPACKING pc=0x0000026787584242 sp=0x000000ac2dafe318 mode 0
Event: 119.095 Thread 0x00000267fe14afd0 DEOPT PACKING pc=0x00000267816d3c8b sp=0x000000ac2dafee50
Event: 119.095 Thread 0x00000267fe14afd0 DEOPT UNPACKING pc=0x0000026787584242 sp=0x000000ac2dafe318 mode 0
Event: 119.097 Thread 0x00000267fe14afd0 DEOPT PACKING pc=0x00000267816d3c8b sp=0x000000ac2dafee50
Event: 119.097 Thread 0x00000267fe14afd0 DEOPT UNPACKING pc=0x0000026787584242 sp=0x000000ac2dafe318 mode 0
Event: 119.104 Thread 0x00000267fe14afd0 DEOPT PACKING pc=0x00000267816d1fa5 sp=0x000000ac2dafee00
Event: 119.104 Thread 0x00000267fe14afd0 DEOPT UNPACKING pc=0x0000026787584242 sp=0x000000ac2dafe298 mode 0
Event: 119.122 Thread 0x00000267fe14afd0 DEOPT PACKING pc=0x00000267816d1fa5 sp=0x000000ac2dafee00
Event: 119.122 Thread 0x00000267fe14afd0 DEOPT UNPACKING pc=0x0000026787584242 sp=0x000000ac2dafe298 mode 0

Classes loaded (20 events):
Event: 115.299 Loading class java/util/TreeMap$ValueSpliterator
Event: 115.299 Loading class java/util/TreeMap$TreeMapSpliterator
Event: 115.299 Loading class java/util/TreeMap$TreeMapSpliterator done
Event: 115.299 Loading class java/util/TreeMap$ValueSpliterator done
Event: 115.334 Loading class java/util/concurrent/CompletionException
Event: 115.334 Loading class java/util/concurrent/CompletionException done
Event: 115.337 Loading class java/nio/file/FileTreeWalker$1
Event: 115.339 Loading class java/nio/file/FileTreeWalker$1 done
Event: 115.491 Loading class java/util/Collections$SynchronizedRandomAccessList
Event: 115.492 Loading class java/util/Collections$SynchronizedList
Event: 115.492 Loading class java/util/Collections$SynchronizedList done
Event: 115.492 Loading class java/util/Collections$SynchronizedRandomAccessList done
Event: 115.500 Loading class java/util/concurrent/CompletableFuture$Signaller
Event: 115.500 Loading class java/util/concurrent/CompletableFuture$Signaller done
Event: 115.951 Loading class java/util/Hashtable$KeySet
Event: 115.951 Loading class java/util/Hashtable$KeySet done
Event: 116.254 Loading class java/lang/invoke/MethodHandleImpl$CountingWrapper$1
Event: 116.254 Loading class java/lang/invoke/MethodHandleImpl$CountingWrapper$1 done
Event: 118.463 Loading class java/util/HashMap$EntrySpliterator
Event: 118.463 Loading class java/util/HashMap$EntrySpliterator done

Classes unloaded (7 events):
Event: 3.520 Thread 0x00000267f1e7f940 Unloading class 0x00000267901a3c00 'java/lang/invoke/LambdaForm$MH+0x00000267901a3c00'
Event: 3.520 Thread 0x00000267f1e7f940 Unloading class 0x00000267901a3800 'java/lang/invoke/LambdaForm$MH+0x00000267901a3800'
Event: 3.520 Thread 0x00000267f1e7f940 Unloading class 0x00000267901a3400 'java/lang/invoke/LambdaForm$MH+0x00000267901a3400'
Event: 3.520 Thread 0x00000267f1e7f940 Unloading class 0x00000267901a3000 'java/lang/invoke/LambdaForm$MH+0x00000267901a3000'
Event: 3.520 Thread 0x00000267f1e7f940 Unloading class 0x00000267901a2c00 'java/lang/invoke/LambdaForm$BMH+0x00000267901a2c00'
Event: 3.520 Thread 0x00000267f1e7f940 Unloading class 0x00000267901a2800 'java/lang/invoke/LambdaForm$DMH+0x00000267901a2800'
Event: 3.520 Thread 0x00000267f1e7f940 Unloading class 0x00000267901a1400 'java/lang/invoke/LambdaForm$DMH+0x00000267901a1400'

Classes redefined (0 events):
No events

Internal exceptions (20 events):
Event: 116.039 Thread 0x00000267fe150520 Exception <a 'sun/nio/fs/WindowsException'{0x00000000ead6b0c0}> (0x00000000ead6b0c0) 
thrown [s\src\hotspot\share\prims\jni.cpp, line 520]
Event: 116.455 Thread 0x00000267d0e19ff0 Exception <a 'java/lang/IncompatibleClassChangeError'{0x00000000eac1a660}: Found class java.lang.Object, but interface was expected> (0x00000000eac1a660) 
thrown [s\src\hotspot\share\interpreter\linkResolver.cpp, line 840]
Event: 116.719 Thread 0x00000267fe150520 Implicit null exception at 0x0000026787da59a1 to 0x0000026787da5cb4
Event: 116.949 Thread 0x00000267fe150520 Implicit null exception at 0x0000026787dd6306 to 0x0000026787dd6405
Event: 117.804 Thread 0x00000267fe150520 Exception <a 'sun/nio/fs/WindowsException'{0x00000000eabedbd0}> (0x00000000eabedbd0) 
thrown [s\src\hotspot\share\prims\jni.cpp, line 520]
Event: 117.805 Thread 0x00000267fe150520 Exception <a 'sun/nio/fs/WindowsException'{0x00000000eabee200}> (0x00000000eabee200) 
thrown [s\src\hotspot\share\prims\jni.cpp, line 520]
Event: 117.806 Thread 0x00000267fe150520 Exception <a 'sun/nio/fs/WindowsException'{0x00000000eabeec98}> (0x00000000eabeec98) 
thrown [s\src\hotspot\share\prims\jni.cpp, line 520]
Event: 117.806 Thread 0x00000267fe150520 Exception <a 'sun/nio/fs/WindowsException'{0x00000000eabef2c8}> (0x00000000eabef2c8) 
thrown [s\src\hotspot\share\prims\jni.cpp, line 520]
Event: 117.808 Thread 0x00000267fe150520 Exception <a 'sun/nio/fs/WindowsException'{0x00000000eabf07f0}> (0x00000000eabf07f0) 
thrown [s\src\hotspot\share\prims\jni.cpp, line 520]
Event: 117.808 Thread 0x00000267fe150520 Exception <a 'sun/nio/fs/WindowsException'{0x00000000eabf0e20}> (0x00000000eabf0e20) 
thrown [s\src\hotspot\share\prims\jni.cpp, line 520]
Event: 117.816 Thread 0x00000267fe150520 Exception <a 'sun/nio/fs/WindowsException'{0x00000000eaf0eb98}> (0x00000000eaf0eb98) 
thrown [s\src\hotspot\share\prims\jni.cpp, line 520]
Event: 117.816 Thread 0x00000267fe150520 Exception <a 'sun/nio/fs/WindowsException'{0x00000000eaf0f478}> (0x00000000eaf0f478) 
thrown [s\src\hotspot\share\prims\jni.cpp, line 520]
Event: 118.116 Thread 0x00000267fe150520 Exception <a 'sun/nio/fs/WindowsException'{0x00000000eab8fce8}> (0x00000000eab8fce8) 
thrown [s\src\hotspot\share\prims\jni.cpp, line 520]
Event: 118.116 Thread 0x00000267fe150520 Exception <a 'sun/nio/fs/WindowsException'{0x00000000eab90318}> (0x00000000eab90318) 
thrown [s\src\hotspot\share\prims\jni.cpp, line 520]
Event: 118.116 Thread 0x00000267fe150520 Exception <a 'sun/nio/fs/WindowsException'{0x00000000eab90db0}> (0x00000000eab90db0) 
thrown [s\src\hotspot\share\prims\jni.cpp, line 520]
Event: 118.117 Thread 0x00000267fe150520 Exception <a 'sun/nio/fs/WindowsException'{0x00000000eabe8230}> (0x00000000eabe8230) 
thrown [s\src\hotspot\share\prims\jni.cpp, line 520]
Event: 118.117 Thread 0x00000267fe150520 Exception <a 'sun/nio/fs/WindowsException'{0x00000000eabe9758}> (0x00000000eabe9758) 
thrown [s\src\hotspot\share\prims\jni.cpp, line 520]
Event: 118.118 Thread 0x00000267fe150520 Exception <a 'sun/nio/fs/WindowsException'{0x00000000eabe9d88}> (0x00000000eabe9d88) 
thrown [s\src\hotspot\share\prims\jni.cpp, line 520]
Event: 118.123 Thread 0x00000267fe150520 Exception <a 'sun/nio/fs/WindowsException'{0x00000000ead8bf48}> (0x00000000ead8bf48) 
thrown [s\src\hotspot\share\prims\jni.cpp, line 520]
Event: 118.124 Thread 0x00000267fe150520 Exception <a 'sun/nio/fs/WindowsException'{0x00000000ead8c828}> (0x00000000ead8c828) 
thrown [s\src\hotspot\share\prims\jni.cpp, line 520]

ZGC Phase Switch (0 events):
No events

VM Operations (20 events):
Event: 120.433 Executing VM operation: ParallelGCFailedAllocation (Allocation Failure)
Event: 120.435 Executing VM operation: ParallelGCFailedAllocation (Allocation Failure) done
Event: 120.465 Executing VM operation: ParallelGCFailedAllocation (Allocation Failure)
Event: 120.468 Executing VM operation: ParallelGCFailedAllocation (Allocation Failure) done
Event: 120.490 Executing VM operation: ParallelGCFailedAllocation (Allocation Failure)
Event: 120.492 Executing VM operation: ParallelGCFailedAllocation (Allocation Failure) done
Event: 120.517 Executing VM operation: ParallelGCFailedAllocation (Allocation Failure)
Event: 120.520 Executing VM operation: ParallelGCFailedAllocation (Allocation Failure) done
Event: 120.538 Executing VM operation: ParallelGCFailedAllocation (Allocation Failure)
Event: 120.540 Executing VM operation: ParallelGCFailedAllocation (Allocation Failure) done
Event: 120.554 Executing VM operation: ParallelGCFailedAllocation (Allocation Failure)
Event: 120.558 Executing VM operation: ParallelGCFailedAllocation (Allocation Failure) done
Event: 120.568 Executing VM operation: ParallelGCFailedAllocation (Allocation Failure)
Event: 120.570 Executing VM operation: ParallelGCFailedAllocation (Allocation Failure) done
Event: 120.585 Executing VM operation: ParallelGCFailedAllocation (Allocation Failure)
Event: 120.589 Executing VM operation: ParallelGCFailedAllocation (Allocation Failure) done
Event: 120.617 Executing VM operation: ParallelGCFailedAllocation (Allocation Failure)
Event: 120.619 Executing VM operation: ParallelGCFailedAllocation (Allocation Failure) done
Event: 120.667 Executing VM operation: ParallelGCFailedAllocation (Allocation Failure)
Event: 120.670 Executing VM operation: ParallelGCFailedAllocation (Allocation Failure) done

Memory protections (0 events):
No events

Nmethod flushes (20 events):
Event: 105.045 Thread 0x00000267f1e7f940 flushing  nmethod 0x00000267808c9690
Event: 105.045 Thread 0x00000267f1e7f940 flushing  nmethod 0x00000267808e8890
Event: 105.045 Thread 0x00000267f1e7f940 flushing  nmethod 0x00000267808eba10
Event: 105.045 Thread 0x00000267f1e7f940 flushing  nmethod 0x00000267808ec390
Event: 105.045 Thread 0x00000267f1e7f940 flushing  nmethod 0x00000267808efe10
Event: 105.045 Thread 0x00000267f1e7f940 flushing  nmethod 0x00000267808f4110
Event: 105.045 Thread 0x00000267f1e7f940 flushing  nmethod 0x0000026780903910
Event: 105.045 Thread 0x00000267f1e7f940 flushing  nmethod 0x0000026780904e90
Event: 105.045 Thread 0x00000267f1e7f940 flushing  nmethod 0x0000026780906790
Event: 105.045 Thread 0x00000267f1e7f940 flushing  nmethod 0x0000026780907010
Event: 105.045 Thread 0x00000267f1e7f940 flushing  nmethod 0x0000026780907610
Event: 105.045 Thread 0x00000267f1e7f940 flushing  nmethod 0x0000026780907d10
Event: 105.045 Thread 0x00000267f1e7f940 flushing  nmethod 0x000002678090a290
Event: 105.045 Thread 0x00000267f1e7f940 flushing  nmethod 0x000002678096d710
Event: 105.045 Thread 0x00000267f1e7f940 flushing  nmethod 0x0000026780972290
Event: 105.045 Thread 0x00000267f1e7f940 flushing  nmethod 0x00000267809a2910
Event: 105.045 Thread 0x00000267f1e7f940 flushing  nmethod 0x00000267809a3c10
Event: 105.045 Thread 0x00000267f1e7f940 flushing  nmethod 0x00000267809a4c90
Event: 105.045 Thread 0x00000267f1e7f940 flushing  nmethod 0x00000267809a5090
Event: 105.045 Thread 0x00000267f1e7f940 flushing  nmethod 0x00000267809cd310

Events (20 events):
Event: 114.748 Thread 0x00000267fe150bb0 Thread added: 0x00000267fe1518d0
Event: 114.749 Thread 0x00000267fe150bb0 Thread added: 0x00000267fe14ca10
Event: 114.749 Thread 0x00000267fe150bb0 Thread added: 0x00000267fe14bcf0
Event: 114.750 Thread 0x00000267fe150bb0 Thread added: 0x00000267d0e1e190
Event: 114.751 Thread 0x00000267fe150bb0 Thread added: 0x00000267d0e19960
Event: 114.827 Thread 0x00000267d0e1e190 Thread exited: 0x00000267d0e1e190
Event: 114.827 Thread 0x00000267fe14ca10 Thread exited: 0x00000267fe14ca10
Event: 114.827 Thread 0x00000267fe1518d0 Thread exited: 0x00000267fe1518d0
Event: 114.827 Thread 0x00000267fe14bcf0 Thread exited: 0x00000267fe14bcf0
Event: 114.827 Thread 0x00000267d0e19960 Thread exited: 0x00000267d0e19960
Event: 116.028 Thread 0x00000267fe150520 Thread added: 0x00000267fe1518d0
Event: 116.282 Thread 0x00000267d1daccd0 Thread exited: 0x00000267d1daccd0
Event: 116.282 Thread 0x00000267d1da9d20 Thread exited: 0x00000267d1da9d20
Event: 116.563 Thread 0x00000267d0e1ba30 Thread added: 0x00000267fe14ca10
Event: 116.578 Thread 0x00000267f86263b0 Thread added: 0x00000267d1da9d20
Event: 116.592 Thread 0x00000267f86263b0 Thread added: 0x00000267d1daccd0
Event: 117.931 Thread 0x00000267d1daccd0 Thread exited: 0x00000267d1daccd0
Event: 118.082 Thread 0x00000267d1da9d20 Thread exited: 0x00000267d1da9d20
Event: 118.858 Thread 0x00000267f86263b0 Thread added: 0x00000267d1daccd0
Event: 120.604 Thread 0x00000267d1daccd0 Thread exited: 0x00000267d1daccd0


Dynamic libraries:
0x00007ff714840000 - 0x00007ff71484e000 	c:\Users\ysingh6\.vscode\extensions\redhat.java-1.42.0-win32-x64\jre\21.0.7-win32-x86_64\bin\java.exe
0x00007ffa140d0000 - 0x00007ffa142e7000 	C:\Windows\SYSTEM32\ntdll.dll
0x00007ffa12eb0000 - 0x00007ffa12f74000 	C:\Windows\System32\KERNEL32.DLL
0x00007ffa11300000 - 0x00007ffa116d3000 	C:\Windows\System32\KERNELBASE.dll
0x00007ffa116e0000 - 0x00007ffa117f1000 	C:\Windows\System32\ucrtbase.dll
0x00007ff9ddef0000 - 0x00007ff9ddf08000 	c:\Users\ysingh6\.vscode\extensions\redhat.java-1.42.0-win32-x64\jre\21.0.7-win32-x86_64\bin\jli.dll
0x00007ff9d7b70000 - 0x00007ff9d7b8e000 	c:\Users\ysingh6\.vscode\extensions\redhat.java-1.42.0-win32-x64\jre\21.0.7-win32-x86_64\bin\VCRUNTIME140.dll
0x00007ffa13090000 - 0x00007ffa13241000 	C:\Windows\System32\USER32.dll
0x00007ffa11970000 - 0x00007ffa11996000 	C:\Windows\System32\win32u.dll
0x00007ff9f0200000 - 0x00007ff9f049b000 	C:\Windows\WinSxS\amd64_microsoft.windows.common-controls_6595b64144ccf1df_6.0.22621.5262_none_2712bde373830908\COMCTL32.dll
0x00007ffa13e80000 - 0x00007ffa13ea9000 	C:\Windows\System32\GDI32.dll
0x00007ffa13eb0000 - 0x00007ffa13f57000 	C:\Windows\System32\msvcrt.dll
0x00007ffa11a50000 - 0x00007ffa11b72000 	C:\Windows\System32\gdi32full.dll
0x00007ffa11cc0000 - 0x00007ffa11d5a000 	C:\Windows\System32\msvcp_win.dll
0x00007ffa12d40000 - 0x00007ffa12d71000 	C:\Windows\System32\IMM32.DLL
0x00000267efb80000 - 0x00000267efb96000 	C:\Windows\System32\umppc19011.dll
0x00007ffa10d70000 - 0x00007ffa10eba000 	C:\Program Files\Avecto\Privilege Guard Client\PGHook.dll
0x00007ffa13f60000 - 0x00007ffa14011000 	C:\Windows\System32\ADVAPI32.dll
0x00007ffa11fc0000 - 0x00007ffa12067000 	C:\Windows\System32\sechost.dll
0x00007ffa11a20000 - 0x00007ffa11a48000 	C:\Windows\System32\bcrypt.dll
0x00007ffa12d80000 - 0x00007ffa12e94000 	C:\Windows\System32\RPCRT4.dll
0x00007ff9f6110000 - 0x00007ff9f611c000 	c:\Users\ysingh6\.vscode\extensions\redhat.java-1.42.0-win32-x64\jre\21.0.7-win32-x86_64\bin\vcruntime140_1.dll
0x00007ff9b7010000 - 0x00007ff9b709d000 	c:\Users\ysingh6\.vscode\extensions\redhat.java-1.42.0-win32-x64\jre\21.0.7-win32-x86_64\bin\msvcp140.dll
0x00007ff963770000 - 0x00007ff964500000 	c:\Users\ysingh6\.vscode\extensions\redhat.java-1.42.0-win32-x64\jre\21.0.7-win32-x86_64\bin\server\jvm.dll
0x00007ffa125d0000 - 0x00007ffa12641000 	C:\Windows\System32\WS2_32.dll
0x00007ffa10fe0000 - 0x00007ffa1102d000 	C:\Windows\SYSTEM32\POWRPROF.dll
0x00007ffa04b90000 - 0x00007ffa04bc4000 	C:\Windows\SYSTEM32\WINMM.dll
0x00007ffa02090000 - 0x00007ffa0209a000 	C:\Windows\SYSTEM32\VERSION.dll
0x00007ffa10fc0000 - 0x00007ffa10fd3000 	C:\Windows\SYSTEM32\UMPDC.dll
0x00007ffa0ff90000 - 0x00007ffa0ffa8000 	C:\Windows\SYSTEM32\kernel.appcore.dll
0x00007ff9f5e50000 - 0x00007ff9f5e5a000 	c:\Users\ysingh6\.vscode\extensions\redhat.java-1.42.0-win32-x64\jre\21.0.7-win32-x86_64\bin\jimage.dll
0x00007ffa0e750000 - 0x00007ffa0e982000 	C:\Windows\SYSTEM32\DBGHELP.DLL
0x00007ffa12650000 - 0x00007ffa129e3000 	C:\Windows\System32\combase.dll
0x00007ffa13da0000 - 0x00007ffa13e77000 	C:\Windows\System32\OLEAUT32.dll
0x00007ffa015d0000 - 0x00007ffa01602000 	C:\Windows\SYSTEM32\dbgcore.DLL
0x00007ffa11280000 - 0x00007ffa112fb000 	C:\Windows\System32\bcryptPrimitives.dll
0x00007ff9f5e20000 - 0x00007ff9f5e2f000 	c:\Users\ysingh6\.vscode\extensions\redhat.java-1.42.0-win32-x64\jre\21.0.7-win32-x86_64\bin\instrument.dll
0x00007ff9d7840000 - 0x00007ff9d785f000 	c:\Users\ysingh6\.vscode\extensions\redhat.java-1.42.0-win32-x64\jre\21.0.7-win32-x86_64\bin\java.dll
0x00007ffa13340000 - 0x00007ffa13bdd000 	C:\Windows\System32\SHELL32.dll
0x00007ffa11b80000 - 0x00007ffa11cbf000 	C:\Windows\System32\wintypes.dll
0x00007ffa0ecb0000 - 0x00007ffa0f5cd000 	C:\Windows\SYSTEM32\windows.storage.dll
0x00007ffa12c30000 - 0x00007ffa12d3b000 	C:\Windows\System32\SHCORE.dll
0x00007ffa12bc0000 - 0x00007ffa12c26000 	C:\Windows\System32\shlwapi.dll
0x00007ffa110f0000 - 0x00007ffa1111b000 	C:\Windows\SYSTEM32\profapi.dll
0x00007ff9d6e80000 - 0x00007ff9d6e98000 	c:\Users\ysingh6\.vscode\extensions\redhat.java-1.42.0-win32-x64\jre\21.0.7-win32-x86_64\bin\zip.dll
0x00007ff9f5cc0000 - 0x00007ff9f5cd0000 	C:\Users\ysingh6\.vscode\extensions\redhat.java-1.42.0-win32-x64\jre\21.0.7-win32-x86_64\bin\net.dll
0x00007ffa0ffb0000 - 0x00007ffa100dc000 	C:\Windows\SYSTEM32\WINHTTP.dll
0x00007ffa10530000 - 0x00007ffa1059a000 	C:\Windows\system32\mswsock.dll
0x00007ff9cf380000 - 0x00007ff9cf396000 	C:\Users\ysingh6\.vscode\extensions\redhat.java-1.42.0-win32-x64\jre\21.0.7-win32-x86_64\bin\nio.dll
0x00007ff9f5720000 - 0x00007ff9f5730000 	c:\Users\ysingh6\.vscode\extensions\redhat.java-1.42.0-win32-x64\jre\21.0.7-win32-x86_64\bin\verify.dll
0x00007ff9c0d00000 - 0x00007ff9c0d45000 	C:\Users\ysingh6\AppData\Roaming\Code\User\globalStorage\redhat.java\1.42.0\config_win\org.eclipse.equinox.launcher\org.eclipse.equinox.launcher.win32.win32.x86_64_1.2.1300.v20250331-1702\eclipse_11911.dll
0x00007ffa13be0000 - 0x00007ffa13d81000 	C:\Windows\System32\ole32.dll
0x00007ffa10830000 - 0x00007ffa1084b000 	C:\Windows\SYSTEM32\CRYPTSP.dll
0x00007ffa0fef0000 - 0x00007ffa0ff27000 	C:\Windows\system32\rsaenh.dll
0x00007ffa105d0000 - 0x00007ffa105f8000 	C:\Windows\SYSTEM32\USERENV.dll
0x00007ffa10810000 - 0x00007ffa1081c000 	C:\Windows\SYSTEM32\CRYPTBASE.dll
0x00007ffa0f820000 - 0x00007ffa0f84d000 	C:\Windows\SYSTEM32\IPHLPAPI.DLL
0x00007ffa13d90000 - 0x00007ffa13d99000 	C:\Windows\System32\NSI.dll
0x00007ff9c0530000 - 0x00007ff9c0579000 	C:\Users\ysingh6\AppData\Local\Temp\jna--888502954\jna3242535114134213172.dll
0x00007ffa12070000 - 0x00007ffa12078000 	C:\Windows\System32\PSAPI.DLL
0x00007ffa06610000 - 0x00007ffa06629000 	C:\Windows\SYSTEM32\dhcpcsvc6.DLL
0x00007ffa07520000 - 0x00007ffa0753f000 	C:\Windows\SYSTEM32\dhcpcsvc.DLL
0x00007ffa0ac90000 - 0x00007ffa0ac9e000 	C:\Users\ysingh6\.vscode\extensions\redhat.java-1.42.0-win32-x64\jre\21.0.7-win32-x86_64\bin\sunmscapi.dll
0x00007ffa11800000 - 0x00007ffa11967000 	C:\Windows\System32\CRYPT32.dll
0x00007ffa10940000 - 0x00007ffa1096d000 	C:\Windows\SYSTEM32\ncrypt.dll
0x00007ffa10900000 - 0x00007ffa10937000 	C:\Windows\SYSTEM32\NTASN1.dll
0x00007ffa0f850000 - 0x00007ffa0f948000 	C:\Windows\SYSTEM32\DNSAPI.dll
0x00007ffa02150000 - 0x00007ffa0215a000 	C:\Windows\System32\rasadhlp.dll
0x00007ffa02360000 - 0x00007ffa023e3000 	C:\Windows\System32\fwpuclnt.dll
0x00007ff9f56f0000 - 0x00007ff9f56f9000 	C:\Users\ysingh6\.vscode\extensions\redhat.java-1.42.0-win32-x64\jre\21.0.7-win32-x86_64\bin\extnet.dll

dbghelp: loaded successfully - version: 4.0.5 - missing functions: none
symbol engine: initialized successfully - sym options: 0x614 - pdb path: .;c:\Users\ysingh6\.vscode\extensions\redhat.java-1.42.0-win32-x64\jre\21.0.7-win32-x86_64\bin;C:\Windows\SYSTEM32;C:\Windows\WinSxS\amd64_microsoft.windows.common-controls_6595b64144ccf1df_6.0.22621.5262_none_2712bde373830908;C:\Program Files\Avecto\Privilege Guard Client;c:\Users\ysingh6\.vscode\extensions\redhat.java-1.42.0-win32-x64\jre\21.0.7-win32-x86_64\bin\server;C:\Users\ysingh6\AppData\Roaming\Code\User\globalStorage\redhat.java\1.42.0\config_win\org.eclipse.equinox.launcher\org.eclipse.equinox.launcher.win32.win32.x86_64_1.2.1300.v20250331-1702;C:\Users\ysingh6\AppData\Local\Temp\jna--888502954

VM Arguments:
jvm_args: --add-modules=ALL-SYSTEM --add-opens=java.base/java.util=ALL-UNNAMED --add-opens=java.base/java.lang=ALL-UNNAMED --add-opens=java.base/sun.nio.fs=ALL-UNNAMED -Declipse.application=org.eclipse.jdt.ls.core.id1 -Dosgi.bundles.defaultStartLevel=4 -Declipse.product=org.eclipse.jdt.ls.core.product -Djava.import.generatesMetadataFilesAtProjectRoot=false -DDetectVMInstallationsJob.disabled=true -Dfile.encoding=utf8 -XX:+UseParallelGC -XX:GCTimeRatio=4 -XX:AdaptiveSizePolicyWeight=90 -Dsun.zip.disableMemoryMapping=true -Xmx1G -Xms100m -Xlog:disable -javaagent:c:\Users\ysingh6\.vscode\extensions\redhat.java-1.42.0-win32-x64\lombok\lombok-1.18.36.jar -XX:+HeapDumpOnOutOfMemoryError -XX:HeapDumpPath=c:\Users\ysingh6\AppData\Roaming\Code\User\workspaceStorage\9a21cd40b0bce28561c928769bbd11f8\redhat.java -Daether.dependencyCollector.impl=bf 
java_command: c:\Users\ysingh6\.vscode\extensions\redhat.java-1.42.0-win32-x64\server\plugins\org.eclipse.equinox.launcher_1.7.0.v20250424-1814.jar -configuration c:\Users\ysingh6\AppData\Roaming\Code\User\globalStorage\redhat.java\1.42.0\config_win -data c:\Users\ysingh6\AppData\Roaming\Code\User\workspaceStorage\9a21cd40b0bce28561c928769bbd11f8\redhat.java\jdt_ws --pipe=\\.\pipe\lsp-52f2b30434e4c1a99b223025032640a0-sock
java_class_path (initial): c:\Users\ysingh6\.vscode\extensions\redhat.java-1.42.0-win32-x64\server\plugins\org.eclipse.equinox.launcher_1.7.0.v20250424-1814.jar
Launcher Type: SUN_STANDARD

[Global flags]
    uintx AdaptiveSizePolicyWeight                 = 90                                        {product} {command line}
     intx CICompilerCount                          = 4                                         {product} {ergonomic}
    uintx GCTimeRatio                              = 4                                         {product} {command line}
     bool HeapDumpOnOutOfMemoryError               = true                                   {manageable} {command line}
    ccstr HeapDumpPath                             = c:\Users\ysingh6\AppData\Roaming\Code\User\workspaceStorage\9a21cd40b0bce28561c928769bbd11f8\redhat.java         {manageable} {command line}
   size_t InitialHeapSize                          = 104857600                                 {product} {command line}
   size_t MaxHeapSize                              = 1073741824                                {product} {command line}
   size_t MaxNewSize                               = 357564416                                 {product} {ergonomic}
   size_t MinHeapDeltaBytes                        = 524288                                    {product} {ergonomic}
   size_t MinHeapSize                              = 104857600                                 {product} {command line}
   size_t NewSize                                  = 34603008                                  {product} {ergonomic}
    uintx NonNMethodCodeHeapSize                   = 5839372                                {pd product} {ergonomic}
    uintx NonProfiledCodeHeapSize                  = 122909434                              {pd product} {ergonomic}
   size_t OldSize                                  = 70254592                                  {product} {ergonomic}
    uintx ProfiledCodeHeapSize                     = 122909434                              {pd product} {ergonomic}
    uintx ReservedCodeCacheSize                    = 251658240                              {pd product} {ergonomic}
     bool SegmentedCodeCache                       = true                                      {product} {ergonomic}
   size_t SoftMaxHeapSize                          = 1073741824                             {manageable} {ergonomic}
     bool UseCompressedOops                        = true                           {product lp64_product} {ergonomic}
     bool UseLargePagesIndividualAllocation        = false                                  {pd product} {ergonomic}
     bool UseParallelGC                            = true                                      {product} {command line}

Logging:
Log output configuration:
 #0: stdout all=off uptime,level,tags foldmultilines=false
 #1: stderr all=off uptime,level,tags foldmultilines=false

Environment Variables:
PATH=C:\Program Files\Common Files\Oracle\Java\javapath;C:\Windows\system32;C:\Windows;C:\Windows\System32\Wbem;C:\Windows\System32\WindowsPowerShell\v1.0\;C:\Windows\System32\OpenSSH\;C:\Program Files\dotnet\;C:\Users\ysingh6\AppData\Local\Microsoft\WindowsApps;C:\Users\ysingh6\AppData\Local\Programs\Microsoft VS Code\bin
USERNAME=ysingh6
OS=Windows_NT
PROCESSOR_IDENTIFIER=Intel64 Family 6 Model 186 Stepping 3, GenuineIntel
TMP=C:\Users\ysingh6\AppData\Local\Temp
TEMP=C:\Users\ysingh6\AppData\Local\Temp




Periodic native trim disabled

---------------  S Y S T E M  ---------------

OS:
 Windows 11 , 64 bit Build 22621 (10.0.22621.5262)
OS uptime: 8 days 0:24 hours
Hyper-V role detected

CPU: total 12 (initial active 12) (6 cores per cpu, 2 threads per core) family 6 model 186 stepping 3 microcode 0x4123, cx8, cmov, fxsr, ht, mmx, 3dnowpref, sse, sse2, sse3, ssse3, sse4.1, sse4.2, popcnt, lzcnt, tsc, tscinvbit, avx, avx2, aes, erms, clmul, bmi1, bmi2, adx, sha, fma, vzeroupper, clflush, clflushopt, clwb, hv, serialize, rdtscp, rdpid, fsrm, f16c, cet_ibt, cet_ss
Processor Information for processor 0
  Max Mhz: 1800, Current Mhz: 1800, Mhz Limit: 1800
Processor Information for processor 1
  Max Mhz: 1800, Current Mhz: 1800, Mhz Limit: 1800
Processor Information for processor 2
  Max Mhz: 1800, Current Mhz: 1800, Mhz Limit: 1800
Processor Information for processor 3
  Max Mhz: 1800, Current Mhz: 1800, Mhz Limit: 1800
Processor Information for processor 4
  Max Mhz: 1800, Current Mhz: 1523, Mhz Limit: 1800
Processor Information for processor 5
  Max Mhz: 1800, Current Mhz: 1523, Mhz Limit: 1800
Processor Information for processor 6
  Max Mhz: 1800, Current Mhz: 1523, Mhz Limit: 1800
Processor Information for processor 7
  Max Mhz: 1800, Current Mhz: 1523, Mhz Limit: 1800
Processor Information for processor 8
  Max Mhz: 1800, Current Mhz: 1800, Mhz Limit: 1800
Processor Information for processor 9
  Max Mhz: 1800, Current Mhz: 1800, Mhz Limit: 1800
Processor Information for processor 10
  Max Mhz: 1800, Current Mhz: 1800, Mhz Limit: 1800
Processor Information for processor 11
  Max Mhz: 1800, Current Mhz: 1800, Mhz Limit: 1800

Memory: 4k page, system-wide physical 16068M (2442M free)
TotalPageFile size 46261M (AvailPageFile size 88M)
current process WorkingSet (physical memory assigned to process): 727M, peak: 728M
current process commit charge ("private bytes"): 654M, peak: 654M

vm_info: OpenJDK 64-Bit Server VM (21.0.7+6-LTS) for windows-amd64 JRE (21.0.7+6-LTS), built on 2025-04-15T00:00:00Z by "admin" with MS VC++ 17.7 (VS2022)

END.
